Log file open, 02/28/15 13:26:26
LogInit:Display: Running engine for game: TheMaze2
LogInit: Version: 4.7.1-2462028+++depot+UE4-Releases+4.7
LogInit: API Version: 2455222
LogInit: Compiled (64-bit): Feb 26 2015 07:49:00
LogInit: Compiled with Visual C++: 18.00.21005.01
LogInit: Build Configuration: Development
LogInit: Branch Name: ++depot+UE4-Releases+4.7
LogInit: Command line:  
LogInit: Base directory: E:/Unreal/Epic Games/4.7/Engine/Binaries/Win64/
LogInit: Rocket: 1
[2015.02.28-12.26.26:707][  0]LogTaskGraph: Started task graph with 3 named threads and 6 total threads.
[2015.02.28-12.26.26:776][  0]LogOnline:Warning: No default platform service specified for OnlineSubsystem
[2015.02.28-12.26.26:853][  0]LogInit: Presizing for 0 objects not considered by GC, pre-allocating 0 bytes.
[2015.02.28-12.26.26:875][  0]LogInit: Object subsystem initialized
[2015.02.28-12.26.26:899][  0]LogConsoleResponse:Warning: Skipping Unknown console variable: 'UIScaleRule = ShortestSide'
[2015.02.28-12.26.26:899][  0]LogConsoleResponse:Warning:   Found in ini file 'C:/Users/Álvaro/Documents/Unreal Projects/TheMaze2/Saved/Config/Windows/Engine.ini', in section '[/Script/Engine.RendererSettings]'
[2015.02.28-12.26.26:899][  0]LogConsoleResponse:Warning: Skipping Unknown console variable: 'UIScaleCurve = (EditorCurveData=(Keys=),ExternalCurve=None)'
[2015.02.28-12.26.26:899][  0]LogConsoleResponse:Warning:   Found in ini file 'C:/Users/Álvaro/Documents/Unreal Projects/TheMaze2/Saved/Config/Windows/Engine.ini', in section '[/Script/Engine.RendererSettings]'
[2015.02.28-12.26.26:899][  0]LogConsoleManager:Warning: Console variable 'r.MSAA.CompositingSampleCount' wasn't set (Priority ProjectSetting < Scalability)
[2015.02.28-12.26.26:900][  0]LogInit: Selected Device Profile: [Windows]
[2015.02.28-12.26.26:900][  0]LogInit: Applying CVar settings loaded from the selected device profile: [Windows]
[2015.02.28-12.26.26:930][  0]LogInit: Computer: ALVARO-PC
[2015.02.28-12.26.26:930][  0]LogInit: User: Álvaro
[2015.02.28-12.26.26:930][  0]LogInit: CPU Page size=4096, Cores=4
[2015.02.28-12.26.26:930][  0]LogInit: High frequency timer resolution =2.767280 MHz
[2015.02.28-12.26.26:930][  0]LogMemory: Memory total: Physical=6.0GB (6GB approx) Virtual=131072.0GB
[2015.02.28-12.26.26:931][  0]LogMemory: Platform Memory Stats for Windows
[2015.02.28-12.26.26:931][  0]LogMemory: Process Physical Memory: 46.03 MB used, 46.03 MB peak
[2015.02.28-12.26.26:931][  0]LogMemory: Process Virtual Memory: 26.57 MB used, 26.57 MB peak
[2015.02.28-12.26.26:931][  0]LogMemory: Physical Memory: 3311.18 MB used, 6142.48 MB total
[2015.02.28-12.26.26:931][  0]LogMemory: Virtual Memory: 301.77 MB used, 134217728.00 MB total
[2015.02.28-12.26.27:214][  0]LogD3D11RHI: Found D3D11 adapter 0: NVIDIA GeForce GTX 970 (Feature Level 11_0)
[2015.02.28-12.26.27:214][  0]LogD3D11RHI: Adapter has 3906MB of dedicated video memory, 0MB of dedicated system memory, and 3071MB of shared system memory, 1 output[s]
[2015.02.28-12.26.27:218][  0]LogD3D11RHI: Found D3D11 adapter 1: Microsoft Basic Render Driver (Feature Level 11_0)
[2015.02.28-12.26.27:219][  0]LogD3D11RHI: Adapter has 0MB of dedicated video memory, 0MB of dedicated system memory, and 256MB of shared system memory, 0 output[s]
[2015.02.28-12.26.27:219][  0]LogD3D11RHI: Chosen D3D11 Adapter Id = 0
[2015.02.28-12.26.27:237][  0]LogRHI: Texture pool is 1361 MB (70% of 1945 MB)
[2015.02.28-12.26.27:257][  0]LogD3D11RHI: Async texture creation enabled
[2015.02.28-12.26.28:188][  0]LogTextLocalizationManager: The requested culture ('es_ES') has no localization data; parent culture's ('es') localization data will be used.
[2015.02.28-12.26.28:355][  0]LogContentStreaming: Texture pool size is 0.000000MB
[2015.02.28-12.26.33:768][  0]LogTargetPlatformManager:Display: Building Assets For Windows
[2015.02.28-12.26.35:059][  0]LogTargetPlatformManager:Display: Building Assets For Windows
[2015.02.28-12.26.35:183][  0]LogDerivedDataCache:Display: Max Cache Size: 512 MB
[2015.02.28-12.26.35:360][  0]LogDerivedDataCache: Loaded boot cache 0.18s 39MB C:/Users/Álvaro/AppData/Local/UnrealEngine/4.7/DerivedDataCache/Boot.ddc.
[2015.02.28-12.26.35:360][  0]LogDerivedDataCache:Display: Loaded Boot cache: C:/Users/Álvaro/AppData/Local/UnrealEngine/4.7/DerivedDataCache/Boot.ddc
[2015.02.28-12.26.35:360][  0]LogDerivedDataCache: FDerivedDataBackendGraph:  Pak pak cache file C:/Users/Álvaro/Documents/Unreal Projects/TheMaze2/DerivedDataCache/DDC.ddp not found, will not use a pak cache.
[2015.02.28-12.26.35:360][  0]LogDerivedDataCache: Unable to find inner node Pak for hierarchical cache Hierarchy.
[2015.02.28-12.26.35:537][  0]LogDerivedDataCache:Display: Pak cache opened for reading ../../../Engine/DerivedDataCache/Compressed.ddp.
[2015.02.28-12.26.35:549][  0]LogDerivedDataCache: Using Local data cache path C:/Users/Álvaro/AppData/Local/UnrealEngine/Common/DerivedDataCache: Writable
[2015.02.28-12.26.38:987][  0]LogMeshUtilities: No automatic mesh reduction module available
[2015.02.28-12.26.38:987][  0]LogMeshUtilities: No automatic mesh merging module available
[2015.02.28-12.26.39:485][  0]LogInit: WinSock: version 1.1 (2.2), MaxSocks=32767, MaxUdp=65467
[2015.02.28-12.26.39:685][  0]LogSlate:Warning: Failed to load font data from '../../../Engine/Content/Slate/Fonts/Roboto-Italic.ttf'
[2015.02.28-12.26.56:038][  0]UdpMessaging: Initializing bridge on interface 0.0.0.0:0 to multicast group 230.0.0.1:6666.
[2015.02.28-12.26.56:661][  0]SourceControl: Información El control de código fuente está desactivado
[2015.02.28-12.26.56:661][  0]SourceControl: Información El control de código fuente está desactivado
[2015.02.28-12.26.56:661][  0]SourceControl: Información El control de código fuente está desactivado
[2015.02.28-12.26.56:673][  0]SourceControl: Información El control de código fuente está desactivado
[2015.02.28-12.26.57:571][  0]LogObj: 24231 objects as part of root set at end of initial load.
[2015.02.28-12.26.57:571][  0]LogUObjectAllocator: 5136440 out of 0 bytes used by permanent object pool.
[2015.02.28-12.26.57:771][  0]LogEngine: Initializing Engine...
[2015.02.28-12.27.00:013][  0]LogInit: XAudio2 using 'Altavoces (Realtek High Definition Audio)' : 6 channels at 48 kHz using 32 bits per sample (channel mask 0x60f)
[2015.02.28-12.27.00:032][  0]LogInit: FAudioDevice initialized.
[2015.02.28-12.27.00:104][  0]LogAIModule: Creating AISystem for world NewWorld
[2015.02.28-12.27.00:131][  0]LogDerivedDataCache: Saved boot cache 0.03s 39MB C:/Users/Álvaro/AppData/Local/UnrealEngine/4.7/DerivedDataCache/Boot.ddc.
[2015.02.28-12.27.00:138][  0]LogInit: Texture streaming: Enabled
[2015.02.28-12.27.00:342][  0]LogAnalytics: Creating configured Analytics provider AnalyticsET
[2015.02.28-12.27.00:343][  0]LogAnalytics: ET APIKey = Rocket.Release. APIServer = http://et2.epicgames.com/ET2/. AppVersion = 4.7.1-2462028+++depot+UE4-Releases+4.7
[2015.02.28-12.27.00:343][  0]LogAnalytics: ET APIKey = Rocket.Release. DataRouterUploadURL = https://datarouter-public-service-gamedev.ol.epicgames.net/datarouter/api/v1/public/data. AppVersion = 4.7.1-2462028+++depot+UE4-Releases+4.7
[2015.02.28-12.27.00:343][  0]LogAnalytics: SetUserId e84ebc914ed367bec53e77a61fe585c4|0ce9cd541b394f54aee5cd06981e0e07|9b758198-c30e-447e-b804-9c106389a811
[2015.02.28-12.27.00:343][  0]LogAnalytics: AnalyticsET::StartSession [Rocket.Release]
[2015.02.28-12.27.00:422][  0]LogInit: Transaction tracking system initialized
[2015.02.28-12.27.00:980][  0]BlueprintLog: New page: Cargar el editor
[2015.02.28-12.27.01:056][  0]LogAssetRegistry: FAssetRegistry took 0.0112 seconds to start up
[2015.02.28-12.27.01:057][  0]LogDirectoryWatcher:Warning: Failed to begin reading directory changes for ../../../Engine/Plugins/Experimental/CharacterAI/Content/. Error: 0
[2015.02.28-12.27.02:614][  0]LogTargetPlatformManager:Display: Building Assets For Windows
[2015.02.28-12.27.03:269][  0]LogTargetPlatformManager:Display: Building Assets For Windows
[2015.02.28-12.27.03:874][  0]LogSlate:Warning: Failed to load font data from '../../../Engine/Content/Editor/Slate/Fonts/Roboto-Regular.ttf'
[2015.02.28-12.27.03:875][  0]LogSlate:Warning: Failed to load font data from '../../../Engine/Content/Editor/Slate/Fonts/Roboto-Bold.ttf'
[2015.02.28-12.27.03:926][  0]LogConsoleResponse:Display: 
[2015.02.28-12.27.04:668][  0]LogCook:Display: Done creating registry. It took  0.00s.
[2015.02.28-12.27.05:554][  0]SourceControl: Información El control de código fuente está desactivado
[2015.02.28-12.27.05:554][  0]Cmd: MAP LOAD FILE="C:/Users/Álvaro/Documents/Unreal Projects/TheMaze2/Content/Maps/Example_Map.umap" TEMPLATE=0 SHOWPROGRESS=1 FEATURELEVEL=3
[2015.02.28-12.27.05:555][  0]LightingResults: New page: Diseñar la iluminación
[2015.02.28-12.27.05:571][  0]MapCheck: New page: Revisión del mapa
[2015.02.28-12.27.05:571][  0]LightingResults: New page: Diseñar la iluminación
[2015.02.28-12.27.05:579][  0]LogParticles: Destroying 0 GPU particle simulations for FXSystem 0x000000CF89DA2980
[2015.02.28-12.27.06:674][  0]LogEditorServer: Finished looking for orphan Actors (0.000 secs)
[2015.02.28-12.27.06:674][  0]LogAIModule: Creating AISystem for world Example_Map
[2015.02.28-12.27.06:675][  0]Cmd: MAP CHECKDEP
[2015.02.28-12.27.06:675][  0]MapCheck: New page: Example_Map - 28/2/2015 14:27:06
[2015.02.28-12.27.06:787][  0]MapCheck: Información Map check complete: 0 Error(s), 0 Warning(s), took 111,975ms to complete.
[2015.02.28-12.27.06:787][  0]LogFileHelpers: Loading map 'Example_Map' took 1.233
[2015.02.28-12.27.06:965][  0]LogCollectionManager: Loaded 0 collections in 0.001567 seconds
[2015.02.28-12.27.06:977][  0]LogContentBrowser: Native class hierarchy populated in 0.0111 seconds. Added 1696 classes and 261 folders.
[2015.02.28-12.27.07:132][  0]LogContentBrowser: Native class hierarchy updated for 'SceneOutliner' in 0.0021 seconds. Added 1 classes and 2 folders.
[2015.02.28-12.27.07:237][  0]LogCrashTracker: Crashtracker disabled due to settings.
[2015.02.28-12.27.07:238][  0]LogSlate:Warning: Failed to load font data from 'Veranda'
[2015.02.28-12.27.07:245][  0]LogUObjectGlobals:Warning: Error al encontrar el objeto 'Class Ninguno.'
[2015.02.28-12.27.07:277][  0]LogLoad: Full Startup: 43.86 seconds (BP compile: 0.11 seconds)
[2015.02.28-12.27.07:721][  0]LogContentBrowser:Verbose: The content browser source was changed by the sources view to '/Game/Blueprints'
[2015.02.28-12.27.07:994][  2]LogRenderer:Warning: Reallocating scene render targets to support 800x656 (Frame:2).
[2015.02.28-12.27.09:628][  6]LogAssetRegistry: Asset discovery search completed in 8.5829 seconds
[2015.02.28-12.27.12:819][104]LogRenderer:Warning: Reallocating scene render targets to support 800x904 (Frame:97).
[2015.02.28-12.30.06:884][447]BlueprintLog: New page: Compilar Maze
[2015.02.28-12.30.07:414][447]LogBlueprint:Warning: [compiler] Aviso El pin ejecutivo ReturnNode no tiene conexiones en  EdGraphPin_16392 
[2015.02.28-12.30.07:747][447]LogBlueprint:Warning: [compiler] Aviso [0224,33] Compile of Maze successful, but with 1 Warning(s) [in 862 ms]
[2015.02.28-12.30.07:747][447]BlueprintEditorCompileResults:Warning: Aviso El pin ejecutivo ReturnNode no tiene conexiones en  EdGraphPin_16392 
[2015.02.28-12.30.07:747][447]BlueprintEditorCompileResults:Warning: Aviso [0224,33] Compile of Maze successful, but with 1 Warning(s) [in 862 ms]
[2015.02.28-12.31.46:343][630]BlueprintLog: New page: Compilar Maze
[2015.02.28-12.31.46:915][630]LogBlueprint:Error: [compiler] Error No se ha encontrado el PIN para el parámetro Miau de PickNearbyTile en  Pick Nearby Tile 
[2015.02.28-12.31.47:088][630]LogBlueprint:Warning: [compiler] Aviso [0323,67] Compile of Maze failed. 1 Fatal Issue(s) 0 Warning(s) [in 744 ms]
[2015.02.28-12.31.47:088][630]BlueprintEditorCompileResults:Error: Error No se ha encontrado el PIN para el parámetro Miau de PickNearbyTile en  Pick Nearby Tile 
[2015.02.28-12.31.47:088][630]BlueprintEditorCompileResults:Warning: Aviso [0323,67] Compile of Maze failed. 1 Fatal Issue(s) 0 Warning(s) [in 744 ms]
[2015.02.28-12.31.59:716][480]LogContentBrowser:Verbose: The content browser source was changed by the sources view to 'None'
[2015.02.28-12.31.59:718][480]LogContentBrowser:Verbose: The content browser source was changed by the sources view to '/Game/Blueprints'
[2015.02.28-12.32.03:618][712]LogContentBrowser:Verbose: The content browser source was changed by the sources view to 'None'
[2015.02.28-12.32.03:618][712]LogContentBrowser:Verbose: The content browser source was changed by the sources view to '/Game/Blueprints'
[2015.02.28-12.32.06:015][843]BlueprintLog: New page: Compilar Maze
[2015.02.28-12.32.06:583][843]LogBlueprint:Error: [compiler] Error No se ha encontrado el PIN para el parámetro Miau de PickNearbyTile en  Pick Nearby Tile 
[2015.02.28-12.32.06:756][843]LogBlueprint:Warning: [compiler] Aviso [0343,34] Compile of Maze failed. 1 Fatal Issue(s) 0 Warning(s) [in 740 ms]
[2015.02.28-12.32.06:756][843]BlueprintEditorCompileResults:Error: Error No se ha encontrado el PIN para el parámetro Miau de PickNearbyTile en  Pick Nearby Tile 
[2015.02.28-12.32.06:756][843]BlueprintEditorCompileResults:Warning: Aviso [0343,34] Compile of Maze failed. 1 Fatal Issue(s) 0 Warning(s) [in 740 ms]
[2015.02.28-12.33.49:784][110]BlueprintLog: New page: Compilar Maze
[2015.02.28-12.33.50:441][110]BlueprintEditorCompileResults: Información [0447,03] Compile of Maze successful! [in 656 ms]
[2015.02.28-12.33.51:620][156]Cmd: OBJ SAVEPACKAGE PACKAGE="/Game/Blueprints/Maze" FILE="C:/Users/Álvaro/Documents/Unreal Projects/TheMaze2/Content/Blueprints/Maze.uasset" SILENT=true
[2015.02.28-12.33.54:018][156]LogSavePackage: Save=2346.275146ms
[2015.02.28-12.33.54:018][156]LogSavePackage: Moving 'C:/Users/Álvaro/Documents/Unreal Projects/TheMaze2/Saved/MazeBCFF99EA4E7CB63D197A2F94C7034E96.tmp' to 'C:/Users/Álvaro/Documents/Unreal Projects/TheMaze2/Content/Blueprints/Maze.uasset'
[2015.02.28-12.33.58:573][502]LogRenderer:Warning: Reallocating scene render targets to support 1144x928 (Frame:16719).
[2015.02.28-12.34.15:344][860]Cmd: DELETE
[2015.02.28-12.34.15:344][860]Cmd: ACTOR DELETE
[2015.02.28-12.34.15:518][860]LogEditorActor: Deleted Actor: Maze_C
[2015.02.28-12.34.15:568][860]LogParticles: Destroying 0 GPU particle simulations for FXSystem 0x000000CF87C62480
[2015.02.28-12.34.15:573][860]LogEditorActor: Deleted 1 Actors (0.078 secs)
[2015.02.28-12.37.07:918][821]Cmd: OBJ SAVEPACKAGE PACKAGE="/Game/Maps/Example_Map" FILE="C:/Users/Álvaro/Documents/Unreal Projects/TheMaze2/Saved/Autosaves/Game/Maps/Example_Map_Auto1.umap" SILENT=true AUTOSAVING=true KEEPDIRTY=false
[2015.02.28-12.37.08:217][821]LogSavePackage: Save=269.189240ms
[2015.02.28-12.37.08:217][821]LogSavePackage: Moving 'C:/Users/Álvaro/Documents/Unreal Projects/TheMaze2/Saved/Example_Map_Auto115A3C6DC45F440AF2F09738D114A853B.tmp' to 'C:/Users/Álvaro/Documents/Unreal Projects/TheMaze2/Saved/Autosaves/Game/Maps/Example_Map_Auto1.umap'
[2015.02.28-12.37.08:229][821]LogFileHelpers: Editor autosave (incl. sublevels) for '/Game/Maps/Example_Map' took 0.450
[2015.02.28-12.37.08:229][821]LogFileHelpers: Editor autosave (incl. sublevels) for all levels took 0.450
[2015.02.28-12.37.08:266][821]OBJ SavePackage: Generating thumbnails for [1] asset(s) in package [/Game/Blueprints/Maze] ([1] browsable assets)...
[2015.02.28-12.37.08:290][821]OBJ SavePackage:     Rendered thumbnail for [Blueprint /Game/Blueprints/Maze.Maze]
[2015.02.28-12.37.08:290][821]OBJ SavePackage: Finished generating thumbnails for package [/Game/Blueprints/Maze]
[2015.02.28-12.37.08:292][821]Cmd: OBJ SAVEPACKAGE PACKAGE="/Game/Blueprints/Maze" FILE="C:/Users/Álvaro/Documents/Unreal Projects/TheMaze2/Saved/Autosaves/Game/Blueprints/Maze_Auto1.uasset" SILENT=false AUTOSAVING=true
[2015.02.28-12.37.10:828][821]LogSavePackage: Save=2521.391357ms
[2015.02.28-12.37.10:833][821]LogSavePackage: Moving 'C:/Users/Álvaro/Documents/Unreal Projects/TheMaze2/Saved/Maze_Auto1AA8C948D428221800811749706192767.tmp' to 'C:/Users/Álvaro/Documents/Unreal Projects/TheMaze2/Saved/Autosaves/Game/Blueprints/Maze_Auto1.uasset'
[2015.02.28-12.37.10:840][821]LogFileHelpers: Auto-saving content packages took 2.611
[2015.02.28-12.42.03:653][423]BlueprintLog: New page: Compilar Maze
[2015.02.28-12.42.04:381][423]BlueprintEditorCompileResults: Información [0940,97] Compile of Maze successful! [in 728 ms]
[2015.02.28-12.42.05:837][491]Cmd: OBJ SAVEPACKAGE PACKAGE="/Game/Blueprints/Maze" FILE="C:/Users/Álvaro/Documents/Unreal Projects/TheMaze2/Content/Blueprints/Maze.uasset" SILENT=true
[2015.02.28-12.42.08:446][491]LogSavePackage: Save=2592.166260ms
[2015.02.28-12.42.08:446][491]LogSavePackage: Moving 'C:/Users/Álvaro/Documents/Unreal Projects/TheMaze2/Saved/MazeFDCED81F478D307DC694B29FBEA3815A.tmp' to 'C:/Users/Álvaro/Documents/Unreal Projects/TheMaze2/Content/Blueprints/Maze.uasset'
[2015.02.28-12.42.46:634][183]Cmd: OBJ SAVEPACKAGE PACKAGE="/Game/Blueprints/Maze" FILE="C:/Users/Álvaro/Documents/Unreal Projects/TheMaze2/Content/Blueprints/Maze.uasset" SILENT=true
[2015.02.28-12.42.48:835][183]LogSavePackage: Save=2186.783691ms
[2015.02.28-12.42.48:835][183]LogSavePackage: Moving 'C:/Users/Álvaro/Documents/Unreal Projects/TheMaze2/Saved/MazeEA62C22B42534CE8BA2CBE8A8C81E9BD.tmp' to 'C:/Users/Álvaro/Documents/Unreal Projects/TheMaze2/Content/Blueprints/Maze.uasset'
[2015.02.28-12.47.11:639][586]LogFileHelpers: Editor autosave (incl. sublevels) for '/Game/Maps/Example_Map' took 0.052
[2015.02.28-12.47.11:678][586]OBJ SavePackage: Generating thumbnails for [1] asset(s) in package [/Game/Blueprints/Maze] ([1] browsable assets)...
[2015.02.28-12.47.11:719][586]OBJ SavePackage:     Rendered thumbnail for [Blueprint /Game/Blueprints/Maze.Maze]
[2015.02.28-12.47.11:719][586]OBJ SavePackage: Finished generating thumbnails for package [/Game/Blueprints/Maze]
[2015.02.28-12.47.11:720][586]Cmd: OBJ SAVEPACKAGE PACKAGE="/Game/Blueprints/Maze" FILE="C:/Users/Álvaro/Documents/Unreal Projects/TheMaze2/Saved/Autosaves/Game/Blueprints/Maze_Auto2.uasset" SILENT=false AUTOSAVING=true
[2015.02.28-12.47.14:509][586]LogSavePackage: Save=2772.759521ms
[2015.02.28-12.47.14:509][586]LogSavePackage: Moving 'C:/Users/Álvaro/Documents/Unreal Projects/TheMaze2/Saved/Maze_Auto2F6BD4F5246EAF306229B61AC09233996.tmp' to 'C:/Users/Álvaro/Documents/Unreal Projects/TheMaze2/Saved/Autosaves/Game/Blueprints/Maze_Auto2.uasset'
[2015.02.28-12.47.14:517][586]LogFileHelpers: Auto-saving content packages took 2.878
[2015.02.28-12.58.56:058][740]LogParticles: Destroying 0 GPU particle simulations for FXSystem 0x000000CF974DAA20
[2015.02.28-12.58.57:497][740]Cmd: OBJ SAVEPACKAGE PACKAGE="/Game/Blueprints/Maze" FILE="C:/Users/Álvaro/Documents/Unreal Projects/TheMaze2/Content/Blueprints/Maze.uasset" SILENT=true
[2015.02.28-12.58.59:714][740]LogSavePackage: Save=2198.601807ms
[2015.02.28-12.58.59:714][740]LogSavePackage: Moving 'C:/Users/Álvaro/Documents/Unreal Projects/TheMaze2/Saved/Maze03843A824895F3EF1BD5BA8C27DAFF21.tmp' to 'C:/Users/Álvaro/Documents/Unreal Projects/TheMaze2/Content/Blueprints/Maze.uasset'
[2015.02.28-12.58.59:849][740]Cmd: OBJ SAVEPACKAGE PACKAGE="/Game/Maps/Example_Map" FILE="C:/Users/Álvaro/Documents/Unreal Projects/TheMaze2/Content/Maps/Example_Map.umap" SILENT=true AUTOSAVING=false KEEPDIRTY=false
[2015.02.28-12.59.00:111][740]LogSavePackage: Save=206.655640ms
[2015.02.28-12.59.00:111][740]LogSavePackage: Moving 'C:/Users/Álvaro/Documents/Unreal Projects/TheMaze2/Saved/Example_MapF2E3E5634A5C1C83F2E7DA944CC42ED0.tmp' to 'C:/Users/Álvaro/Documents/Unreal Projects/TheMaze2/Content/Maps/Example_Map.umap'
[2015.02.28-12.59.00:136][740]LogFileHelpers: Saving map 'Example_Map' took 0.415
[2015.02.28-12.59.00:945][741]Cmd: QUIT_EDITOR
[2015.02.28-12.59.01:479][741]LogExit: Preparing to exit.
[2015.02.28-12.59.02:773][741]LogExit: Editor shut down
[2015.02.28-12.59.02:774][741]LogExit: Transaction tracking system shut down
[2015.02.28-12.59.02:775][741]LogParticles: Destroying 0 GPU particle simulations for FXSystem 0x000000CF811B58A0
[2015.02.28-12.59.02:776][741]LogParticles: Destroying 0 GPU particle simulations for FXSystem 0x000000CF8BC880E0
[2015.02.28-12.59.02:778][741]LogParticles: Destroying 0 GPU particle simulations for FXSystem 0x000000CF92EF1F80
[2015.02.28-12.59.03:792][741]LogExit: Object subsystem successfully closed.
[2015.02.28-12.59.04:162][741]LogModuleManager: Shutting down and abandoning module CrashTracker (177)
[2015.02.28-12.59.04:170][741]LogModuleManager: Shutting down and abandoning module SuperSearch (176)
[2015.02.28-12.59.04:170][741]LogModuleManager: Shutting down and abandoning module SceneOutliner (175)
[2015.02.28-12.59.04:170][741]LogModuleManager: Shutting down and abandoning module EditorWidgets (174)
[2015.02.28-12.59.04:170][741]LogModuleManager: Shutting down and abandoning module CollectionManager (173)
[2015.02.28-12.59.04:170][741]LogModuleManager: Shutting down and abandoning module StatsViewer (172)
[2015.02.28-12.59.04:188][741]LogModuleManager: Shutting down and abandoning module FoliageEdit (171)
[2015.02.28-12.59.04:188][741]LogModuleManager: Shutting down and abandoning module LandscapeEditor (170)
[2015.02.28-12.59.04:214][741]LogModuleManager: Shutting down and abandoning module MeshPaint (169)
[2015.02.28-12.59.04:229][741]LogModuleManager: Shutting down and abandoning module ActorPickerMode (168)
[2015.02.28-12.59.04:229][741]LogModuleManager: Shutting down and abandoning module GeometryMode (167)
[2015.02.28-12.59.04:229][741]LogModuleManager: Shutting down and abandoning module TextureAlignMode (166)
[2015.02.28-12.59.04:229][741]LogModuleManager: Shutting down and abandoning module BspMode (165)
[2015.02.28-12.59.04:229][741]LogModuleManager: Shutting down and abandoning module PlacementMode (164)
[2015.02.28-12.59.04:229][741]LogModuleManager: Shutting down and abandoning module AutomationWorker (163)
[2015.02.28-12.59.04:229][741]LogModuleManager: Shutting down and abandoning module CharacterAI (162)
[2015.02.28-12.59.04:229][741]LogModuleManager: Shutting down and abandoning module SmartSnapping (161)
[2015.02.28-12.59.04:229][741]LogModuleManager: Shutting down and abandoning module ViewportSnapping (160)
[2015.02.28-12.59.04:230][741]LogModuleManager: Shutting down and abandoning module LogVisualizer (159)
[2015.02.28-12.59.04:260][741]LogModuleManager: Shutting down and abandoning module GameProjectGeneration (158)
[2015.02.28-12.59.04:260][741]LogModuleManager: Shutting down and abandoning module IntroTutorials (157)
[2015.02.28-12.59.04:301][741]LogModuleManager: Shutting down and abandoning module EditorLiveStreaming (156)
[2015.02.28-12.59.04:301][741]LogModuleManager: Shutting down and abandoning module HardwareTargeting (155)
[2015.02.28-12.59.04:301][741]LogModuleManager: Shutting down and abandoning module DeviceProfileEditor (154)
[2015.02.28-12.59.04:301][741]LogModuleManager: Shutting down and abandoning module UndoHistory (153)
[2015.02.28-12.59.04:301][741]LogModuleManager: Shutting down and abandoning module GameplayTagsEditor (152)
[2015.02.28-12.59.04:301][741]LogModuleManager: Shutting down and abandoning module UserFeedback (151)
[2015.02.28-12.59.04:301][741]LogModuleManager: Shutting down and abandoning module XmlParser (150)
[2015.02.28-12.59.04:301][741]LogModuleManager: Shutting down and abandoning module Blutility (149)
[2015.02.28-12.59.04:301][741]LogModuleManager: Shutting down and abandoning module IOSPlatformEditor (148)
[2015.02.28-12.59.04:301][741]LogModuleManager: Shutting down and abandoning module IOSRuntimeSettings (147)
[2015.02.28-12.59.04:301][741]LogModuleManager: Shutting down and abandoning module AndroidDeviceDetection (146)
[2015.02.28-12.59.04:856][741]LogModuleManager: Shutting down and abandoning module AndroidPlatformEditor (145)
[2015.02.28-12.59.04:856][741]LogModuleManager: Shutting down and abandoning module AndroidRuntimeSettings (144)
[2015.02.28-12.59.04:856][741]LogModuleManager: Shutting down and abandoning module ProjectTargetPlatformEditor (143)
[2015.02.28-12.59.04:856][741]LogModuleManager: Shutting down and abandoning module ProjectSettingsViewer (142)
[2015.02.28-12.59.04:856][741]LogModuleManager: Shutting down and abandoning module InputBindingEditor (141)
[2015.02.28-12.59.04:869][741]LogModuleManager: Shutting down and abandoning module EditorSettingsViewer (140)
[2015.02.28-12.59.04:869][741]LogModuleManager: Shutting down and abandoning module SettingsEditor (139)
[2015.02.28-12.59.04:869][741]LogModuleManager: Shutting down and abandoning module ProjectLauncher (138)
[2015.02.28-12.59.04:887][741]LogModuleManager: Shutting down and abandoning module SessionFrontend (137)
[2015.02.28-12.59.04:887][741]LogModuleManager: Shutting down and abandoning module ProfilerClient (136)
[2015.02.28-12.59.04:887][741]LogModuleManager: Shutting down and abandoning module TargetDeviceServices (135)
[2015.02.28-12.59.04:887][741]LogModuleManager: Shutting down and abandoning module DeviceManager (134)
[2015.02.28-12.59.04:887][741]LogModuleManager: Shutting down and abandoning module AutomationController (133)
[2015.02.28-12.59.04:887][741]LogModuleManager: Shutting down and abandoning module AutomationWindow (132)
[2015.02.28-12.59.04:887][741]LogModuleManager: Shutting down and abandoning module Layers (131)
[2015.02.28-12.59.04:887][741]LogModuleManager: Shutting down and abandoning module ComponentVisualizers (130)
[2015.02.28-12.59.04:887][741]LogModuleManager: Shutting down and abandoning module DetailCustomizations (129)
[2015.02.28-12.59.04:901][741]LogModuleManager: Shutting down and abandoning module PackagesDialog (128)
[2015.02.28-12.59.04:901][741]LogModuleManager: Shutting down and abandoning module AssetRegistry (127)
[2015.02.28-12.59.05:018][741]LogModuleManager: Shutting down and abandoning module Persona (126)
[2015.02.28-12.59.05:018][741]LogModuleManager: Shutting down and abandoning module SlateReflector (125)
[2015.02.28-12.59.05:018][741]LogModuleManager: Shutting down and abandoning module LevelEditor (124)
[2015.02.28-12.59.05:019][741]LogModuleManager: Shutting down and abandoning module Kismet (123)
[2015.02.28-12.59.05:019][741]LogModuleManager: Shutting down and abandoning module GraphEditor (122)
[2015.02.28-12.59.05:019][741]LogModuleManager: Shutting down and abandoning module ClassViewer (121)
[2015.02.28-12.59.05:019][741]LogModuleManager: Shutting down and abandoning module Toolbox (120)
[2015.02.28-12.59.05:019][741]LogModuleManager: Shutting down and abandoning module ModuleUI (119)
[2015.02.28-12.59.05:019][741]LogModuleManager: Shutting down and abandoning module MovieSceneTools (118)
[2015.02.28-12.59.05:056][741]LogModuleManager: Shutting down and abandoning module OutputLog (117)
[2015.02.28-12.59.05:056][741]LogModuleManager: Shutting down and abandoning module GammaUI (116)
[2015.02.28-12.59.05:056][741]LogModuleManager: Shutting down and abandoning module Documentation (115)
[2015.02.28-12.59.05:056][741]LogModuleManager: Shutting down and abandoning module GameLiveStreaming (114)
[2015.02.28-12.59.05:056][741]LogModuleManager: Shutting down and abandoning module StreamingPauseRendering (113)
[2015.02.28-12.59.05:056][741]LogModuleManager: Shutting down and abandoning module HTTP (112)
[2015.02.28-12.59.05:056][741]LogModuleManager: Shutting down and abandoning module AnalyticsET (111)
[2015.02.28-12.59.05:056][741]LogModuleManager: Shutting down and abandoning module Analytics (110)
[2015.02.28-12.59.05:056][741]LogModuleManager: Shutting down and abandoning module AITestSuite (109)
[2015.02.28-12.59.05:056][741]LogModuleManager: Shutting down and abandoning module GameplayDebugger (108)
[2015.02.28-12.59.05:066][741]LogModuleManager: Shutting down and abandoning module AIModule (107)
[2015.02.28-12.59.05:100][741]LogModuleManager: Shutting down and abandoning module ProfilerService (106)
[2015.02.28-12.59.05:293][741]LogModuleManager: Shutting down and abandoning module TaskGraph (105)
[2015.02.28-12.59.05:293][741]LogModuleManager: Shutting down and abandoning module SlateRemote (104)
[2015.02.28-12.59.05:293][741]LogModuleManager: Shutting down and abandoning module ScriptEditorPlugin (103)
[2015.02.28-12.59.05:293][741]LogModuleManager: Shutting down and abandoning module CustomMeshComponent (102)
[2015.02.28-12.59.05:293][741]LogModuleManager: Shutting down and abandoning module CableComponent (101)
[2015.02.28-12.59.05:293][741]LogModuleManager: Shutting down and abandoning module MessagingDebugger (100)
[2015.02.28-12.59.05:293][741]LogModuleManager: Shutting down and abandoning module MediaPlayerEditor (99)
[2015.02.28-12.59.05:293][741]LogModuleManager: Shutting down and abandoning module SpeedTreeImporter (98)
[2015.02.28-12.59.05:293][741]LogModuleManager: Shutting down and abandoning module PluginsEditor (97)
[2015.02.28-12.59.05:293][741]LogModuleManager: Shutting down and abandoning module MainFrame (96)
[2015.02.28-12.59.05:293][741]LogModuleManager: Shutting down and abandoning module EpicSurvey (95)
[2015.02.28-12.59.05:293][741]LogModuleManager: Shutting down and abandoning module DesktopPlatform (94)
[2015.02.28-12.59.05:322][741]LogModuleManager: Shutting down and abandoning module DirectoryWatcher (93)
[2015.02.28-12.59.05:322][741]LogModuleManager: Shutting down and abandoning module HotReload (92)
[2015.02.28-12.59.05:323][741]LogModuleManager: Shutting down and abandoning module VisualStudioSourceCodeAccess (91)
[2015.02.28-12.59.05:323][741]LogModuleManager: Shutting down and abandoning module UObjectPlugin (90)
[2015.02.28-12.59.05:323][741]LogModuleManager: Shutting down and abandoning module SubversionSourceControl (89)
[2015.02.28-12.59.05:323][741]LogModuleManager: Shutting down and abandoning module PerforceSourceControl (88)
[2015.02.28-12.59.05:323][741]LogModuleManager: Shutting down and abandoning module SourceControl (87)
[2015.02.28-12.59.05:346][741]LogModuleManager: Shutting down and abandoning module GitSourceControl (86)
[2015.02.28-12.59.05:346][741]LogModuleManager: Shutting down and abandoning module BlankPlugin (85)
[2015.02.28-12.59.05:346][741]LogModuleManager: Shutting down and abandoning module PaperTiledImporter (84)
[2015.02.28-12.59.05:346][741]LogModuleManager: Shutting down and abandoning module PaperJsonImporter (83)
[2015.02.28-12.59.05:346][741]LogModuleManager: Shutting down and abandoning module ContentBrowser (82)
[2015.02.28-12.59.05:347][741]LogModuleManager: Shutting down and abandoning module Paper2DEditor (81)
[2015.02.28-12.59.05:347][741]LogModuleManager: Shutting down and abandoning module ScriptPlugin (80)
[2015.02.28-12.59.05:347][741]LogModuleManager: Shutting down and abandoning module UdpMessaging (79)
[2015.02.28-12.59.05:448][741]LogModuleManager: Shutting down and abandoning module Paper2D (78)
[2015.02.28-12.59.05:448][741]LogModuleManager: Shutting down and abandoning module WindowsMoviePlayer (77)
[2015.02.28-12.59.05:452][741]LogModuleManager: Shutting down and abandoning module Media (76)
[2015.02.28-12.59.05:452][741]LogModuleManager: Shutting down and abandoning module WmfMedia (75)
[2015.02.28-12.59.05:452][741]LogModuleManager: Shutting down and abandoning module OnlineBlueprintSupport (74)
[2015.02.28-12.59.05:453][741]LogModuleManager: Shutting down and abandoning module PropertyEditor (73)
[2015.02.28-12.59.05:453][741]LogModuleManager: Shutting down and abandoning module BehaviorTreeEditor (72)
[2015.02.28-12.59.05:477][741]LogModuleManager: Shutting down and abandoning module FunctionalTesting (71)
[2015.02.28-12.59.05:485][741]LogModuleManager: Shutting down and abandoning module CollisionAnalyzer (70)
[2015.02.28-12.59.05:490][741]LogModuleManager: Shutting down and abandoning module WorkspaceMenuStructure (69)
[2015.02.28-12.59.05:490][741]LogModuleManager: Shutting down and abandoning module MessageLog (68)
[2015.02.28-12.59.05:490][741]LogModuleManager: Shutting down and abandoning module Sequencer (67)
[2015.02.28-12.59.05:542][741]LogModuleManager: Shutting down and abandoning module AssetTools (66)
[2015.02.28-12.59.05:568][741]LogModuleManager: Shutting down and abandoning module UMGEditor (65)
[2015.02.28-12.59.05:585][741]LogModuleManager: Shutting down and abandoning module UMG (64)
[2015.02.28-12.59.05:600][741]LogModuleManager: Shutting down and abandoning module Slate (63)
[2015.02.28-12.59.05:600][741]LogModuleManager: Shutting down and abandoning module EditorStyle (62)
[2015.02.28-12.59.05:608][741]LogModuleManager: Shutting down and abandoning module SessionServices (61)
[2015.02.28-12.59.05:608][741]LogModuleManager: Shutting down and abandoning module SourceCodeAccess (60)
[2015.02.28-12.59.05:609][741]LogModuleManager: Shutting down and abandoning module HeadMountedDisplay (59)
[2015.02.28-12.59.05:609][741]LogModuleManager: Shutting down and abandoning module XAudio2 (58)
[2015.02.28-12.59.05:609][741]LogModuleManager: Shutting down and abandoning module Networking (56)
[2015.02.28-12.59.05:609][741]LogModuleManager: Shutting down and abandoning module Core (55)
[2015.02.28-12.59.05:609][741]LogModuleManager: Shutting down and abandoning module KismetCompiler (54)
[2015.02.28-12.59.05:609][741]LogModuleManager: Shutting down and abandoning module PhysXFormats (53)
[2015.02.28-12.59.05:609][741]LogModuleManager: Shutting down and abandoning module MeshUtilities (52)
[2015.02.28-12.59.05:636][741]LogModuleManager: Shutting down and abandoning module DerivedDataCache (51)
[2015.02.28-12.59.05:747][741]LogDerivedDataCache: Shutdown
[2015.02.28-12.59.05:747][741]LogModuleManager: Shutting down and abandoning module ShaderFormatOpenGL (50)
[2015.02.28-12.59.05:761][741]LogModuleManager: Shutting down and abandoning module ShaderFormatD3D (49)
[2015.02.28-12.59.05:771][741]LogModuleManager: Shutting down and abandoning module MetalShaderFormat (48)
[2015.02.28-12.59.05:779][741]LogModuleManager: Shutting down and abandoning module TextureFormatUncompressed (47)
[2015.02.28-12.59.05:779][741]LogModuleManager: Shutting down and abandoning module TextureFormatPVR (46)
[2015.02.28-12.59.05:791][741]LogModuleManager: Shutting down and abandoning module TextureFormatIntelISPCTexComp (45)
[2015.02.28-12.59.05:798][741]LogModuleManager: Shutting down and abandoning module TextureFormatDXT (44)
[2015.02.28-12.59.05:808][741]LogModuleManager: Shutting down and abandoning module ImageWrapper (43)
[2015.02.28-12.59.05:809][741]LogModuleManager: Shutting down and abandoning module TextureFormatASTC (42)
[2015.02.28-12.59.05:820][741]LogModuleManager: Shutting down and abandoning module TextureFormatAndroid (41)
[2015.02.28-12.59.05:820][741]LogModuleManager: Shutting down and abandoning module AudioFormatOpus (40)
[2015.02.28-12.59.05:834][741]LogModuleManager: Shutting down and abandoning module AudioFormatOgg (39)
[2015.02.28-12.59.05:834][741]LogModuleManager: Shutting down and abandoning module AudioFormatADPCM (38)
[2015.02.28-12.59.05:835][741]LogModuleManager: Shutting down and abandoning module LinuxTargetPlatform (37)
[2015.02.28-12.59.05:835][741]LogModuleManager: Shutting down and abandoning module LinuxServerTargetPlatform (36)
[2015.02.28-12.59.05:850][741]LogModuleManager: Shutting down and abandoning module LinuxNoEditorTargetPlatform (35)
[2015.02.28-12.59.05:867][741]LogModuleManager: Shutting down and abandoning module Messaging (34)
[2015.02.28-12.59.05:867][741]LogModuleManager: Shutting down and abandoning module IOSTargetPlatform (33)
[2015.02.28-12.59.05:867][741]LogModuleManager: Shutting down and abandoning module HTML5TargetPlatform (32)
[2015.02.28-12.59.05:867][741]LogModuleManager: Shutting down and abandoning module Android_PVRTCTargetPlatform (31)
[2015.02.28-12.59.05:867][741]LogModuleManager: Shutting down and abandoning module Android_ETC2TargetPlatform (30)
[2015.02.28-12.59.05:867][741]LogModuleManager: Shutting down and abandoning module Android_ETC1TargetPlatform (29)
[2015.02.28-12.59.05:867][741]LogModuleManager: Shutting down and abandoning module Android_ES31TargetPlatform (28)
[2015.02.28-12.59.05:867][741]LogModuleManager: Shutting down and abandoning module Android_DXTTargetPlatform (27)
[2015.02.28-12.59.05:867][741]LogModuleManager: Shutting down and abandoning module Android_ATCTargetPlatform (26)
[2015.02.28-12.59.05:867][741]LogModuleManager: Shutting down and abandoning module AndroidTargetPlatform (25)
[2015.02.28-12.59.05:868][741]LogModuleManager: Shutting down and abandoning module WindowsTargetPlatform (24)
[2015.02.28-12.59.05:868][741]LogModuleManager: Shutting down and abandoning module WindowsServerTargetPlatform (23)
[2015.02.28-12.59.05:868][741]LogModuleManager: Shutting down and abandoning module WindowsNoEditorTargetPlatform (22)
[2015.02.28-12.59.05:868][741]LogModuleManager: Shutting down and abandoning module WindowsClientTargetPlatform (21)
[2015.02.28-12.59.05:868][741]LogModuleManager: Shutting down and abandoning module TargetPlatform (20)
[2015.02.28-12.59.05:868][741]LogModuleManager: Shutting down and abandoning module InputCore (19)
[2015.02.28-12.59.05:868][741]LogModuleManager: Shutting down and abandoning module Settings (18)
[2015.02.28-12.59.05:868][741]LogModuleManager: Shutting down and abandoning module OnlineSubsystem (16)
[2015.02.28-12.59.05:868][741]LogModuleManager: Shutting down and abandoning module OculusRift (15)
[2015.02.28-12.59.05:868][741]LogModuleManager: Shutting down and abandoning module ExampleDeviceProfileSelector (14)
[2015.02.28-12.59.05:868][741]LogModuleManager: Shutting down and abandoning module TextureCompressor (13)
[2015.02.28-12.59.05:877][741]LogModuleManager: Shutting down and abandoning module ShaderCore (12)
[2015.02.28-12.59.05:877][741]LogModuleManager: Shutting down and abandoning module Landscape (11)
[2015.02.28-12.59.05:877][741]LogModuleManager: Shutting down and abandoning module SlateRHIRenderer (10)
[2015.02.28-12.59.05:914][741]LogModuleManager: Shutting down and abandoning module OpenGLDrv (9)
[2015.02.28-12.59.05:914][741]LogModuleManager: Shutting down and abandoning module D3D11RHI (8)
[2015.02.28-12.59.05:914][741]LogModuleManager: Shutting down and abandoning module Renderer (7)
[2015.02.28-12.59.05:914][741]LogModuleManager: Shutting down and abandoning module Engine (6)
[2015.02.28-12.59.05:914][741]LogModuleManager: Shutting down and abandoning module CoreUObject (5)
[2015.02.28-12.59.05:914][741]LogModuleManager: Shutting down and abandoning module NetworkFile (4)
[2015.02.28-12.59.05:933][741]LogModuleManager: Shutting down and abandoning module StreamingFile (3)
[2015.02.28-12.59.05:944][741]LogModuleManager: Shutting down and abandoning module SandboxFile (2)
[2015.02.28-12.59.05:958][741]LogModuleManager: Shutting down and abandoning module PakFile (1)
[2015.02.28-12.59.05:975][741]LogExit: Exiting.
[2015.02.28-12.59.05:992][741]Log file closed, 02/28/15 13:59:05
