Log file open, 02/25/15 20:40:12
LogInit:Display: Running engine for game: TheMaze
LogInit: Version: 4.6.1-2386410+++depot+UE4-Releases+4.6
LogInit: API Version: 2369412
LogInit: Compiled (64-bit): Dec 11 2014 21:31:39
LogInit: Compiled with Visual C++: 18.00.21005.01
LogInit: Build Configuration: Development
LogInit: Branch Name: ++depot+UE4-Releases+4.6
LogInit: Command line: 
LogInit: Base directory: E:/Unreal/Epic Games/4.6/Engine/Binaries/Win64/
LogInit: Rocket: 1
[2015.02.25-19.40.12:635][  0]LogTaskGraph: Started task graph with 3 named threads and 6 total threads.
[2015.02.25-19.40.12:691][  0]LogOnline:Warning: No default platform service specified for OnlineSubsystem
[2015.02.25-19.40.13:007][  0]LogInit: Presizing for 0 objects not considered by GC, pre-allocating 0 bytes.
[2015.02.25-19.40.13:017][  0]LogInit: Object subsystem initialized
[2015.02.25-19.40.13:022][  0]LogInit: Selected Device Profile: [Windows]
[2015.02.25-19.40.13:022][  0]LogInit: Applying CVar settings loaded from the selected device profile: [Windows]
[2015.02.25-19.40.13:063][  0]LogInit: Computer: ALVARO-PC
[2015.02.25-19.40.13:063][  0]LogInit: User: Álvaro
[2015.02.25-19.40.13:063][  0]LogInit: CPU Page size=4096, Cores=4
[2015.02.25-19.40.13:063][  0]LogInit: High frequency timer resolution =2.767280 MHz
[2015.02.25-19.40.13:063][  0]LogMemory: Memory total: Physical=6.0GB (6GB approx) Virtual=131072.0GB
[2015.02.25-19.40.13:063][  0]LogMemory: Platform Memory Stats for Windows
[2015.02.25-19.40.13:063][  0]LogMemory: Process Physical Memory: 45.82 MB used, 45.82 MB peak
[2015.02.25-19.40.13:063][  0]LogMemory: Process Virtual Memory: 21.39 MB used, 23.68 MB peak
[2015.02.25-19.40.13:063][  0]LogMemory: Physical Memory: 3378.26 MB used, 6142.48 MB total
[2015.02.25-19.40.13:063][  0]LogMemory: Virtual Memory: 285.08 MB used, 134217728.00 MB total
[2015.02.25-19.40.13:125][  0]LogD3D11RHI: Found D3D11 adapter 0: NVIDIA GeForce GTX 970 (Feature Level 11_0)
[2015.02.25-19.40.13:125][  0]LogD3D11RHI: Adapter has 3906MB of dedicated video memory, 0MB of dedicated system memory, and 3071MB of shared system memory, 1 output[s]
[2015.02.25-19.40.13:128][  0]LogD3D11RHI: Found D3D11 adapter 1: Microsoft Basic Render Driver (Feature Level 11_0)
[2015.02.25-19.40.13:128][  0]LogD3D11RHI: Adapter has 0MB of dedicated video memory, 0MB of dedicated system memory, and 256MB of shared system memory, 0 output[s]
[2015.02.25-19.40.13:128][  0]LogD3D11RHI: Chosen D3D11 Adapter Id = 0
[2015.02.25-19.40.13:133][  0]LogRHI: Texture pool is 1361 MB (70% of 1945 MB)
[2015.02.25-19.40.13:153][  0]LogD3D11RHI: Async texture creation enabled
[2015.02.25-19.40.14:201][  0]LogTextLocalizationManager: The requested culture ('en') has no localization data; parent culture's ('es') localization data will be used.
[2015.02.25-19.40.14:622][  0]LogContentStreaming: Texture pool size is 0.000000MB
[2015.02.25-19.40.26:299][  0]LogTargetPlatformManager:Display: Building Assets For Windows
[2015.02.25-19.40.27:183][  0]LogTargetPlatformManager:Display: Building Assets For Windows
[2015.02.25-19.40.27:339][  0]LogDerivedDataCache:Display: Max Cache Size: 512 MB
[2015.02.25-19.40.27:524][  0]LogDerivedDataCache: Loaded boot cache 0.18s 39MB C:/Users/Álvaro/AppData/Local/UnrealEngine/4.6/DerivedDataCache/Boot.ddc.
[2015.02.25-19.40.27:524][  0]LogDerivedDataCache:Display: Loaded Boot cache: C:/Users/Álvaro/AppData/Local/UnrealEngine/4.6/DerivedDataCache/Boot.ddc
[2015.02.25-19.40.27:524][  0]LogDerivedDataCache: FDerivedDataBackendGraph:  Pak pak cache file C:/Users/Álvaro/Documents/Unreal Projects/TheMaze/DerivedDataCache/DDC.ddp not found, will not use a pak cache.
[2015.02.25-19.40.27:525][  0]LogDerivedDataCache: Unable to find inner node Pak for hierarchical cache Hierarchy.
[2015.02.25-19.40.27:609][  0]LogDerivedDataCache:Display: Pak cache opened for reading ../../../Engine/DerivedDataCache/DDC.ddp.
[2015.02.25-19.40.27:622][  0]LogDerivedDataCache: Using Local data cache path C:/Users/Álvaro/AppData/Local/UnrealEngine/Common/DerivedDataCache: Writable
[2015.02.25-19.40.31:113][  0]LogCollisionProfile:Warning: Profile (UI) - Custom Channel Name = 'Weapon' hasn't been found
[2015.02.25-19.40.31:337][  0]LogMeshUtilities: No automatic mesh reduction module available
[2015.02.25-19.40.31:337][  0]LogMeshUtilities: No automatic mesh merging module available
[2015.02.25-19.40.31:969][  0]LogInit: WinSock: version 1.1 (2.2), MaxSocks=32767, MaxUdp=65467
[2015.02.25-19.40.32:117][  0]LogSlate:Warning: Failed to load font data from '../../../Engine/Content/Slate/Fonts/Roboto-Italic.ttf'
[2015.02.25-19.40.51:364][  0]UdpMessaging: Initializing bridge on interface 0.0.0.0:0 to multicast group 230.0.0.1:6666.
[2015.02.25-19.40.53:050][  0]LogDirectoryWatcher:Warning: Failed to begin reading directory changes for C:/Users/Álvaro/Documents/Unreal Projects/TheMaze/Binaries/Win64. Error: 0
[2015.02.25-19.40.53:466][  0]SourceControl: Info Source control is disabled
[2015.02.25-19.40.53:466][  0]SourceControl: Info Source control is disabled
[2015.02.25-19.40.53:480][  0]SourceControl: Info Source control is disabled
[2015.02.25-19.40.54:296][  0]LogObj: 23754 objects as part of root set at end of initial load.
[2015.02.25-19.40.54:296][  0]LogUObjectAllocator: 5168128 out of 0 bytes used by permanent object pool.
[2015.02.25-19.40.54:626][  0]LogEngine: Initializing Engine...
[2015.02.25-19.40.54:823][  0]LogInit: XAudio2 using 'Altavoces (Realtek High Definition Audio)' : 6 channels at 48 kHz using 32 bits per sample (channel mask 0x60f)
[2015.02.25-19.40.54:851][  0]LogInit: FAudioDevice initialized.
[2015.02.25-19.40.55:000][  0]LogAIModule: Creating AISystem for world NewWorld
[2015.02.25-19.40.55:031][  0]LogDerivedDataCache: Saved boot cache 0.03s 39MB C:/Users/Álvaro/AppData/Local/UnrealEngine/4.6/DerivedDataCache/Boot.ddc.
[2015.02.25-19.40.55:038][  0]LogInit: Texture streaming: Enabled
[2015.02.25-19.40.55:215][  0]LogAnalytics: Creating configured Analytics provider AnalyticsET
[2015.02.25-19.40.55:215][  0]LogAnalytics: ET APIKey = Rocket.Release. APIServer = http://et2.epicgames.com/ET2/. AppVersion = 4.6.1-2386410+++depot+UE4-Releases+4.6
[2015.02.25-19.40.55:219][  0]LogAnalytics: SetUserId 3d164a35ac48c160a218d41af33cfb9d
[2015.02.25-19.40.55:219][  0]LogAnalytics: AnalyticsET::StartSession [Rocket.Release]
[2015.02.25-19.40.55:364][  0]LogInit: Transaction tracking system initialized
[2015.02.25-19.40.55:872][  0]BlueprintLog: New page: Editor Load
[2015.02.25-19.40.56:186][  0]LogAssetRegistry: FAssetRegistry took 0.0104 seconds to start up
[2015.02.25-19.40.56:187][  0]LogDirectoryWatcher:Warning: Failed to begin reading directory changes for ../../../Engine/Plugins/Experimental/CharacterAI/Content/. Error: 0
[2015.02.25-19.40.57:714][  0]LogTargetPlatformManager:Display: Building Assets For Windows
[2015.02.25-19.40.58:281][  0]LogTargetPlatformManager:Display: Building Assets For Windows
[2015.02.25-19.41.01:732][  0]LogConsoleResponse:Display: 
[2015.02.25-19.41.01:901][  0]LogLinker:Warning: Asset '../../../Engine/Content/Functions/Engine_MaterialFunctions03/Procedurals/ComputeFilterWidth.uasset' has been saved with empty engine version. The asset will be loaded but may be incompatible.
[2015.02.25-19.41.02:995][  0]SourceControl: Info Source control is disabled
[2015.02.25-19.41.02:995][  0]Cmd: MAP LOAD FILE="C:/Users/Álvaro/Documents/Unreal Projects/TheMaze/Content/Maps/Example_Map.umap" TEMPLATE=0 SHOWPROGRESS=1
[2015.02.25-19.41.02:995][  0]LightingResults: New page: Lighting Build
[2015.02.25-19.41.03:007][  0]MapCheck: New page: Map Check
[2015.02.25-19.41.03:007][  0]LightingResults: New page: Lighting Build
[2015.02.25-19.41.03:015][  0]LogParticles: Destroying 0 GPU particle simulations for FXSystem 0x000000816B3FD580
[2015.02.25-19.41.04:555][  0]LogEditorServer: Finished looking for orphan Actors (0.000 secs)
[2015.02.25-19.41.04:555][  0]LogAIModule: Creating AISystem for world Example_Map
[2015.02.25-19.41.04:686][  0]Cmd: MAP CHECKDEP
[2015.02.25-19.41.04:686][  0]MapCheck: New page: Example_Map - Feb 25, 2015, 9:41:04 PM
[2015.02.25-19.41.04:798][  0]MapCheck: Info Map check complete: 0 Error(s), 0 Warning(s), took 111.854ms to complete.
[2015.02.25-19.41.04:798][  0]LogFileHelpers: Loading map 'Example_Map' took 1.803
[2015.02.25-19.41.09:174][  0]LogCollectionManager: Loaded 0 collections in 0.001042 seconds
[2015.02.25-19.41.16:326][  0]LogCrashTracker: Crashtracker disabled due to settings.
[2015.02.25-19.41.18:454][  0]LogUObjectGlobals:Warning: Failed to find object 'Class None.'
[2015.02.25-19.41.18:780][  0]LogLoad: Full Startup: 71.63 seconds (BP compile: 0.10 seconds)
[2015.02.25-19.41.23:741][  0]LogRenderer:Warning: Reallocating scene render targets to support 1136x904.
[2015.02.25-19.41.29:912][  5]LogAssetRegistry: Asset discovery search completed in 33.7366 seconds
[2015.02.25-19.41.34:641][409]LogContentBrowser:Verbose: The content browser source was changed by the sources view to '/Game/Blueprints'
[2015.02.25-19.41.40:853][782]LogContentBrowser:Verbose: The content browser source was changed by the sources view to '/Game/Blueprints'
[2015.02.25-19.44.13:794][632]LogPropertyNode:Warning: UI Min (0.001) >= UI Max () for Ranged Numeric
[2015.02.25-19.44.14:001][632]LogPropertyNode:Warning: UI Min (0.001) >= UI Max () for Ranged Numeric
[2015.02.25-19.44.14:095][632]LogPropertyNode:Warning: UI Min (0.001) >= UI Max () for Ranged Numeric
[2015.02.25-19.44.14:122][632]LogPropertyNode:Warning: UI Min (0.001) >= UI Max () for Ranged Numeric
[2015.02.25-19.44.17:883][865]LogRenderer:Warning: Reallocating scene render targets to support 1616x904.
[2015.02.25-19.44.34:391][908]LogPropertyNode:Warning: UI Min (0.001) >= UI Max () for Ranged Numeric
[2015.02.25-19.51.22:045][133]LogFileHelpers: Editor autosave (incl. sublevels) for '/Game/Maps/Example_Map' took 2.389
[2015.02.25-19.51.22:211][133]OBJ SavePackage: Generating thumbnails for [1] asset(s) in package [/Game/Blueprints/Maze] ([1] browsable assets)...
[2015.02.25-19.51.22:321][133]OBJ SavePackage:     Rendered thumbnail for [Blueprint /Game/Blueprints/Maze.Maze]
[2015.02.25-19.51.22:321][133]OBJ SavePackage: Finished generating thumbnails for package [/Game/Blueprints/Maze]
[2015.02.25-19.51.22:323][133]Cmd: OBJ SAVEPACKAGE PACKAGE="/Game/Blueprints/Maze" FILE="C:/Users/Álvaro/Documents/Unreal Projects/TheMaze/Saved/Autosaves/Game/Blueprints/Maze_Auto1.uasset" SILENT=false AUTOSAVING=true
[2015.02.25-19.51.23:326][133]LogSavePackage: Save=929.663757ms
[2015.02.25-19.51.23:327][133]LogSavePackage: Moving 'C:/Users/Álvaro/Documents/Unreal Projects/TheMaze/Saved/Maze_Auto1DDFE0CB94F53B81EBDC3DF92C302E9E5.tmp' to 'C:/Users/Álvaro/Documents/Unreal Projects/TheMaze/Saved/Autosaves/Game/Blueprints/Maze_Auto1.uasset'
[2015.02.25-19.51.23:455][133]LogFileHelpers: Auto-saving content packages took 1.390
[2015.02.25-20.07.28:774][425]LogFileHelpers: Editor autosave (incl. sublevels) for '/Game/Maps/Example_Map' took 0.043
[2015.02.25-20.07.28:810][425]OBJ SavePackage: Generating thumbnails for [1] asset(s) in package [/Game/Blueprints/Maze] ([1] browsable assets)...
[2015.02.25-20.07.28:863][425]OBJ SavePackage:     Rendered thumbnail for [Blueprint /Game/Blueprints/Maze.Maze]
[2015.02.25-20.07.28:863][425]OBJ SavePackage: Finished generating thumbnails for package [/Game/Blueprints/Maze]
[2015.02.25-20.07.28:864][425]Cmd: OBJ SAVEPACKAGE PACKAGE="/Game/Blueprints/Maze" FILE="C:/Users/Álvaro/Documents/Unreal Projects/TheMaze/Saved/Autosaves/Game/Blueprints/Maze_Auto2.uasset" SILENT=false AUTOSAVING=true
[2015.02.25-20.07.29:332][425]LogSavePackage: Save=466.028015ms
[2015.02.25-20.07.29:332][425]LogSavePackage: Moving 'C:/Users/Álvaro/Documents/Unreal Projects/TheMaze/Saved/Maze_Auto2DC46E1AA4F4900FE7E4C89992979197F.tmp' to 'C:/Users/Álvaro/Documents/Unreal Projects/TheMaze/Saved/Autosaves/Game/Blueprints/Maze_Auto2.uasset'
[2015.02.25-20.07.29:336][425]LogFileHelpers: Auto-saving content packages took 0.562
[2015.02.25-20.17.35:628][751]LogFileHelpers: Editor autosave (incl. sublevels) for '/Game/Maps/Example_Map' took 0.021
[2015.02.25-20.17.35:663][751]OBJ SavePackage: Generating thumbnails for [1] asset(s) in package [/Game/Blueprints/Maze] ([1] browsable assets)...
[2015.02.25-20.17.35:700][751]OBJ SavePackage:     Rendered thumbnail for [Blueprint /Game/Blueprints/Maze.Maze]
[2015.02.25-20.17.35:700][751]OBJ SavePackage: Finished generating thumbnails for package [/Game/Blueprints/Maze]
[2015.02.25-20.17.35:701][751]Cmd: OBJ SAVEPACKAGE PACKAGE="/Game/Blueprints/Maze" FILE="C:/Users/Álvaro/Documents/Unreal Projects/TheMaze/Saved/Autosaves/Game/Blueprints/Maze_Auto3.uasset" SILENT=false AUTOSAVING=true
[2015.02.25-20.17.36:165][751]LogSavePackage: Save=461.639587ms
[2015.02.25-20.17.36:165][751]LogSavePackage: Moving 'C:/Users/Álvaro/Documents/Unreal Projects/TheMaze/Saved/Maze_Auto31214EFBA49E521696239679391D1F62C.tmp' to 'C:/Users/Álvaro/Documents/Unreal Projects/TheMaze/Saved/Autosaves/Game/Blueprints/Maze_Auto3.uasset'
[2015.02.25-20.17.36:169][751]LogFileHelpers: Auto-saving content packages took 0.541
[2015.02.25-20.19.06:916][401]BlueprintLog: New page: Compile Maze
[2015.02.25-20.19.07:192][401]BlueprintEditorCompileResults: Info [2340.03] Compile of Maze successful! [in 241 ms]
[2015.02.25-20.19.07:847][429]Cmd: OBJ SAVEPACKAGE PACKAGE="/Game/Blueprints/Maze" FILE="C:/Users/Álvaro/Documents/Unreal Projects/TheMaze/Content/Blueprints/Maze.uasset" SILENT=true
[2015.02.25-20.19.08:279][429]LogSavePackage: Save=429.373962ms
[2015.02.25-20.19.08:279][429]LogSavePackage: Moving 'C:/Users/Álvaro/Documents/Unreal Projects/TheMaze/Saved/MazeB0895FCE4D0E0BD0A2B9858297F2A840.tmp' to 'C:/Users/Álvaro/Documents/Unreal Projects/TheMaze/Content/Blueprints/Maze.uasset'
[2015.02.25-20.19.46:315][407]BlueprintLog: New page: Compile Maze
[2015.02.25-20.19.46:424][407]BlueprintEditorCompileResults: Info [2379.28] Compile of Maze successful! [in 94 ms]
[2015.02.25-20.19.46:977][441]Cmd: OBJ SAVEPACKAGE PACKAGE="/Game/Blueprints/Maze" FILE="C:/Users/Álvaro/Documents/Unreal Projects/TheMaze/Content/Blueprints/Maze.uasset" SILENT=true
[2015.02.25-20.19.47:425][441]LogSavePackage: Save=424.438080ms
[2015.02.25-20.19.47:425][441]LogSavePackage: Moving 'C:/Users/Álvaro/Documents/Unreal Projects/TheMaze/Saved/MazeAF0B21BC47518482C5B98F9ACDA86D7B.tmp' to 'C:/Users/Álvaro/Documents/Unreal Projects/TheMaze/Content/Blueprints/Maze.uasset'
[2015.02.25-20.26.48:951][592]BlueprintLog: New page: Compile Maze
[2015.02.25-20.26.49:071][592]BlueprintEditorCompileResults: Info [2801.92] Compile of Maze successful! [in 103 ms]
[2015.02.25-20.26.49:723][627]Cmd: OBJ SAVEPACKAGE PACKAGE="/Game/Blueprints/Maze" FILE="C:/Users/Álvaro/Documents/Unreal Projects/TheMaze/Content/Blueprints/Maze.uasset" SILENT=true
[2015.02.25-20.26.50:154][627]LogSavePackage: Save=425.878113ms
[2015.02.25-20.26.50:154][627]LogSavePackage: Moving 'C:/Users/Álvaro/Documents/Unreal Projects/TheMaze/Saved/MazeABA1FC45412FABB086CD93A377114087.tmp' to 'C:/Users/Álvaro/Documents/Unreal Projects/TheMaze/Content/Blueprints/Maze.uasset'
[2015.02.25-20.27.36:930][628]LogFileHelpers: Editor autosave (incl. sublevels) for '/Game/Maps/Example_Map' took 0.023
[2015.02.25-20.27.36:964][628]OBJ SavePackage: Generating thumbnails for [1] asset(s) in package [/Game/Blueprints/Maze] ([1] browsable assets)...
[2015.02.25-20.27.37:026][628]OBJ SavePackage:     Rendered thumbnail for [Blueprint /Game/Blueprints/Maze.Maze]
[2015.02.25-20.27.37:026][628]OBJ SavePackage: Finished generating thumbnails for package [/Game/Blueprints/Maze]
[2015.02.25-20.27.37:027][628]Cmd: OBJ SAVEPACKAGE PACKAGE="/Game/Blueprints/Maze" FILE="C:/Users/Álvaro/Documents/Unreal Projects/TheMaze/Saved/Autosaves/Game/Blueprints/Maze_Auto4.uasset" SILENT=false AUTOSAVING=true
[2015.02.25-20.27.37:501][628]LogSavePackage: Save=469.868622ms
[2015.02.25-20.27.37:501][628]LogSavePackage: Moving 'C:/Users/Álvaro/Documents/Unreal Projects/TheMaze/Saved/Maze_Auto43D76ADFB42CEDEA03848CDBECD3569C1.tmp' to 'C:/Users/Álvaro/Documents/Unreal Projects/TheMaze/Saved/Autosaves/Game/Blueprints/Maze_Auto4.uasset'
[2015.02.25-20.27.37:507][628]LogFileHelpers: Auto-saving content packages took 0.577
[2015.02.25-20.36.04:983][460]BlueprintLog: New page: Compile Maze
[2015.02.25-20.36.05:220][460]BlueprintEditorCompileResults: Info [3358.07] Compile of Maze successful! [in 213 ms]
[2015.02.25-20.36.05:738][488]Cmd: OBJ SAVEPACKAGE PACKAGE="/Game/Blueprints/Maze" FILE="C:/Users/Álvaro/Documents/Unreal Projects/TheMaze/Content/Blueprints/Maze.uasset" SILENT=true
[2015.02.25-20.36.06:175][488]LogSavePackage: Save=427.920197ms
[2015.02.25-20.36.06:175][488]LogSavePackage: Moving 'C:/Users/Álvaro/Documents/Unreal Projects/TheMaze/Saved/Maze12AA00774CACB2F186D877BF2049774E.tmp' to 'C:/Users/Álvaro/Documents/Unreal Projects/TheMaze/Content/Blueprints/Maze.uasset'
[2015.02.25-21.40.48:072][434]LogParticles: Destroying 0 GPU particle simulations for FXSystem 0x0000008174B65D00
[2015.02.25-21.40.48:872][435]Cmd: QUIT_EDITOR
[2015.02.25-21.40.49:485][435]LogExit: Preparing to exit.
[2015.02.25-21.40.50:259][435]LogExit: Editor shut down
[2015.02.25-21.40.50:259][435]LogExit: Transaction tracking system shut down
[2015.02.25-21.40.50:261][435]LogParticles: Destroying 0 GPU particle simulations for FXSystem 0x0000008168C75080
[2015.02.25-21.40.50:261][435]LogParticles: Destroying 0 GPU particle simulations for FXSystem 0x000000816510E980
[2015.02.25-21.40.50:263][435]LogParticles: Destroying 0 GPU particle simulations for FXSystem 0x000000816510E340
[2015.02.25-21.40.51:168][435]LogExit: Object subsystem successfully closed.
[2015.02.25-21.40.51:598][435]LogModuleManager: Shutting down and abandoning module AndroidDeviceDetection (172)
[2015.02.25-21.40.52:334][435]LogModuleManager: Shutting down and abandoning module CrashTracker (171)
[2015.02.25-21.40.52:334][435]LogModuleManager: Shutting down and abandoning module SuperSearch (170)
[2015.02.25-21.40.52:334][435]LogModuleManager: Shutting down and abandoning module SceneOutliner (169)
[2015.02.25-21.40.52:334][435]LogModuleManager: Shutting down and abandoning module EditorWidgets (168)
[2015.02.25-21.40.52:334][435]LogModuleManager: Shutting down and abandoning module CollectionManager (167)
[2015.02.25-21.40.52:346][435]LogModuleManager: Shutting down and abandoning module StatsViewer (166)
[2015.02.25-21.40.52:365][435]LogModuleManager: Shutting down and abandoning module FoliageEdit (165)
[2015.02.25-21.40.52:384][435]LogModuleManager: Shutting down and abandoning module LandscapeEditor (164)
[2015.02.25-21.40.52:393][435]LogModuleManager: Shutting down and abandoning module MeshPaint (163)
[2015.02.25-21.40.52:401][435]LogModuleManager: Shutting down and abandoning module ActorPickerMode (162)
[2015.02.25-21.40.52:401][435]LogModuleManager: Shutting down and abandoning module GeometryMode (161)
[2015.02.25-21.40.52:401][435]LogModuleManager: Shutting down and abandoning module TextureAlignMode (160)
[2015.02.25-21.40.52:401][435]LogModuleManager: Shutting down and abandoning module BspMode (159)
[2015.02.25-21.40.52:401][435]LogModuleManager: Shutting down and abandoning module PlacementMode (158)
[2015.02.25-21.40.52:401][435]LogModuleManager: Shutting down and abandoning module AutomationWorker (157)
[2015.02.25-21.40.52:401][435]LogModuleManager: Shutting down and abandoning module CharacterAI (156)
[2015.02.25-21.40.52:402][435]LogModuleManager: Shutting down and abandoning module GameProjectGeneration (155)
[2015.02.25-21.40.52:406][435]LogModuleManager: Shutting down and abandoning module IntroTutorials (154)
[2015.02.25-21.40.52:438][435]LogModuleManager: Shutting down and abandoning module EditorLiveStreaming (153)
[2015.02.25-21.40.52:438][435]LogModuleManager: Shutting down and abandoning module HardwareTargeting (152)
[2015.02.25-21.40.52:438][435]LogModuleManager: Shutting down and abandoning module DeviceProfileEditor (151)
[2015.02.25-21.40.52:438][435]LogModuleManager: Shutting down and abandoning module UndoHistory (150)
[2015.02.25-21.40.52:445][435]LogModuleManager: Shutting down and abandoning module GameplayTagsEditor (149)
[2015.02.25-21.40.52:445][435]LogModuleManager: Shutting down and abandoning module UserFeedback (148)
[2015.02.25-21.40.52:445][435]LogModuleManager: Shutting down and abandoning module XmlParser (147)
[2015.02.25-21.40.52:453][435]LogModuleManager: Shutting down and abandoning module Blutility (146)
[2015.02.25-21.40.52:453][435]LogModuleManager: Shutting down and abandoning module IOSPlatformEditor (145)
[2015.02.25-21.40.52:453][435]LogModuleManager: Shutting down and abandoning module IOSRuntimeSettings (144)
[2015.02.25-21.40.52:453][435]LogModuleManager: Shutting down and abandoning module AndroidPlatformEditor (143)
[2015.02.25-21.40.52:466][435]LogModuleManager: Shutting down and abandoning module AndroidRuntimeSettings (142)
[2015.02.25-21.40.52:466][435]LogModuleManager: Shutting down and abandoning module ProjectTargetPlatformEditor (141)
[2015.02.25-21.40.52:476][435]LogModuleManager: Shutting down and abandoning module ProjectSettingsViewer (140)
[2015.02.25-21.40.52:476][435]LogModuleManager: Shutting down and abandoning module InputBindingEditor (139)
[2015.02.25-21.40.52:495][435]LogModuleManager: Shutting down and abandoning module EditorSettingsViewer (138)
[2015.02.25-21.40.52:495][435]LogModuleManager: Shutting down and abandoning module SettingsEditor (137)
[2015.02.25-21.40.52:510][435]LogModuleManager: Shutting down and abandoning module ProjectLauncher (136)
[2015.02.25-21.40.52:528][435]LogModuleManager: Shutting down and abandoning module SessionFrontend (135)
[2015.02.25-21.40.52:539][435]LogModuleManager: Shutting down and abandoning module ProfilerClient (134)
[2015.02.25-21.40.52:548][435]LogModuleManager: Shutting down and abandoning module TargetDeviceServices (133)
[2015.02.25-21.40.52:559][435]LogModuleManager: Shutting down and abandoning module DeviceManager (132)
[2015.02.25-21.40.52:567][435]LogModuleManager: Shutting down and abandoning module AutomationController (131)
[2015.02.25-21.40.52:577][435]LogModuleManager: Shutting down and abandoning module AutomationWindow (130)
[2015.02.25-21.40.52:590][435]LogModuleManager: Shutting down and abandoning module Layers (129)
[2015.02.25-21.40.52:619][435]LogModuleManager: Shutting down and abandoning module ComponentVisualizers (128)
[2015.02.25-21.40.52:619][435]LogModuleManager: Shutting down and abandoning module DetailCustomizations (127)
[2015.02.25-21.40.52:619][435]LogModuleManager: Shutting down and abandoning module PackagesDialog (126)
[2015.02.25-21.40.52:639][435]LogModuleManager: Shutting down and abandoning module AssetRegistry (125)
[2015.02.25-21.40.52:730][435]LogModuleManager: Shutting down and abandoning module Persona (124)
[2015.02.25-21.40.52:762][435]LogModuleManager: Shutting down and abandoning module Kismet (123)
[2015.02.25-21.40.52:775][435]LogModuleManager: Shutting down and abandoning module GraphEditor (122)
[2015.02.25-21.40.52:775][435]LogModuleManager: Shutting down and abandoning module ClassViewer (121)
[2015.02.25-21.40.52:775][435]LogModuleManager: Shutting down and abandoning module Toolbox (120)
[2015.02.25-21.40.52:775][435]LogModuleManager: Shutting down and abandoning module ModuleUI (119)
[2015.02.25-21.40.52:792][435]LogModuleManager: Shutting down and abandoning module MovieSceneTools (118)
[2015.02.25-21.40.52:818][435]LogModuleManager: Shutting down and abandoning module OutputLog (117)
[2015.02.25-21.40.52:818][435]LogModuleManager: Shutting down and abandoning module GammaUI (116)
[2015.02.25-21.40.52:824][435]LogModuleManager: Shutting down and abandoning module Documentation (115)
[2015.02.25-21.40.52:824][435]LogModuleManager: Shutting down and abandoning module GameLiveStreaming (114)
[2015.02.25-21.40.52:837][435]LogModuleManager: Shutting down and abandoning module StreamingPauseRendering (113)
[2015.02.25-21.40.52:837][435]LogModuleManager: Shutting down and abandoning module HTTP (112)
[2015.02.25-21.40.52:837][435]LogModuleManager: Shutting down and abandoning module AnalyticsET (111)
[2015.02.25-21.40.52:837][435]LogModuleManager: Shutting down and abandoning module Analytics (110)
[2015.02.25-21.40.52:837][435]LogModuleManager: Shutting down and abandoning module AITestSuite (109)
[2015.02.25-21.40.52:844][435]LogModuleManager: Shutting down and abandoning module AIModule (108)
[2015.02.25-21.40.52:860][435]LogModuleManager: Shutting down and abandoning module ProfilerService (107)
[2015.02.25-21.40.53:015][435]LogModuleManager: Shutting down and abandoning module TaskGraph (106)
[2015.02.25-21.40.53:029][435]LogModuleManager: Shutting down and abandoning module GameplayDebugger (105)
[2015.02.25-21.40.53:038][435]LogModuleManager: Shutting down and abandoning module SlateRemote (104)
[2015.02.25-21.40.53:038][435]LogModuleManager: Shutting down and abandoning module ScriptEditorPlugin (103)
[2015.02.25-21.40.53:038][435]LogModuleManager: Shutting down and abandoning module CustomMeshComponent (102)
[2015.02.25-21.40.53:038][435]LogModuleManager: Shutting down and abandoning module CableComponent (101)
[2015.02.25-21.40.53:038][435]LogModuleManager: Shutting down and abandoning module MessagingDebugger (100)
[2015.02.25-21.40.53:059][435]LogModuleManager: Shutting down and abandoning module MediaPlayerEditor (99)
[2015.02.25-21.40.53:073][435]LogModuleManager: Shutting down and abandoning module SpeedTreeImporter (98)
[2015.02.25-21.40.53:073][435]LogModuleManager: Shutting down and abandoning module PluginsEditor (97)
[2015.02.25-21.40.53:073][435]LogModuleManager: Shutting down and abandoning module EpicSurvey (96)
[2015.02.25-21.40.53:073][435]LogModuleManager: Shutting down and abandoning module DesktopPlatform (95)
[2015.02.25-21.40.53:089][435]LogModuleManager: Shutting down and abandoning module VisualStudioSourceCodeAccess (94)
[2015.02.25-21.40.53:107][435]LogModuleManager: Shutting down and abandoning module UObjectPlugin (93)
[2015.02.25-21.40.53:107][435]LogModuleManager: Shutting down and abandoning module SubversionSourceControl (92)
[2015.02.25-21.40.53:125][435]LogModuleManager: Shutting down and abandoning module SourceControl (91)
[2015.02.25-21.40.53:125][435]LogModuleManager: Shutting down and abandoning module PerforceSourceControl (90)
[2015.02.25-21.40.53:142][435]LogModuleManager: Shutting down and abandoning module BlankPlugin (89)
[2015.02.25-21.40.53:142][435]LogModuleManager: Shutting down and abandoning module SlateReflector (88)
[2015.02.25-21.40.53:150][435]LogModuleManager: Shutting down and abandoning module DirectoryWatcher (87)
[2015.02.25-21.40.53:151][435]LogModuleManager: Shutting down and abandoning module HotReload (86)
[2015.02.25-21.40.53:151][435]LogModuleManager: Shutting down and abandoning module MainFrame (85)
[2015.02.25-21.40.53:151][435]LogModuleManager: Shutting down and abandoning module LevelEditor (84)
[2015.02.25-21.40.53:161][435]LogModuleManager: Shutting down and abandoning module ViewportSnapping (83)
[2015.02.25-21.40.53:161][435]LogModuleManager: Shutting down and abandoning module SmartSnapping (82)
[2015.02.25-21.40.53:161][435]LogModuleManager: Shutting down and abandoning module PaperTiledImporter (81)
[2015.02.25-21.40.53:161][435]LogModuleManager: Shutting down and abandoning module PaperJsonImporter (80)
[2015.02.25-21.40.53:161][435]LogModuleManager: Shutting down and abandoning module ContentBrowser (79)
[2015.02.25-21.40.53:161][435]LogModuleManager: Shutting down and abandoning module Paper2DEditor (78)
[2015.02.25-21.40.53:176][435]LogModuleManager: Shutting down and abandoning module ScriptPlugin (77)
[2015.02.25-21.40.53:182][435]LogModuleManager: Shutting down and abandoning module UdpMessaging (76)
[2015.02.25-21.40.53:283][435]LogModuleManager: Shutting down and abandoning module Paper2D (75)
[2015.02.25-21.40.53:283][435]LogModuleManager: Shutting down and abandoning module UE4Game (74)
[2015.02.25-21.40.53:283][435]LogModuleManager: Shutting down and abandoning module WindowsMoviePlayer (73)
[2015.02.25-21.40.53:299][435]LogModuleManager: Shutting down and abandoning module Media (72)
[2015.02.25-21.40.53:299][435]LogModuleManager: Shutting down and abandoning module WmfMedia (71)
[2015.02.25-21.40.53:301][435]LogModuleManager: Shutting down and abandoning module OnlineBlueprintSupport (70)
[2015.02.25-21.40.53:302][435]LogModuleManager: Shutting down and abandoning module PropertyEditor (69)
[2015.02.25-21.40.53:302][435]LogModuleManager: Shutting down and abandoning module BehaviorTreeEditor (68)
[2015.02.25-21.40.53:322][435]LogModuleManager: Shutting down and abandoning module FunctionalTesting (67)
[2015.02.25-21.40.53:332][435]LogModuleManager: Shutting down and abandoning module CollisionAnalyzer (66)
[2015.02.25-21.40.53:346][435]LogModuleManager: Shutting down and abandoning module WorkspaceMenuStructure (65)
[2015.02.25-21.40.53:347][435]LogModuleManager: Shutting down and abandoning module MessageLog (64)
[2015.02.25-21.40.53:347][435]LogModuleManager: Shutting down and abandoning module Sequencer (63)
[2015.02.25-21.40.53:357][435]LogModuleManager: Shutting down and abandoning module AssetTools (62)
[2015.02.25-21.40.53:365][435]LogModuleManager: Shutting down and abandoning module UMGEditor (61)
[2015.02.25-21.40.53:385][435]LogModuleManager: Shutting down and abandoning module UMG (60)
[2015.02.25-21.40.53:399][435]LogModuleManager: Shutting down and abandoning module Slate (59)
[2015.02.25-21.40.53:400][435]LogModuleManager: Shutting down and abandoning module EditorStyle (58)
[2015.02.25-21.40.53:407][435]LogModuleManager: Shutting down and abandoning module SessionServices (57)
[2015.02.25-21.40.53:407][435]LogModuleManager: Shutting down and abandoning module SourceCodeAccess (56)
[2015.02.25-21.40.53:407][435]LogModuleManager: Shutting down and abandoning module HeadMountedDisplay (55)
[2015.02.25-21.40.53:407][435]LogModuleManager: Shutting down and abandoning module XAudio2 (54)
[2015.02.25-21.40.53:408][435]LogModuleManager: Shutting down and abandoning module Networking (52)
[2015.02.25-21.40.53:408][435]LogModuleManager: Shutting down and abandoning module Core (51)
[2015.02.25-21.40.53:408][435]LogModuleManager: Shutting down and abandoning module KismetCompiler (50)
[2015.02.25-21.40.53:408][435]LogModuleManager: Shutting down and abandoning module PhysXFormats (49)
[2015.02.25-21.40.53:408][435]LogModuleManager: Shutting down and abandoning module MeshUtilities (48)
[2015.02.25-21.40.53:428][435]LogModuleManager: Shutting down and abandoning module DerivedDataCache (47)
[2015.02.25-21.40.53:452][435]LogDerivedDataCache: Shutdown
[2015.02.25-21.40.53:452][435]LogModuleManager: Shutting down and abandoning module ShaderFormatOpenGL (46)
[2015.02.25-21.40.53:458][435]LogModuleManager: Shutting down and abandoning module ShaderFormatD3D (45)
[2015.02.25-21.40.53:468][435]LogModuleManager: Shutting down and abandoning module MetalShaderFormat (44)
[2015.02.25-21.40.53:484][435]LogModuleManager: Shutting down and abandoning module TextureFormatUncompressed (43)
[2015.02.25-21.40.53:484][435]LogModuleManager: Shutting down and abandoning module TextureFormatPVR (42)
[2015.02.25-21.40.53:490][435]LogModuleManager: Shutting down and abandoning module TextureFormatDXT (41)
[2015.02.25-21.40.53:497][435]LogModuleManager: Shutting down and abandoning module TextureFormatAndroid (40)
[2015.02.25-21.40.53:497][435]LogModuleManager: Shutting down and abandoning module AudioFormatOpus (39)
[2015.02.25-21.40.53:506][435]LogModuleManager: Shutting down and abandoning module AudioFormatOgg (38)
[2015.02.25-21.40.53:506][435]LogModuleManager: Shutting down and abandoning module AudioFormatADPCM (37)
[2015.02.25-21.40.53:506][435]LogModuleManager: Shutting down and abandoning module LinuxTargetPlatform (36)
[2015.02.25-21.40.53:506][435]LogModuleManager: Shutting down and abandoning module LinuxServerTargetPlatform (35)
[2015.02.25-21.40.53:507][435]LogModuleManager: Shutting down and abandoning module LinuxNoEditorTargetPlatform (34)
[2015.02.25-21.40.53:507][435]LogModuleManager: Shutting down and abandoning module Messaging (33)
[2015.02.25-21.40.53:507][435]LogModuleManager: Shutting down and abandoning module IOSTargetPlatform (32)
[2015.02.25-21.40.53:507][435]LogModuleManager: Shutting down and abandoning module Android_PVRTCTargetPlatform (31)
[2015.02.25-21.40.53:507][435]LogModuleManager: Shutting down and abandoning module Android_ETC2TargetPlatform (30)
[2015.02.25-21.40.53:507][435]LogModuleManager: Shutting down and abandoning module Android_ETC1TargetPlatform (29)
[2015.02.25-21.40.53:507][435]LogModuleManager: Shutting down and abandoning module Android_DXTTargetPlatform (28)
[2015.02.25-21.40.53:507][435]LogModuleManager: Shutting down and abandoning module Android_ATCTargetPlatform (27)
[2015.02.25-21.40.53:507][435]LogModuleManager: Shutting down and abandoning module AndroidTargetPlatform (26)
[2015.02.25-21.40.53:507][435]LogModuleManager: Shutting down and abandoning module WindowsTargetPlatform (25)
[2015.02.25-21.40.53:507][435]LogModuleManager: Shutting down and abandoning module WindowsServerTargetPlatform (24)
[2015.02.25-21.40.53:507][435]LogModuleManager: Shutting down and abandoning module WindowsNoEditorTargetPlatform (23)
[2015.02.25-21.40.53:507][435]LogModuleManager: Shutting down and abandoning module WindowsClientTargetPlatform (22)
[2015.02.25-21.40.53:507][435]LogModuleManager: Shutting down and abandoning module TargetPlatform (21)
[2015.02.25-21.40.53:507][435]LogModuleManager: Shutting down and abandoning module InputCore (20)
[2015.02.25-21.40.53:507][435]LogModuleManager: Shutting down and abandoning module Settings (19)
[2015.02.25-21.40.53:507][435]LogModuleManager: Shutting down and abandoning module ImageWrapper (18)
[2015.02.25-21.40.53:507][435]LogModuleManager: Shutting down and abandoning module OculusRift (15)
[2015.02.25-21.40.53:523][435]LogModuleManager: Shutting down and abandoning module ExampleDeviceProfileSelector (14)
[2015.02.25-21.40.53:523][435]LogModuleManager: Shutting down and abandoning module TextureCompressor (13)
[2015.02.25-21.40.53:529][435]LogModuleManager: Shutting down and abandoning module ShaderCore (12)
[2015.02.25-21.40.53:529][435]LogModuleManager: Shutting down and abandoning module Landscape (11)
[2015.02.25-21.40.53:529][435]LogModuleManager: Shutting down and abandoning module SlateRHIRenderer (10)
[2015.02.25-21.40.53:549][435]LogModuleManager: Shutting down and abandoning module OpenGLDrv (9)
[2015.02.25-21.40.53:550][435]LogModuleManager: Shutting down and abandoning module D3D11RHI (8)
[2015.02.25-21.40.53:550][435]LogModuleManager: Shutting down and abandoning module Renderer (7)
[2015.02.25-21.40.53:550][435]LogModuleManager: Shutting down and abandoning module Engine (6)
[2015.02.25-21.40.53:550][435]LogModuleManager: Shutting down and abandoning module CoreUObject (5)
[2015.02.25-21.40.53:550][435]LogModuleManager: Shutting down and abandoning module NetworkFile (4)
[2015.02.25-21.40.53:560][435]LogModuleManager: Shutting down and abandoning module StreamingFile (3)
[2015.02.25-21.40.53:568][435]LogModuleManager: Shutting down and abandoning module SandboxFile (2)
[2015.02.25-21.40.53:576][435]LogModuleManager: Shutting down and abandoning module PakFile (1)
[2015.02.25-21.40.53:591][435]LogExit: Exiting.
[2015.02.25-21.40.53:611][435]Log file closed, 02/25/15 22:40:53
