Log file open, 02/27/15 21:10:42
LogInit:Display: Running engine for game: TheMaze
LogInit: Version: 4.7.0-2455222+++depot+UE4-Releases+4.7
LogInit: API Version: 2455222
LogInit: Compiled (64-bit): Feb 21 2015 23:32:20
LogInit: Compiled with Visual C++: 18.00.21005.01
LogInit: Build Configuration: Development
LogInit: Branch Name: ++depot+UE4-Releases+4.7
LogInit: Command line:  
LogInit: Base directory: E:/Unreal/Epic Games/4.7/Engine/Binaries/Win64/
LogInit: Rocket: 1
[2015.02.27-20.10.42:726][  0]LogTaskGraph: Started task graph with 3 named threads and 6 total threads.
[2015.02.27-20.10.42:795][  0]LogOnline:Warning: No default platform service specified for OnlineSubsystem
[2015.02.27-20.10.42:906][  0]LogInit: Presizing for 0 objects not considered by GC, pre-allocating 0 bytes.
[2015.02.27-20.10.42:929][  0]LogInit: Object subsystem initialized
[2015.02.27-20.10.43:012][  0]LogConsoleResponse:Warning: Skipping Unknown console variable: 'UIScaleRule = ShortestSide'
[2015.02.27-20.10.43:012][  0]LogConsoleResponse:Warning:   Found in ini file 'C:/Users/Álvaro/Documents/Unreal Projects/TheMaze/Saved/Config/Windows/Engine.ini', in section '[/Script/Engine.RendererSettings]'
[2015.02.27-20.10.43:012][  0]LogConsoleResponse:Warning: Skipping Unknown console variable: 'UIScaleCurve = (EditorCurveData=(Keys=),ExternalCurve=None)'
[2015.02.27-20.10.43:012][  0]LogConsoleResponse:Warning:   Found in ini file 'C:/Users/Álvaro/Documents/Unreal Projects/TheMaze/Saved/Config/Windows/Engine.ini', in section '[/Script/Engine.RendererSettings]'
[2015.02.27-20.10.43:038][  0]LogConsoleManager:Warning: Console variable 'r.MSAA.CompositingSampleCount' wasn't set (Priority ProjectSetting < Scalability)
[2015.02.27-20.10.43:047][  0]LogInit: Selected Device Profile: [Windows]
[2015.02.27-20.10.43:048][  0]LogInit: Applying CVar settings loaded from the selected device profile: [Windows]
[2015.02.27-20.10.43:107][  0]LogInit: Computer: ALVARO-PC
[2015.02.27-20.10.43:107][  0]LogInit: User: Álvaro
[2015.02.27-20.10.43:108][  0]LogInit: CPU Page size=4096, Cores=4
[2015.02.27-20.10.43:108][  0]LogInit: High frequency timer resolution =2.767280 MHz
[2015.02.27-20.10.43:108][  0]LogMemory: Memory total: Physical=6.0GB (6GB approx) Virtual=131072.0GB
[2015.02.27-20.10.43:108][  0]LogMemory: Platform Memory Stats for Windows
[2015.02.27-20.10.43:108][  0]LogMemory: Process Physical Memory: 46.09 MB used, 46.09 MB peak
[2015.02.27-20.10.43:108][  0]LogMemory: Process Virtual Memory: 26.57 MB used, 26.58 MB peak
[2015.02.27-20.10.43:108][  0]LogMemory: Physical Memory: 2293.91 MB used, 6142.48 MB total
[2015.02.27-20.10.43:108][  0]LogMemory: Virtual Memory: 306.58 MB used, 134217728.00 MB total
[2015.02.27-20.10.43:188][  0]LogD3D11RHI: Found D3D11 adapter 0: NVIDIA GeForce GTX 970 (Feature Level 11_0)
[2015.02.27-20.10.43:188][  0]LogD3D11RHI: Adapter has 3906MB of dedicated video memory, 0MB of dedicated system memory, and 3071MB of shared system memory, 1 output[s]
[2015.02.27-20.10.43:191][  0]LogD3D11RHI: Found D3D11 adapter 1: Microsoft Basic Render Driver (Feature Level 11_0)
[2015.02.27-20.10.43:191][  0]LogD3D11RHI: Adapter has 0MB of dedicated video memory, 0MB of dedicated system memory, and 256MB of shared system memory, 0 output[s]
[2015.02.27-20.10.43:191][  0]LogD3D11RHI: Chosen D3D11 Adapter Id = 0
[2015.02.27-20.10.43:195][  0]LogRHI: Texture pool is 1361 MB (70% of 1945 MB)
[2015.02.27-20.10.43:214][  0]LogD3D11RHI: Async texture creation enabled
[2015.02.27-20.10.44:637][  0]LogTextLocalizationManager: The requested culture ('es_ES') has no localization data; parent culture's ('es') localization data will be used.
[2015.02.27-20.10.44:806][  0]LogContentStreaming: Texture pool size is 0.000000MB
[2015.02.27-20.10.51:398][  0]LogTargetPlatformManager:Display: Building Assets For Windows
[2015.02.27-20.10.53:061][  0]LogTargetPlatformManager:Display: Building Assets For Windows
[2015.02.27-20.10.53:224][  0]LogDerivedDataCache:Display: Max Cache Size: 512 MB
[2015.02.27-20.10.53:415][  0]LogDerivedDataCache: Loaded boot cache 0.19s 39MB C:/Users/Álvaro/AppData/Local/UnrealEngine/4.7/DerivedDataCache/Boot.ddc.
[2015.02.27-20.10.53:415][  0]LogDerivedDataCache:Display: Loaded Boot cache: C:/Users/Álvaro/AppData/Local/UnrealEngine/4.7/DerivedDataCache/Boot.ddc
[2015.02.27-20.10.53:416][  0]LogDerivedDataCache: FDerivedDataBackendGraph:  Pak pak cache file C:/Users/Álvaro/Documents/Unreal Projects/TheMaze/DerivedDataCache/DDC.ddp not found, will not use a pak cache.
[2015.02.27-20.10.53:416][  0]LogDerivedDataCache: Unable to find inner node Pak for hierarchical cache Hierarchy.
[2015.02.27-20.10.53:601][  0]LogDerivedDataCache:Display: Pak cache opened for reading ../../../Engine/DerivedDataCache/Compressed.ddp.
[2015.02.27-20.10.53:615][  0]LogDerivedDataCache: Using Local data cache path C:/Users/Álvaro/AppData/Local/UnrealEngine/Common/DerivedDataCache: Writable
[2015.02.27-20.10.57:169][  0]LogMeshUtilities: No automatic mesh reduction module available
[2015.02.27-20.10.57:169][  0]LogMeshUtilities: No automatic mesh merging module available
[2015.02.27-20.10.59:080][  0]LogInit: WinSock: version 1.1 (2.2), MaxSocks=32767, MaxUdp=65467
[2015.02.27-20.10.59:499][  0]LogSlate:Warning: Failed to load font data from '../../../Engine/Content/Slate/Fonts/Roboto-Italic.ttf'
[2015.02.27-20.11.20:896][  0]UdpMessaging: Initializing bridge on interface 0.0.0.0:0 to multicast group 230.0.0.1:6666.
[2015.02.27-20.11.21:922][  0]SourceControl: Información El control de código fuente está desactivado
[2015.02.27-20.11.21:923][  0]SourceControl: Información El control de código fuente está desactivado
[2015.02.27-20.11.21:923][  0]SourceControl: Información El control de código fuente está desactivado
[2015.02.27-20.11.21:923][  0]LogSourceControl: RunCommandInternalRaw: 'git version'
[2015.02.27-20.11.21:923][  0]LogSourceControl: RunCommandInternalRaw: ExecProcess ReturnCode=2 OutResults=''
[2015.02.27-20.11.21:935][  0]SourceControl: Información El control de código fuente está desactivado
[2015.02.27-20.11.23:388][  0]LogObj: 24231 objects as part of root set at end of initial load.
[2015.02.27-20.11.23:388][  0]LogUObjectAllocator: 5136440 out of 0 bytes used by permanent object pool.
[2015.02.27-20.11.23:699][  0]LogEngine: Initializing Engine...
[2015.02.27-20.11.26:293][  0]LogInit: XAudio2 using 'Altavoces (Realtek High Definition Audio)' : 6 channels at 48 kHz using 32 bits per sample (channel mask 0x60f)
[2015.02.27-20.11.26:319][  0]LogInit: FAudioDevice initialized.
[2015.02.27-20.11.26:474][  0]LogAIModule: Creating AISystem for world NewWorld
[2015.02.27-20.11.26:535][  0]LogDerivedDataCache: Saved boot cache 0.03s 39MB C:/Users/Álvaro/AppData/Local/UnrealEngine/4.7/DerivedDataCache/Boot.ddc.
[2015.02.27-20.11.26:541][  0]LogInit: Texture streaming: Enabled
[2015.02.27-20.11.27:287][  0]LogAnalytics: Creating configured Analytics provider AnalyticsET
[2015.02.27-20.11.27:287][  0]LogAnalytics: ET APIKey = Rocket.Release. APIServer = http://et2.epicgames.com/ET2/. AppVersion = 4.7.0-2455222+++depot+UE4-Releases+4.7
[2015.02.27-20.11.27:287][  0]LogAnalytics: ET APIKey = Rocket.Release. DataRouterUploadURL = https://datarouter-public-service-gamedev.ol.epicgames.net/datarouter/api/v1/public/data. AppVersion = 4.7.0-2455222+++depot+UE4-Releases+4.7
[2015.02.27-20.11.27:288][  0]LogAnalytics: SetUserId e84ebc914ed367bec53e77a61fe585c4|0ce9cd541b394f54aee5cd06981e0e07|9b758198-c30e-447e-b804-9c106389a811
[2015.02.27-20.11.27:288][  0]LogAnalytics: AnalyticsET::StartSession [Rocket.Release]
[2015.02.27-20.11.27:406][  0]LogInit: Transaction tracking system initialized
[2015.02.27-20.11.28:283][  0]BlueprintLog: New page: Cargar el editor
[2015.02.27-20.11.28:364][  0]LogAssetRegistry: FAssetRegistry took 0.0108 seconds to start up
[2015.02.27-20.11.28:365][  0]LogDirectoryWatcher:Warning: Failed to begin reading directory changes for ../../../Engine/Plugins/Experimental/CharacterAI/Content/. Error: 0
[2015.02.27-20.11.30:167][  0]LogTargetPlatformManager:Display: Building Assets For Windows
[2015.02.27-20.11.30:766][  0]LogTargetPlatformManager:Display: Building Assets For Windows
[2015.02.27-20.11.31:856][  0]LogSlate:Warning: Failed to load font data from '../../../Engine/Content/Editor/Slate/Fonts/Roboto-Regular.ttf'
[2015.02.27-20.11.31:856][  0]LogSlate:Warning: Failed to load font data from '../../../Engine/Content/Editor/Slate/Fonts/Roboto-Bold.ttf'
[2015.02.27-20.11.31:924][  0]LogConsoleResponse:Display: 
[2015.02.27-20.11.34:854][  0]LogCook:Display: Done creating registry. It took  0.00s.
[2015.02.27-20.11.36:084][  0]SourceControl: Información El control de código fuente está desactivado
[2015.02.27-20.11.36:084][  0]Cmd: MAP LOAD FILE="C:/Users/Álvaro/Documents/Unreal Projects/TheMaze/Content/Maps/Example_Map.umap" TEMPLATE=0 SHOWPROGRESS=1 FEATURELEVEL=3
[2015.02.27-20.11.36:088][  0]LightingResults: New page: Diseñar la iluminación
[2015.02.27-20.11.36:204][  0]MapCheck: New page: Revisión del mapa
[2015.02.27-20.11.36:204][  0]LightingResults: New page: Diseñar la iluminación
[2015.02.27-20.11.36:389][  0]LogParticles: Destroying 0 GPU particle simulations for FXSystem 0x0000006D5F558E00
[2015.02.27-20.11.38:500][  0]LogEditorServer: Finished looking for orphan Actors (0.000 secs)
[2015.02.27-20.11.38:508][  0]LogAIModule: Creating AISystem for world Example_Map
[2015.02.27-20.11.38:510][  0]Cmd: MAP CHECKDEP
[2015.02.27-20.11.38:510][  0]MapCheck: New page: Example_Map - 27/2/2015 22:11:38
[2015.02.27-20.11.38:628][  0]MapCheck: Información Map check complete: 0 Error(s), 0 Warning(s), took 118,021ms to complete.
[2015.02.27-20.11.38:628][  0]LogFileHelpers: Loading map 'Example_Map' took 2.544
[2015.02.27-20.11.38:823][  0]LogCollectionManager: Loaded 0 collections in 0.001552 seconds
[2015.02.27-20.11.38:834][  0]LogContentBrowser: Native class hierarchy populated in 0.0109 seconds. Added 1696 classes and 261 folders.
[2015.02.27-20.11.39:068][  0]LogContentBrowser: Native class hierarchy updated for 'SceneOutliner' in 0.0020 seconds. Added 1 classes and 2 folders.
[2015.02.27-20.11.39:353][  0]LogCrashTracker: Crashtracker disabled due to settings.
[2015.02.27-20.11.39:355][  0]LogSlate:Warning: Failed to load font data from 'Veranda'
[2015.02.27-20.11.39:361][  0]LogUObjectGlobals:Warning: Error al encontrar el objeto 'Class Ninguno.'
[2015.02.27-20.11.39:394][  0]LogLoad: Full Startup: 61.29 seconds (BP compile: 0.14 seconds)
[2015.02.27-20.11.39:844][  0]LogContentBrowser:Verbose: The content browser source was changed by the sources view to '/Game/Blueprints'
[2015.02.27-20.11.40:292][  2]LogRenderer:Warning: Reallocating scene render targets to support 784x640 (Frame:2).
[2015.02.27-20.11.42:584][  8]LogAssetRegistry: Asset discovery search completed in 14.2307 seconds
[2015.02.27-20.11.45:685][ 18]LogRenderer:Warning: Reallocating scene render targets to support 1144x928 (Frame:6).
[2015.02.27-20.12.03:213][989]LogLinker:Warning: Asset '../../../Engine/Content/Tutorial/Mobile/CreatingSigningCertAndProvisionTutorial.uasset' has been saved with empty engine version. The asset will be loaded but may be incompatible.
[2015.02.27-20.12.03:235][989]LogLinker:Warning: Asset '../../../Engine/Content/Tutorial/Mobile/InstallingiTunesTutorial.uasset' has been saved with empty engine version. The asset will be loaded but may be incompatible.
[2015.02.27-20.12.03:249][989]LogLinker:Warning: Asset '../../../Engine/Content/Tutorial/Mobile/SettingUpAndroidTutorial.uasset' has been saved with empty engine version. The asset will be loaded but may be incompatible.
[2015.02.27-20.27.13:856][ 48]LogFileHelpers: Editor autosave (incl. sublevels) for '/Game/Maps/Example_Map' took 0.042
[2015.02.27-20.27.13:901][ 48]OBJ SavePackage: Generating thumbnails for [1] asset(s) in package [/Game/Blueprints/Maze] ([1] browsable assets)...
[2015.02.27-20.27.13:933][ 48]OBJ SavePackage:     Rendered thumbnail for [Blueprint /Game/Blueprints/Maze.Maze]
[2015.02.27-20.27.13:933][ 48]OBJ SavePackage: Finished generating thumbnails for package [/Game/Blueprints/Maze]
[2015.02.27-20.27.13:934][ 48]Cmd: OBJ SAVEPACKAGE PACKAGE="/Game/Blueprints/Maze" FILE="C:/Users/Álvaro/Documents/Unreal Projects/TheMaze/Saved/Autosaves/Game/Blueprints/Maze_Auto1.uasset" SILENT=false AUTOSAVING=true
[2015.02.27-20.27.16:012][ 48]LogSavePackage: Save=2061.844482ms
[2015.02.27-20.27.16:017][ 48]LogSavePackage: Moving 'C:/Users/Álvaro/Documents/Unreal Projects/TheMaze/Saved/Maze_Auto12BCB2870420FD6EC8341DEB38EB27A72.tmp' to 'C:/Users/Álvaro/Documents/Unreal Projects/TheMaze/Saved/Autosaves/Game/Blueprints/Maze_Auto1.uasset'
[2015.02.27-20.27.16:023][ 48]LogFileHelpers: Auto-saving content packages took 2.167
[2015.02.27-20.37.13:199][203]LogFileHelpers: Editor autosave (incl. sublevels) for '/Game/Maps/Example_Map' took 0.025
[2015.02.27-20.37.13:234][203]OBJ SavePackage: Generating thumbnails for [1] asset(s) in package [/Game/Blueprints/Maze] ([1] browsable assets)...
[2015.02.27-20.37.13:270][203]OBJ SavePackage:     Rendered thumbnail for [Blueprint /Game/Blueprints/Maze.Maze]
[2015.02.27-20.37.13:270][203]OBJ SavePackage: Finished generating thumbnails for package [/Game/Blueprints/Maze]
[2015.02.27-20.37.13:271][203]Cmd: OBJ SAVEPACKAGE PACKAGE="/Game/Blueprints/Maze" FILE="C:/Users/Álvaro/Documents/Unreal Projects/TheMaze/Saved/Autosaves/Game/Blueprints/Maze_Auto2.uasset" SILENT=false AUTOSAVING=true
[2015.02.27-20.37.15:506][203]LogSavePackage: Save=2221.793701ms
[2015.02.27-20.37.15:507][203]LogSavePackage: Moving 'C:/Users/Álvaro/Documents/Unreal Projects/TheMaze/Saved/Maze_Auto218BCBD1647D90195C08091ADF09DD9AC.tmp' to 'C:/Users/Álvaro/Documents/Unreal Projects/TheMaze/Saved/Autosaves/Game/Blueprints/Maze_Auto2.uasset'
[2015.02.27-20.37.15:516][203]LogFileHelpers: Auto-saving content packages took 2.317
[2015.02.27-20.43.38:295][595]BlueprintLog: New page: Compilar Maze
[2015.02.27-20.43.38:887][595]BlueprintEditorCompileResults: Información [1980,78] Compile of Maze successful! [in 592 ms]
[2015.02.27-20.43.39:958][650]Cmd: OBJ SAVEPACKAGE PACKAGE="/Game/Blueprints/Maze" FILE="C:/Users/Álvaro/Documents/Unreal Projects/TheMaze/Content/Blueprints/Maze.uasset" SILENT=true
[2015.02.27-20.43.42:101][650]LogSavePackage: Save=2127.511963ms
[2015.02.27-20.43.42:101][650]LogSavePackage: Moving 'C:/Users/Álvaro/Documents/Unreal Projects/TheMaze/Saved/MazeE8582E1144A50BC00E4C1780E4C7D8D4.tmp' to 'C:/Users/Álvaro/Documents/Unreal Projects/TheMaze/Content/Blueprints/Maze.uasset'
[2015.02.27-20.47.33:751][640]LogFileHelpers: Editor autosave (incl. sublevels) for '/Game/Maps/Example_Map' took 0.026
[2015.02.27-20.47.33:789][640]OBJ SavePackage: Generating thumbnails for [1] asset(s) in package [/Game/Blueprints/Maze] ([1] browsable assets)...
[2015.02.27-20.47.33:825][640]OBJ SavePackage:     Rendered thumbnail for [Blueprint /Game/Blueprints/Maze.Maze]
[2015.02.27-20.47.33:826][640]OBJ SavePackage: Finished generating thumbnails for package [/Game/Blueprints/Maze]
[2015.02.27-20.47.33:827][640]Cmd: OBJ SAVEPACKAGE PACKAGE="/Game/Blueprints/Maze" FILE="C:/Users/Álvaro/Documents/Unreal Projects/TheMaze/Saved/Autosaves/Game/Blueprints/Maze_Auto3.uasset" SILENT=false AUTOSAVING=true
[2015.02.27-20.47.36:064][640]LogSavePackage: Save=2225.962646ms
[2015.02.27-20.47.36:065][640]LogSavePackage: Moving 'C:/Users/Álvaro/Documents/Unreal Projects/TheMaze/Saved/Maze_Auto36B99BB0A42B157CD9E7050B9EE24555B.tmp' to 'C:/Users/Álvaro/Documents/Unreal Projects/TheMaze/Saved/Autosaves/Game/Blueprints/Maze_Auto3.uasset'
[2015.02.27-20.47.36:071][640]LogFileHelpers: Auto-saving content packages took 2.320
[2015.02.27-20.51.24:129][619]BlueprintLog: New page: Compilar Maze
[2015.02.27-20.51.24:754][619]BlueprintEditorCompileResults: Información [2446,65] Compile of Maze successful! [in 624 ms]
[2015.02.27-20.51.25:828][673]Cmd: OBJ SAVEPACKAGE PACKAGE="/Game/Blueprints/Maze" FILE="C:/Users/Álvaro/Documents/Unreal Projects/TheMaze/Content/Blueprints/Maze.uasset" SILENT=true
[2015.02.27-20.51.28:052][673]LogSavePackage: Save=2211.374756ms
[2015.02.27-20.51.28:052][673]LogSavePackage: Moving 'C:/Users/Álvaro/Documents/Unreal Projects/TheMaze/Saved/Maze6943B780401AB7F9AFA56E8046B61D0D.tmp' to 'C:/Users/Álvaro/Documents/Unreal Projects/TheMaze/Content/Blueprints/Maze.uasset'
[2015.02.27-20.52.24:792][ 46]LogPhysics:Warning: FBodyInstance::InitBody : Scale3D is (nearly) zero: Component: Maze_74.Wall Shape_Cube 
[2015.02.27-20.52.29:375][447]LogPhysics:Warning: FBodyInstance::InitBody : Scale3D is (nearly) zero: Component: Maze_74.Wall Shape_Cube 
[2015.02.27-20.52.29:388][447]LogPhysics:Warning: FBodyInstance::InitBody : Scale3D is (nearly) zero: Component: Maze_74.Wall Shape_Cube 
[2015.02.27-20.52.29:388][447]LogPhysics:Warning: FBodyInstance::InitBody : Scale3D is (nearly) zero: Component: Maze_74.Wall Shape_Cube 
[2015.02.27-20.52.37:409][150]LogPhysics:Warning: FBodyInstance::InitBody : Scale3D is (nearly) zero: Component: Maze_74.Wall Shape_Cube 
[2015.02.27-20.52.37:409][150]LogPhysics:Warning: FBodyInstance::InitBody : Scale3D is (nearly) zero: Component: Maze_74.Wall Shape_Cube 
[2015.02.27-20.52.38:266][150]LogScriptCore: Script call stack:
	Function /Game/Blueprints/Maze.Maze_C:UserConstructionScript
	Function /Game/Blueprints/Maze.Maze_C:PickNearbyTile

[2015.02.27-20.52.38:266][150]LogScript:Warning: Runaway loop detected (over 1000000 iterations)
	Maze_C /Game/Maps/Example_Map.Example_Map:PersistentLevel.Maze_74
	Function /Game/Blueprints/Maze.Maze_C:PickNearbyTile:1577
[2015.02.27-20.52.39:110][150]LogScriptCore: Script call stack:
	Function /Game/Blueprints/Maze.Maze_C:UserConstructionScript
	Function /Game/Blueprints/Maze.Maze_C:PickNearbyTile

[2015.02.27-20.52.39:110][150]LogScript:Warning: Runaway loop detected (over 1000000 iterations)
	Maze_C /Game/Maps/Example_Map.Example_Map:PersistentLevel.Maze_74
	Function /Game/Blueprints/Maze.Maze_C:PickNearbyTile:0A8A
[2015.02.27-20.52.39:954][150]LogScriptCore: Script call stack:
	Function /Game/Blueprints/Maze.Maze_C:UserConstructionScript
	Function /Game/Blueprints/Maze.Maze_C:PickNearbyTile

[2015.02.27-20.52.39:954][150]LogScript:Warning: Runaway loop detected (over 1000000 iterations)
	Maze_C /Game/Maps/Example_Map.Example_Map:PersistentLevel.Maze_74
	Function /Game/Blueprints/Maze.Maze_C:PickNearbyTile:0645
[2015.02.27-20.52.40:802][150]LogScriptCore: Script call stack:
	Function /Game/Blueprints/Maze.Maze_C:UserConstructionScript

[2015.02.27-20.52.40:802][150]LogScript:Warning: Runaway loop detected (over 1000000 iterations)
	Maze_C /Game/Maps/Example_Map.Example_Map:PersistentLevel.Maze_74
	Function /Game/Blueprints/Maze.Maze_C:UserConstructionScript:0154
[2015.02.27-20.52.42:982][260]LogScriptCore: Script call stack:
	Function /Game/Blueprints/Maze.Maze_C:UserConstructionScript
	Function /Game/Blueprints/Maze.Maze_C:PickNearbyTile

[2015.02.27-20.52.42:982][260]LogScript:Warning: Runaway loop detected (over 1000000 iterations)
	Maze_C /Game/Maps/Example_Map.Example_Map:PersistentLevel.Maze_74
	Function /Game/Blueprints/Maze.Maze_C:PickNearbyTile:0F87
[2015.02.27-20.52.43:872][260]LogScriptCore: Script call stack:
	Function /Game/Blueprints/Maze.Maze_C:UserConstructionScript
	Function /Game/Blueprints/Maze.Maze_C:PickNearbyTile

[2015.02.27-20.52.43:872][260]LogScript:Warning: Runaway loop detected (over 1000000 iterations)
	Maze_C /Game/Maps/Example_Map.Example_Map:PersistentLevel.Maze_74
	Function /Game/Blueprints/Maze.Maze_C:PickNearbyTile:05AC
[2015.02.27-20.52.44:767][260]LogScriptCore: Script call stack:
	Function /Game/Blueprints/Maze.Maze_C:UserConstructionScript

[2015.02.27-20.52.44:767][260]LogScript:Warning: Runaway loop detected (over 1000000 iterations)
	Maze_C /Game/Maps/Example_Map.Example_Map:PersistentLevel.Maze_74
	Function /Game/Blueprints/Maze.Maze_C:UserConstructionScript:0154
[2015.02.27-20.52.45:978][305]LogScriptCore: Script call stack:
	Function /Game/Blueprints/Maze.Maze_C:UserConstructionScript
	Function /Game/Blueprints/Maze.Maze_C:PickNearbyTile

[2015.02.27-20.52.45:978][305]LogScript:Warning: Runaway loop detected (over 1000000 iterations)
	Maze_C /Game/Maps/Example_Map.Example_Map:PersistentLevel.Maze_74
	Function /Game/Blueprints/Maze.Maze_C:PickNearbyTile:1352
[2015.02.27-20.52.46:648][305]LogScriptCore: Script call stack:
	Function /Game/Blueprints/Maze.Maze_C:UserConstructionScript

[2015.02.27-20.52.46:649][305]LogScript:Warning: Runaway loop detected (over 1000000 iterations)
	Maze_C /Game/Maps/Example_Map.Example_Map:PersistentLevel.Maze_74
	Function /Game/Blueprints/Maze.Maze_C:UserConstructionScript:0164
[2015.02.27-20.52.48:357][395]LogScriptCore: Script call stack:
	Function /Game/Blueprints/Maze.Maze_C:UserConstructionScript
	Function /Game/Blueprints/Maze.Maze_C:PickNearbyTile

[2015.02.27-20.52.48:357][395]LogScript:Warning: Runaway loop detected (over 1000000 iterations)
	Maze_C /Game/Maps/Example_Map.Example_Map:PersistentLevel.Maze_74
	Function /Game/Blueprints/Maze.Maze_C:PickNearbyTile:1577
[2015.02.27-20.52.49:026][395]LogScriptCore: Script call stack:
	Function /Game/Blueprints/Maze.Maze_C:UserConstructionScript

[2015.02.27-20.52.49:027][395]LogScript:Warning: Runaway loop detected (over 1000000 iterations)
	Maze_C /Game/Maps/Example_Map.Example_Map:PersistentLevel.Maze_74
	Function /Game/Blueprints/Maze.Maze_C:UserConstructionScript:0171
[2015.02.27-20.52.53:704][804]LogEditorActor: Deleted Actor: Maze_C
[2015.02.27-20.52.53:729][804]LogEditorActor: Deleted 1 Actors (0.025 secs)
[2015.02.27-20.52.59:132][389]Cmd: OBJ SAVEPACKAGE PACKAGE="/Game/Maps/Example_Map" FILE="C:/Users/Álvaro/Documents/Unreal Projects/TheMaze/Content/Maps/Example_Map.umap" SILENT=true AUTOSAVING=false KEEPDIRTY=false
[2015.02.27-20.52.59:368][389]LogSavePackage: Save=196.487518ms
[2015.02.27-20.52.59:368][389]LogSavePackage: Moving 'C:/Users/Álvaro/Documents/Unreal Projects/TheMaze/Saved/Example_MapD508EA8B4EAC8FED0C25BCBD25B98A4E.tmp' to 'C:/Users/Álvaro/Documents/Unreal Projects/TheMaze/Content/Maps/Example_Map.umap'
[2015.02.27-20.52.59:400][389]LogFileHelpers: Saving map 'Example_Map' took 0.415
[2015.02.27-21.14.32:537][207]BlueprintLog: New page: Compilar Maze
[2015.02.27-21.14.33:156][207]BlueprintEditorCompileResults: Información [3835,05] Compile of Maze successful! [in 618 ms]
[2015.02.27-21.14.34:023][241]Cmd: OBJ SAVEPACKAGE PACKAGE="/Game/Blueprints/Maze" FILE="C:/Users/Álvaro/Documents/Unreal Projects/TheMaze/Content/Blueprints/Maze.uasset" SILENT=true
[2015.02.27-21.14.36:204][241]LogSavePackage: Save=2167.321777ms
[2015.02.27-21.14.36:204][241]LogSavePackage: Moving 'C:/Users/Álvaro/Documents/Unreal Projects/TheMaze/Saved/Maze934403BC41EC7DD0EB4A89A515A2258C.tmp' to 'C:/Users/Álvaro/Documents/Unreal Projects/TheMaze/Content/Blueprints/Maze.uasset'
[2015.02.27-21.15.13:115][854]LogEditorActor: Deleted Actor: Maze_C
[2015.02.27-21.15.13:140][854]LogEditorActor: Deleted 1 Actors (0.025 secs)
[2015.02.27-21.23.45:234][382]LogEditorTransaction: Undo Mover nodo
[2015.02.27-21.25.01:384][ 38]Cmd: OBJ SAVEPACKAGE PACKAGE="/Game/Maps/Example_Map" FILE="C:/Users/Álvaro/Documents/Unreal Projects/TheMaze/Saved/Autosaves/Game/Maps/Example_Map_Auto4.umap" SILENT=true AUTOSAVING=true KEEPDIRTY=false
[2015.02.27-21.25.01:606][ 38]LogSavePackage: Save=202.007751ms
[2015.02.27-21.25.01:606][ 38]LogSavePackage: Moving 'C:/Users/Álvaro/Documents/Unreal Projects/TheMaze/Saved/Example_Map_Auto4531685B3422727B73F115383EE16C5AC.tmp' to 'C:/Users/Álvaro/Documents/Unreal Projects/TheMaze/Saved/Autosaves/Game/Maps/Example_Map_Auto4.umap'
[2015.02.27-21.25.01:613][ 38]LogFileHelpers: Editor autosave (incl. sublevels) for '/Game/Maps/Example_Map' took 0.339
[2015.02.27-21.25.01:613][ 38]LogFileHelpers: Editor autosave (incl. sublevels) for all levels took 0.339
[2015.02.27-21.25.01:651][ 38]OBJ SavePackage: Generating thumbnails for [1] asset(s) in package [/Game/Blueprints/Maze] ([1] browsable assets)...
[2015.02.27-21.25.01:679][ 38]OBJ SavePackage:     Rendered thumbnail for [Blueprint /Game/Blueprints/Maze.Maze]
[2015.02.27-21.25.01:679][ 38]OBJ SavePackage: Finished generating thumbnails for package [/Game/Blueprints/Maze]
[2015.02.27-21.25.01:680][ 38]Cmd: OBJ SAVEPACKAGE PACKAGE="/Game/Blueprints/Maze" FILE="C:/Users/Álvaro/Documents/Unreal Projects/TheMaze/Saved/Autosaves/Game/Blueprints/Maze_Auto4.uasset" SILENT=false AUTOSAVING=true
[2015.02.27-21.25.04:019][ 38]LogSavePackage: Save=2324.448975ms
[2015.02.27-21.25.04:020][ 38]LogSavePackage: Moving 'C:/Users/Álvaro/Documents/Unreal Projects/TheMaze/Saved/Maze_Auto41F7DE3E64AC92E16F18D30B5504B4D06.tmp' to 'C:/Users/Álvaro/Documents/Unreal Projects/TheMaze/Saved/Autosaves/Game/Blueprints/Maze_Auto4.uasset'
[2015.02.27-21.25.04:031][ 38]LogFileHelpers: Auto-saving content packages took 2.419
[2015.02.27-21.25.44:038][399]BlueprintLog: New page: Compilar Maze
[2015.02.27-21.25.44:694][399]BlueprintEditorCompileResults: Información [4506,59] Compile of Maze successful! [in 655 ms]
[2015.02.27-21.25.45:956][472]Cmd: OBJ SAVEPACKAGE PACKAGE="/Game/Blueprints/Maze" FILE="C:/Users/Álvaro/Documents/Unreal Projects/TheMaze/Content/Blueprints/Maze.uasset" SILENT=true
[2015.02.27-21.25.48:230][472]LogSavePackage: Save=2261.695313ms
[2015.02.27-21.25.48:230][472]LogSavePackage: Moving 'C:/Users/Álvaro/Documents/Unreal Projects/TheMaze/Saved/Maze927E149042E774E9886DB5A391D7B5BE.tmp' to 'C:/Users/Álvaro/Documents/Unreal Projects/TheMaze/Content/Blueprints/Maze.uasset'
[2015.02.27-21.38.25:947][142]Cmd: OBJ SAVEPACKAGE PACKAGE="/Game/Maps/Example_Map" FILE="C:/Users/Álvaro/Documents/Unreal Projects/TheMaze/Content/Maps/Example_Map.umap" SILENT=true AUTOSAVING=false KEEPDIRTY=false
[2015.02.27-21.38.26:213][142]LogSavePackage: Save=212.662613ms
[2015.02.27-21.38.26:213][142]LogSavePackage: Moving 'C:/Users/Álvaro/Documents/Unreal Projects/TheMaze/Saved/Example_MapAB86D1E04FBDBA28668843A6D4960486.tmp' to 'C:/Users/Álvaro/Documents/Unreal Projects/TheMaze/Content/Maps/Example_Map.umap'
[2015.02.27-21.38.26:238][142]LogFileHelpers: Saving map 'Example_Map' took 0.444
[2015.02.27-21.38.26:816][143]Cmd: QUIT_EDITOR
[2015.02.27-21.38.27:124][143]LogExit: Preparing to exit.
[2015.02.27-21.38.28:400][143]LogExit: Editor shut down
[2015.02.27-21.38.28:401][143]LogExit: Transaction tracking system shut down
[2015.02.27-21.38.28:402][143]LogParticles: Destroying 0 GPU particle simulations for FXSystem 0x0000006D57142980
[2015.02.27-21.38.28:403][143]LogParticles: Destroying 0 GPU particle simulations for FXSystem 0x0000006D64C45260
[2015.02.27-21.38.28:404][143]LogParticles: Destroying 0 GPU particle simulations for FXSystem 0x0000006D718454E0
[2015.02.27-21.38.28:404][143]LogParticles: Destroying 0 GPU particle simulations for FXSystem 0x0000006D6A3FAB60
[2015.02.27-21.38.28:404][143]LogParticles: Destroying 0 GPU particle simulations for FXSystem 0x0000006D5876F880
[2015.02.27-21.38.28:405][143]LogParticles: Destroying 0 GPU particle simulations for FXSystem 0x0000006D6E36A3E0
[2015.02.27-21.38.28:540][143]LogExit: Object subsystem successfully closed.
[2015.02.27-21.38.28:614][143]LogModuleManager: Shutting down and abandoning module CrashTracker (177)
[2015.02.27-21.38.28:614][143]LogModuleManager: Shutting down and abandoning module SuperSearch (176)
[2015.02.27-21.38.28:614][143]LogModuleManager: Shutting down and abandoning module SceneOutliner (175)
[2015.02.27-21.38.28:614][143]LogModuleManager: Shutting down and abandoning module EditorWidgets (174)
[2015.02.27-21.38.28:614][143]LogModuleManager: Shutting down and abandoning module CollectionManager (173)
[2015.02.27-21.38.28:614][143]LogModuleManager: Shutting down and abandoning module StatsViewer (172)
[2015.02.27-21.38.28:614][143]LogModuleManager: Shutting down and abandoning module FoliageEdit (171)
[2015.02.27-21.38.28:614][143]LogModuleManager: Shutting down and abandoning module LandscapeEditor (170)
[2015.02.27-21.38.28:614][143]LogModuleManager: Shutting down and abandoning module MeshPaint (169)
[2015.02.27-21.38.28:614][143]LogModuleManager: Shutting down and abandoning module ActorPickerMode (168)
[2015.02.27-21.38.28:614][143]LogModuleManager: Shutting down and abandoning module GeometryMode (167)
[2015.02.27-21.38.28:614][143]LogModuleManager: Shutting down and abandoning module TextureAlignMode (166)
[2015.02.27-21.38.28:614][143]LogModuleManager: Shutting down and abandoning module BspMode (165)
[2015.02.27-21.38.28:614][143]LogModuleManager: Shutting down and abandoning module PlacementMode (164)
[2015.02.27-21.38.28:615][143]LogModuleManager: Shutting down and abandoning module AutomationWorker (163)
[2015.02.27-21.38.28:615][143]LogModuleManager: Shutting down and abandoning module CharacterAI (162)
[2015.02.27-21.38.28:615][143]LogModuleManager: Shutting down and abandoning module SmartSnapping (161)
[2015.02.27-21.38.28:615][143]LogModuleManager: Shutting down and abandoning module ViewportSnapping (160)
[2015.02.27-21.38.28:615][143]LogModuleManager: Shutting down and abandoning module LogVisualizer (159)
[2015.02.27-21.38.28:615][143]LogModuleManager: Shutting down and abandoning module GameProjectGeneration (158)
[2015.02.27-21.38.28:615][143]LogModuleManager: Shutting down and abandoning module IntroTutorials (157)
[2015.02.27-21.38.28:615][143]LogModuleManager: Shutting down and abandoning module EditorLiveStreaming (156)
[2015.02.27-21.38.28:615][143]LogModuleManager: Shutting down and abandoning module HardwareTargeting (155)
[2015.02.27-21.38.28:615][143]LogModuleManager: Shutting down and abandoning module DeviceProfileEditor (154)
[2015.02.27-21.38.28:615][143]LogModuleManager: Shutting down and abandoning module UndoHistory (153)
[2015.02.27-21.38.28:615][143]LogModuleManager: Shutting down and abandoning module GameplayTagsEditor (152)
[2015.02.27-21.38.28:615][143]LogModuleManager: Shutting down and abandoning module UserFeedback (151)
[2015.02.27-21.38.28:615][143]LogModuleManager: Shutting down and abandoning module XmlParser (150)
[2015.02.27-21.38.28:615][143]LogModuleManager: Shutting down and abandoning module Blutility (149)
[2015.02.27-21.38.28:615][143]LogModuleManager: Shutting down and abandoning module IOSPlatformEditor (148)
[2015.02.27-21.38.28:615][143]LogModuleManager: Shutting down and abandoning module IOSRuntimeSettings (147)
[2015.02.27-21.38.28:615][143]LogModuleManager: Shutting down and abandoning module AndroidDeviceDetection (146)
[2015.02.27-21.38.29:433][143]LogModuleManager: Shutting down and abandoning module AndroidPlatformEditor (145)
[2015.02.27-21.38.29:433][143]LogModuleManager: Shutting down and abandoning module AndroidRuntimeSettings (144)
[2015.02.27-21.38.29:433][143]LogModuleManager: Shutting down and abandoning module ProjectTargetPlatformEditor (143)
[2015.02.27-21.38.29:433][143]LogModuleManager: Shutting down and abandoning module ProjectSettingsViewer (142)
[2015.02.27-21.38.29:433][143]LogModuleManager: Shutting down and abandoning module InputBindingEditor (141)
[2015.02.27-21.38.29:433][143]LogModuleManager: Shutting down and abandoning module EditorSettingsViewer (140)
[2015.02.27-21.38.29:433][143]LogModuleManager: Shutting down and abandoning module SettingsEditor (139)
[2015.02.27-21.38.29:433][143]LogModuleManager: Shutting down and abandoning module ProjectLauncher (138)
[2015.02.27-21.38.29:433][143]LogModuleManager: Shutting down and abandoning module SessionFrontend (137)
[2015.02.27-21.38.29:433][143]LogModuleManager: Shutting down and abandoning module ProfilerClient (136)
[2015.02.27-21.38.29:433][143]LogModuleManager: Shutting down and abandoning module TargetDeviceServices (135)
[2015.02.27-21.38.29:433][143]LogModuleManager: Shutting down and abandoning module DeviceManager (134)
[2015.02.27-21.38.29:433][143]LogModuleManager: Shutting down and abandoning module AutomationController (133)
[2015.02.27-21.38.29:433][143]LogModuleManager: Shutting down and abandoning module AutomationWindow (132)
[2015.02.27-21.38.29:433][143]LogModuleManager: Shutting down and abandoning module Layers (131)
[2015.02.27-21.38.29:433][143]LogModuleManager: Shutting down and abandoning module ComponentVisualizers (130)
[2015.02.27-21.38.29:434][143]LogModuleManager: Shutting down and abandoning module DetailCustomizations (129)
[2015.02.27-21.38.29:434][143]LogModuleManager: Shutting down and abandoning module PackagesDialog (128)
[2015.02.27-21.38.29:434][143]LogModuleManager: Shutting down and abandoning module AssetRegistry (127)
[2015.02.27-21.38.29:484][143]LogModuleManager: Shutting down and abandoning module Persona (126)
[2015.02.27-21.38.29:484][143]LogModuleManager: Shutting down and abandoning module SlateReflector (125)
[2015.02.27-21.38.29:484][143]LogModuleManager: Shutting down and abandoning module LevelEditor (124)
[2015.02.27-21.38.29:485][143]LogModuleManager: Shutting down and abandoning module Kismet (123)
[2015.02.27-21.38.29:485][143]LogModuleManager: Shutting down and abandoning module GraphEditor (122)
[2015.02.27-21.38.29:485][143]LogModuleManager: Shutting down and abandoning module ClassViewer (121)
[2015.02.27-21.38.29:485][143]LogModuleManager: Shutting down and abandoning module Toolbox (120)
[2015.02.27-21.38.29:485][143]LogModuleManager: Shutting down and abandoning module ModuleUI (119)
[2015.02.27-21.38.29:485][143]LogModuleManager: Shutting down and abandoning module MovieSceneTools (118)
[2015.02.27-21.38.29:485][143]LogModuleManager: Shutting down and abandoning module OutputLog (117)
[2015.02.27-21.38.29:485][143]LogModuleManager: Shutting down and abandoning module GammaUI (116)
[2015.02.27-21.38.29:485][143]LogModuleManager: Shutting down and abandoning module Documentation (115)
[2015.02.27-21.38.29:485][143]LogModuleManager: Shutting down and abandoning module GameLiveStreaming (114)
[2015.02.27-21.38.29:485][143]LogModuleManager: Shutting down and abandoning module StreamingPauseRendering (113)
[2015.02.27-21.38.29:486][143]LogModuleManager: Shutting down and abandoning module HTTP (112)
[2015.02.27-21.38.29:486][143]LogModuleManager: Shutting down and abandoning module AnalyticsET (111)
[2015.02.27-21.38.29:486][143]LogModuleManager: Shutting down and abandoning module Analytics (110)
[2015.02.27-21.38.29:486][143]LogModuleManager: Shutting down and abandoning module AITestSuite (109)
[2015.02.27-21.38.29:486][143]LogModuleManager: Shutting down and abandoning module GameplayDebugger (108)
[2015.02.27-21.38.29:486][143]LogModuleManager: Shutting down and abandoning module AIModule (107)
[2015.02.27-21.38.29:486][143]LogModuleManager: Shutting down and abandoning module ProfilerService (106)
[2015.02.27-21.38.29:604][143]LogModuleManager: Shutting down and abandoning module TaskGraph (105)
[2015.02.27-21.38.29:604][143]LogModuleManager: Shutting down and abandoning module SlateRemote (104)
[2015.02.27-21.38.29:604][143]LogModuleManager: Shutting down and abandoning module ScriptEditorPlugin (103)
[2015.02.27-21.38.29:604][143]LogModuleManager: Shutting down and abandoning module CustomMeshComponent (102)
[2015.02.27-21.38.29:604][143]LogModuleManager: Shutting down and abandoning module CableComponent (101)
[2015.02.27-21.38.29:604][143]LogModuleManager: Shutting down and abandoning module MessagingDebugger (100)
[2015.02.27-21.38.29:604][143]LogModuleManager: Shutting down and abandoning module MediaPlayerEditor (99)
[2015.02.27-21.38.29:604][143]LogModuleManager: Shutting down and abandoning module SpeedTreeImporter (98)
[2015.02.27-21.38.29:604][143]LogModuleManager: Shutting down and abandoning module PluginsEditor (97)
[2015.02.27-21.38.29:604][143]LogModuleManager: Shutting down and abandoning module MainFrame (96)
[2015.02.27-21.38.29:604][143]LogModuleManager: Shutting down and abandoning module EpicSurvey (95)
[2015.02.27-21.38.29:604][143]LogModuleManager: Shutting down and abandoning module DesktopPlatform (94)
[2015.02.27-21.38.29:604][143]LogModuleManager: Shutting down and abandoning module DirectoryWatcher (93)
[2015.02.27-21.38.29:605][143]LogModuleManager: Shutting down and abandoning module HotReload (92)
[2015.02.27-21.38.29:605][143]LogModuleManager: Shutting down and abandoning module VisualStudioSourceCodeAccess (91)
[2015.02.27-21.38.29:605][143]LogModuleManager: Shutting down and abandoning module UObjectPlugin (90)
[2015.02.27-21.38.29:605][143]LogModuleManager: Shutting down and abandoning module SubversionSourceControl (89)
[2015.02.27-21.38.29:605][143]LogModuleManager: Shutting down and abandoning module PerforceSourceControl (88)
[2015.02.27-21.38.29:605][143]LogModuleManager: Shutting down and abandoning module SourceControl (87)
[2015.02.27-21.38.29:605][143]LogModuleManager: Shutting down and abandoning module GitSourceControl (86)
[2015.02.27-21.38.29:605][143]LogModuleManager: Shutting down and abandoning module BlankPlugin (85)
[2015.02.27-21.38.29:605][143]LogModuleManager: Shutting down and abandoning module PaperTiledImporter (84)
[2015.02.27-21.38.29:605][143]LogModuleManager: Shutting down and abandoning module PaperJsonImporter (83)
[2015.02.27-21.38.29:605][143]LogModuleManager: Shutting down and abandoning module ContentBrowser (82)
[2015.02.27-21.38.29:606][143]LogModuleManager: Shutting down and abandoning module Paper2DEditor (81)
[2015.02.27-21.38.29:606][143]LogModuleManager: Shutting down and abandoning module ScriptPlugin (80)
[2015.02.27-21.38.29:606][143]LogModuleManager: Shutting down and abandoning module UdpMessaging (79)
[2015.02.27-21.38.29:707][143]LogModuleManager: Shutting down and abandoning module Paper2D (78)
[2015.02.27-21.38.29:707][143]LogModuleManager: Shutting down and abandoning module WindowsMoviePlayer (77)
[2015.02.27-21.38.29:709][143]LogModuleManager: Shutting down and abandoning module Media (76)
[2015.02.27-21.38.29:709][143]LogModuleManager: Shutting down and abandoning module WmfMedia (75)
[2015.02.27-21.38.29:709][143]LogModuleManager: Shutting down and abandoning module OnlineBlueprintSupport (74)
[2015.02.27-21.38.29:709][143]LogModuleManager: Shutting down and abandoning module PropertyEditor (73)
[2015.02.27-21.38.29:709][143]LogModuleManager: Shutting down and abandoning module BehaviorTreeEditor (72)
[2015.02.27-21.38.29:710][143]LogModuleManager: Shutting down and abandoning module FunctionalTesting (71)
[2015.02.27-21.38.29:710][143]LogModuleManager: Shutting down and abandoning module CollisionAnalyzer (70)
[2015.02.27-21.38.29:710][143]LogModuleManager: Shutting down and abandoning module WorkspaceMenuStructure (69)
[2015.02.27-21.38.29:710][143]LogModuleManager: Shutting down and abandoning module MessageLog (68)
[2015.02.27-21.38.29:710][143]LogModuleManager: Shutting down and abandoning module Sequencer (67)
[2015.02.27-21.38.29:710][143]LogModuleManager: Shutting down and abandoning module AssetTools (66)
[2015.02.27-21.38.29:710][143]LogModuleManager: Shutting down and abandoning module UMGEditor (65)
[2015.02.27-21.38.29:710][143]LogModuleManager: Shutting down and abandoning module UMG (64)
[2015.02.27-21.38.29:710][143]LogModuleManager: Shutting down and abandoning module Slate (63)
[2015.02.27-21.38.29:710][143]LogModuleManager: Shutting down and abandoning module EditorStyle (62)
[2015.02.27-21.38.29:715][143]LogModuleManager: Shutting down and abandoning module SessionServices (61)
[2015.02.27-21.38.29:715][143]LogModuleManager: Shutting down and abandoning module SourceCodeAccess (60)
[2015.02.27-21.38.29:715][143]LogModuleManager: Shutting down and abandoning module HeadMountedDisplay (59)
[2015.02.27-21.38.29:715][143]LogModuleManager: Shutting down and abandoning module XAudio2 (58)
[2015.02.27-21.38.29:715][143]LogModuleManager: Shutting down and abandoning module Networking (56)
[2015.02.27-21.38.29:715][143]LogModuleManager: Shutting down and abandoning module Core (55)
[2015.02.27-21.38.29:715][143]LogModuleManager: Shutting down and abandoning module KismetCompiler (54)
[2015.02.27-21.38.29:715][143]LogModuleManager: Shutting down and abandoning module PhysXFormats (53)
[2015.02.27-21.38.29:715][143]LogModuleManager: Shutting down and abandoning module MeshUtilities (52)
[2015.02.27-21.38.29:715][143]LogModuleManager: Shutting down and abandoning module DerivedDataCache (51)
[2015.02.27-21.38.29:810][143]LogDerivedDataCache: Shutdown
[2015.02.27-21.38.29:810][143]LogModuleManager: Shutting down and abandoning module ShaderFormatOpenGL (50)
[2015.02.27-21.38.29:810][143]LogModuleManager: Shutting down and abandoning module ShaderFormatD3D (49)
[2015.02.27-21.38.29:810][143]LogModuleManager: Shutting down and abandoning module MetalShaderFormat (48)
[2015.02.27-21.38.29:810][143]LogModuleManager: Shutting down and abandoning module TextureFormatUncompressed (47)
[2015.02.27-21.38.29:810][143]LogModuleManager: Shutting down and abandoning module TextureFormatPVR (46)
[2015.02.27-21.38.29:810][143]LogModuleManager: Shutting down and abandoning module TextureFormatIntelISPCTexComp (45)
[2015.02.27-21.38.29:810][143]LogModuleManager: Shutting down and abandoning module TextureFormatDXT (44)
[2015.02.27-21.38.29:810][143]LogModuleManager: Shutting down and abandoning module ImageWrapper (43)
[2015.02.27-21.38.29:810][143]LogModuleManager: Shutting down and abandoning module TextureFormatASTC (42)
[2015.02.27-21.38.29:810][143]LogModuleManager: Shutting down and abandoning module TextureFormatAndroid (41)
[2015.02.27-21.38.29:810][143]LogModuleManager: Shutting down and abandoning module AudioFormatOpus (40)
[2015.02.27-21.38.29:810][143]LogModuleManager: Shutting down and abandoning module AudioFormatOgg (39)
[2015.02.27-21.38.29:810][143]LogModuleManager: Shutting down and abandoning module AudioFormatADPCM (38)
[2015.02.27-21.38.29:810][143]LogModuleManager: Shutting down and abandoning module LinuxTargetPlatform (37)
[2015.02.27-21.38.29:810][143]LogModuleManager: Shutting down and abandoning module LinuxServerTargetPlatform (36)
[2015.02.27-21.38.29:810][143]LogModuleManager: Shutting down and abandoning module LinuxNoEditorTargetPlatform (35)
[2015.02.27-21.38.29:810][143]LogModuleManager: Shutting down and abandoning module Messaging (34)
[2015.02.27-21.38.29:810][143]LogModuleManager: Shutting down and abandoning module IOSTargetPlatform (33)
[2015.02.27-21.38.29:810][143]LogModuleManager: Shutting down and abandoning module HTML5TargetPlatform (32)
[2015.02.27-21.38.29:810][143]LogModuleManager: Shutting down and abandoning module Android_PVRTCTargetPlatform (31)
[2015.02.27-21.38.29:810][143]LogModuleManager: Shutting down and abandoning module Android_ETC2TargetPlatform (30)
[2015.02.27-21.38.29:810][143]LogModuleManager: Shutting down and abandoning module Android_ETC1TargetPlatform (29)
[2015.02.27-21.38.29:810][143]LogModuleManager: Shutting down and abandoning module Android_ES31TargetPlatform (28)
[2015.02.27-21.38.29:810][143]LogModuleManager: Shutting down and abandoning module Android_DXTTargetPlatform (27)
[2015.02.27-21.38.29:810][143]LogModuleManager: Shutting down and abandoning module Android_ATCTargetPlatform (26)
[2015.02.27-21.38.29:810][143]LogModuleManager: Shutting down and abandoning module AndroidTargetPlatform (25)
[2015.02.27-21.38.29:810][143]LogModuleManager: Shutting down and abandoning module WindowsTargetPlatform (24)
[2015.02.27-21.38.29:810][143]LogModuleManager: Shutting down and abandoning module WindowsServerTargetPlatform (23)
[2015.02.27-21.38.29:810][143]LogModuleManager: Shutting down and abandoning module WindowsNoEditorTargetPlatform (22)
[2015.02.27-21.38.29:810][143]LogModuleManager: Shutting down and abandoning module WindowsClientTargetPlatform (21)
[2015.02.27-21.38.29:810][143]LogModuleManager: Shutting down and abandoning module TargetPlatform (20)
[2015.02.27-21.38.29:810][143]LogModuleManager: Shutting down and abandoning module InputCore (19)
[2015.02.27-21.38.29:810][143]LogModuleManager: Shutting down and abandoning module Settings (18)
[2015.02.27-21.38.29:810][143]LogModuleManager: Shutting down and abandoning module OnlineSubsystem (16)
[2015.02.27-21.38.29:810][143]LogModuleManager: Shutting down and abandoning module OculusRift (15)
[2015.02.27-21.38.29:810][143]LogModuleManager: Shutting down and abandoning module ExampleDeviceProfileSelector (14)
[2015.02.27-21.38.29:810][143]LogModuleManager: Shutting down and abandoning module TextureCompressor (13)
[2015.02.27-21.38.29:810][143]LogModuleManager: Shutting down and abandoning module ShaderCore (12)
[2015.02.27-21.38.29:811][143]LogModuleManager: Shutting down and abandoning module Landscape (11)
[2015.02.27-21.38.29:811][143]LogModuleManager: Shutting down and abandoning module SlateRHIRenderer (10)
[2015.02.27-21.38.29:847][143]LogModuleManager: Shutting down and abandoning module OpenGLDrv (9)
[2015.02.27-21.38.29:847][143]LogModuleManager: Shutting down and abandoning module D3D11RHI (8)
[2015.02.27-21.38.29:847][143]LogModuleManager: Shutting down and abandoning module Renderer (7)
[2015.02.27-21.38.29:847][143]LogModuleManager: Shutting down and abandoning module Engine (6)
[2015.02.27-21.38.29:847][143]LogModuleManager: Shutting down and abandoning module CoreUObject (5)
[2015.02.27-21.38.29:847][143]LogModuleManager: Shutting down and abandoning module NetworkFile (4)
[2015.02.27-21.38.29:847][143]LogModuleManager: Shutting down and abandoning module StreamingFile (3)
[2015.02.27-21.38.29:847][143]LogModuleManager: Shutting down and abandoning module SandboxFile (2)
[2015.02.27-21.38.29:847][143]LogModuleManager: Shutting down and abandoning module PakFile (1)
[2015.02.27-21.38.29:848][143]LogExit: Exiting.
[2015.02.27-21.38.29:853][143]Log file closed, 02/27/15 22:38:29
