Log file open, 02/28/15 15:05:29
LogInit:Display: Running engine for game: TheMaze2
LogInit: Version: 4.7.1-2462028+++depot+UE4-Releases+4.7
LogInit: API Version: 2455222
LogInit: Compiled (64-bit): Feb 26 2015 07:49:00
LogInit: Compiled with Visual C++: 18.00.21005.01
LogInit: Build Configuration: Development
LogInit: Branch Name: ++depot+UE4-Releases+4.7
LogInit: Command line: 
LogInit: Base directory: E:/Unreal/Epic Games/4.7/Engine/Binaries/Win64/
LogInit: Rocket: 1
[2015.02.28-14.05.29:460][  0]LogTaskGraph: Started task graph with 3 named threads and 6 total threads.
[2015.02.28-14.05.29:530][  0]LogOnline:Warning: No default platform service specified for OnlineSubsystem
[2015.02.28-14.05.29:552][  0]LogInit: Presizing for 0 objects not considered by GC, pre-allocating 0 bytes.
[2015.02.28-14.05.29:564][  0]LogInit: Object subsystem initialized
[2015.02.28-14.05.29:566][  0]LogConsoleResponse:Warning: Skipping Unknown console variable: 'UIScaleRule = ShortestSide'
[2015.02.28-14.05.29:566][  0]LogConsoleResponse:Warning:   Found in ini file 'C:/Users/Álvaro/Documents/Unreal Projects/TheMaze2/Saved/Config/Windows/Engine.ini', in section '[/Script/Engine.RendererSettings]'
[2015.02.28-14.05.29:566][  0]LogConsoleResponse:Warning: Skipping Unknown console variable: 'UIScaleCurve = (EditorCurveData=(Keys=),ExternalCurve=None)'
[2015.02.28-14.05.29:566][  0]LogConsoleResponse:Warning:   Found in ini file 'C:/Users/Álvaro/Documents/Unreal Projects/TheMaze2/Saved/Config/Windows/Engine.ini', in section '[/Script/Engine.RendererSettings]'
[2015.02.28-14.05.29:566][  0]LogConsoleManager:Warning: Console variable 'r.MSAA.CompositingSampleCount' wasn't set (Priority ProjectSetting < Scalability)
[2015.02.28-14.05.29:567][  0]LogInit: Selected Device Profile: [Windows]
[2015.02.28-14.05.29:567][  0]LogInit: Applying CVar settings loaded from the selected device profile: [Windows]
[2015.02.28-14.05.29:577][  0]LogInit: Computer: ALVARO-PC
[2015.02.28-14.05.29:577][  0]LogInit: User: Álvaro
[2015.02.28-14.05.29:577][  0]LogInit: CPU Page size=4096, Cores=4
[2015.02.28-14.05.29:577][  0]LogInit: High frequency timer resolution =2.767282 MHz
[2015.02.28-14.05.29:578][  0]LogMemory: Memory total: Physical=6.0GB (6GB approx) Virtual=131072.0GB
[2015.02.28-14.05.29:578][  0]LogMemory: Platform Memory Stats for Windows
[2015.02.28-14.05.29:578][  0]LogMemory: Process Physical Memory: 46.60 MB used, 46.60 MB peak
[2015.02.28-14.05.29:578][  0]LogMemory: Process Virtual Memory: 26.84 MB used, 26.84 MB peak
[2015.02.28-14.05.29:578][  0]LogMemory: Physical Memory: 2564.79 MB used, 6142.48 MB total
[2015.02.28-14.05.29:578][  0]LogMemory: Virtual Memory: 299.45 MB used, 134217728.00 MB total
[2015.02.28-14.05.29:629][  0]LogD3D11RHI: Found D3D11 adapter 0: NVIDIA GeForce GTX 970 (Feature Level 11_0)
[2015.02.28-14.05.29:629][  0]LogD3D11RHI: Adapter has 3998MB of dedicated video memory, 0MB of dedicated system memory, and 3071MB of shared system memory, 1 output[s]
[2015.02.28-14.05.29:632][  0]LogD3D11RHI: Found D3D11 adapter 1: Microsoft Basic Render Driver (Feature Level 11_0)
[2015.02.28-14.05.29:632][  0]LogD3D11RHI: Adapter has 0MB of dedicated video memory, 0MB of dedicated system memory, and 256MB of shared system memory, 0 output[s]
[2015.02.28-14.05.29:632][  0]LogD3D11RHI: Chosen D3D11 Adapter Id = 0
[2015.02.28-14.05.29:636][  0]LogRHI: Texture pool is 1361 MB (70% of 1945 MB)
[2015.02.28-14.05.29:655][  0]LogD3D11RHI: Async texture creation enabled
[2015.02.28-14.05.30:267][  0]LogTextLocalizationManager: The requested culture ('es_ES') has no localization data; parent culture's ('es') localization data will be used.
[2015.02.28-14.05.30:394][  0]LogContentStreaming: Texture pool size is 0.000000MB
[2015.02.28-14.05.34:303][  0]LogTargetPlatformManager:Display: Building Assets For Windows
[2015.02.28-14.05.36:097][  0]LogTargetPlatformManager:Display: Building Assets For Windows
[2015.02.28-14.05.36:182][  0]LogDerivedDataCache:Display: Max Cache Size: 512 MB
[2015.02.28-14.05.36:227][  0]LogDerivedDataCache: Loaded boot cache 0.05s 39MB C:/Users/Álvaro/AppData/Local/UnrealEngine/4.7/DerivedDataCache/Boot.ddc.
[2015.02.28-14.05.36:228][  0]LogDerivedDataCache:Display: Loaded Boot cache: C:/Users/Álvaro/AppData/Local/UnrealEngine/4.7/DerivedDataCache/Boot.ddc
[2015.02.28-14.05.36:228][  0]LogDerivedDataCache: FDerivedDataBackendGraph:  Pak pak cache file C:/Users/Álvaro/Documents/Unreal Projects/TheMaze2/DerivedDataCache/DDC.ddp not found, will not use a pak cache.
[2015.02.28-14.05.36:228][  0]LogDerivedDataCache: Unable to find inner node Pak for hierarchical cache Hierarchy.
[2015.02.28-14.05.36:376][  0]LogDerivedDataCache:Display: Pak cache opened for reading ../../../Engine/DerivedDataCache/Compressed.ddp.
[2015.02.28-14.05.36:388][  0]LogDerivedDataCache: Using Local data cache path C:/Users/Álvaro/AppData/Local/UnrealEngine/Common/DerivedDataCache: Writable
[2015.02.28-14.05.36:746][  0]LogMeshUtilities: No automatic mesh reduction module available
[2015.02.28-14.05.36:746][  0]LogMeshUtilities: No automatic mesh merging module available
[2015.02.28-14.05.37:205][  0]LogInit: WinSock: version 1.1 (2.2), MaxSocks=32767, MaxUdp=65467
[2015.02.28-14.05.37:321][  0]LogSlate:Warning: Failed to load font data from '../../../Engine/Content/Slate/Fonts/Roboto-Italic.ttf'
[2015.02.28-14.05.38:414][  0]UdpMessaging: Initializing bridge on interface 0.0.0.0:0 to multicast group 230.0.0.1:6666.
[2015.02.28-14.05.38:691][  0]SourceControl: Información El control de código fuente está desactivado
[2015.02.28-14.05.38:691][  0]SourceControl: Información El control de código fuente está desactivado
[2015.02.28-14.05.38:691][  0]SourceControl: Información El control de código fuente está desactivado
[2015.02.28-14.05.38:703][  0]SourceControl: Información El control de código fuente está desactivado
[2015.02.28-14.05.38:978][  0]LogObj: 24231 objects as part of root set at end of initial load.
[2015.02.28-14.05.38:978][  0]LogUObjectAllocator: 5136440 out of 0 bytes used by permanent object pool.
[2015.02.28-14.05.39:088][  0]LogEngine: Initializing Engine...
[2015.02.28-14.05.41:302][  0]LogInit: XAudio2 using 'Altavoces (Realtek High Definition Audio)' : 6 channels at 48 kHz using 32 bits per sample (channel mask 0x60f)
[2015.02.28-14.05.41:328][  0]LogInit: FAudioDevice initialized.
[2015.02.28-14.05.41:379][  0]LogAIModule: Creating AISystem for world NewWorld
[2015.02.28-14.05.41:400][  0]LogDerivedDataCache: Saved boot cache 0.02s 39MB C:/Users/Álvaro/AppData/Local/UnrealEngine/4.7/DerivedDataCache/Boot.ddc.
[2015.02.28-14.05.41:406][  0]LogInit: Texture streaming: Enabled
[2015.02.28-14.05.41:528][  0]LogAnalytics: Creating configured Analytics provider AnalyticsET
[2015.02.28-14.05.41:528][  0]LogAnalytics: ET APIKey = Rocket.Release. APIServer = http://et2.epicgames.com/ET2/. AppVersion = 4.7.1-2462028+++depot+UE4-Releases+4.7
[2015.02.28-14.05.41:528][  0]LogAnalytics: ET APIKey = Rocket.Release. DataRouterUploadURL = https://datarouter-public-service-gamedev.ol.epicgames.net/datarouter/api/v1/public/data. AppVersion = 4.7.1-2462028+++depot+UE4-Releases+4.7
[2015.02.28-14.05.41:528][  0]LogAnalytics: SetUserId e84ebc914ed367bec53e77a61fe585c4|0ce9cd541b394f54aee5cd06981e0e07|9b758198-c30e-447e-b804-9c106389a811
[2015.02.28-14.05.41:528][  0]LogAnalytics: AnalyticsET::StartSession [Rocket.Release]
[2015.02.28-14.05.41:562][  0]LogInit: Transaction tracking system initialized
[2015.02.28-14.05.41:806][  0]BlueprintLog: New page: Cargar el editor
[2015.02.28-14.05.41:852][  0]LogAssetRegistry: FAssetRegistry took 0.0110 seconds to start up
[2015.02.28-14.05.41:852][  0]LogDirectoryWatcher:Warning: Failed to begin reading directory changes for ../../../Engine/Plugins/Experimental/CharacterAI/Content/. Error: 0
[2015.02.28-14.05.43:787][  0]LogTargetPlatformManager:Display: Building Assets For Windows
[2015.02.28-14.05.45:464][  0]LogTargetPlatformManager:Display: Building Assets For Windows
[2015.02.28-14.05.45:839][  0]LogSlate:Warning: Failed to load font data from '../../../Engine/Content/Editor/Slate/Fonts/Roboto-Regular.ttf'
[2015.02.28-14.05.45:839][  0]LogSlate:Warning: Failed to load font data from '../../../Engine/Content/Editor/Slate/Fonts/Roboto-Bold.ttf'
[2015.02.28-14.05.45:845][  0]LogConsoleResponse:Display: 
[2015.02.28-14.05.46:034][  0]LogCook:Display: Done creating registry. It took  0.00s.
[2015.02.28-14.05.46:246][  0]SourceControl: Información El control de código fuente está desactivado
[2015.02.28-14.05.46:246][  0]Cmd: MAP LOAD FILE="C:/Users/Álvaro/Documents/Unreal Projects/TheMaze2/Content/Maps/Example_Map.umap" TEMPLATE=0 SHOWPROGRESS=1 FEATURELEVEL=3
[2015.02.28-14.05.46:248][  0]LightingResults: New page: Diseñar la iluminación
[2015.02.28-14.05.46:264][  0]MapCheck: New page: Revisión del mapa
[2015.02.28-14.05.46:264][  0]LightingResults: New page: Diseñar la iluminación
[2015.02.28-14.05.46:272][  0]LogParticles: Destroying 0 GPU particle simulations for FXSystem 0x000000196948E980
[2015.02.28-14.05.47:529][  0]LogEditorServer: Finished looking for orphan Actors (0.000 secs)
[2015.02.28-14.05.47:530][  0]LogAIModule: Creating AISystem for world Example_Map
[2015.02.28-14.05.47:530][  0]Cmd: MAP CHECKDEP
[2015.02.28-14.05.47:531][  0]MapCheck: New page: Example_Map - 28/2/2015 16:05:47
[2015.02.28-14.05.47:641][  0]MapCheck: Información Map check complete: 0 Error(s), 0 Warning(s), took 109,877ms to complete.
[2015.02.28-14.05.47:641][  0]LogFileHelpers: Loading map 'Example_Map' took 1.394
[2015.02.28-14.05.47:834][  0]LogCollectionManager: Loaded 0 collections in 0.001569 seconds
[2015.02.28-14.05.47:846][  0]LogContentBrowser: Native class hierarchy populated in 0.0109 seconds. Added 1696 classes and 261 folders.
[2015.02.28-14.05.48:049][  0]LogContentBrowser: Native class hierarchy updated for 'SceneOutliner' in 0.0020 seconds. Added 1 classes and 2 folders.
[2015.02.28-14.05.48:307][  0]LogCrashTracker: Crashtracker disabled due to settings.
[2015.02.28-14.05.48:309][  0]LogSlate:Warning: Failed to load font data from 'Veranda'
[2015.02.28-14.05.48:316][  0]LogUObjectGlobals:Warning: Error al encontrar el objeto 'Class Ninguno.'
[2015.02.28-14.05.48:349][  0]LogLoad: Full Startup: 21.05 seconds (BP compile: 0.12 seconds)
[2015.02.28-14.05.48:389][  0]LogContentBrowser:Verbose: The content browser source was changed by the sources view to '/Game/Blueprints'
[2015.02.28-14.05.48:865][  2]LogRenderer:Warning: Reallocating scene render targets to support 800x664 (Frame:2).
[2015.02.28-14.05.49:168][  6]LogAssetRegistry: Asset discovery search completed in 7.3282 seconds
[2015.02.28-14.06.23:990][379]LogRenderer:Warning: Reallocating scene render targets to support 1144x928 (Frame:286).
[2015.02.28-14.09.37:623][115]BlueprintLog: New page: Compilar Maze
[2015.02.28-14.09.38:380][115]BlueprintEditorCompileResults: Información [0251,08] Compile of Maze successful! [in 756 ms]
[2015.02.28-14.09.39:362][161]Cmd: OBJ SAVEPACKAGE PACKAGE="/Game/Blueprints/Maze" FILE="C:/Users/Álvaro/Documents/Unreal Projects/TheMaze2/Content/Blueprints/Maze.uasset" SILENT=true
[2015.02.28-14.09.42:092][161]LogSavePackage: Save=2703.752930ms
[2015.02.28-14.09.42:092][161]LogSavePackage: Moving 'C:/Users/Álvaro/Documents/Unreal Projects/TheMaze2/Saved/MazeE67D73F74E0D1424F915FCB1FDA6E6C4.tmp' to 'C:/Users/Álvaro/Documents/Unreal Projects/TheMaze2/Content/Blueprints/Maze.uasset'
[2015.02.28-14.14.29:452][468]BlueprintLog: New page: Compilar Maze
[2015.02.28-14.14.30:282][468]BlueprintEditorCompileResults: Información [0542,98] Compile of Maze successful! [in 829 ms]
[2015.02.28-14.14.31:753][541]Cmd: OBJ SAVEPACKAGE PACKAGE="/Game/Blueprints/Maze" FILE="C:/Users/Álvaro/Documents/Unreal Projects/TheMaze2/Content/Blueprints/Maze.uasset" SILENT=true
[2015.02.28-14.14.34:756][541]LogSavePackage: Save=2982.503662ms
[2015.02.28-14.14.34:756][541]LogSavePackage: Moving 'C:/Users/Álvaro/Documents/Unreal Projects/TheMaze2/Saved/Maze5B00411046582CB8076D41999A61BD37.tmp' to 'C:/Users/Álvaro/Documents/Unreal Projects/TheMaze2/Content/Blueprints/Maze.uasset'
[2015.02.28-14.15.48:569][169]LogFileHelpers: Editor autosave (incl. sublevels) for '/Game/Maps/Example_Map' took 0.034
[2015.02.28-14.15.48:615][169]OBJ SavePackage: Generating thumbnails for [1] asset(s) in package [/Game/Blueprints/Maze] ([1] browsable assets)...
[2015.02.28-14.15.48:666][169]OBJ SavePackage:     Rendered thumbnail for [Blueprint /Game/Blueprints/Maze.Maze]
[2015.02.28-14.15.48:666][169]OBJ SavePackage: Finished generating thumbnails for package [/Game/Blueprints/Maze]
[2015.02.28-14.15.48:668][169]Cmd: OBJ SAVEPACKAGE PACKAGE="/Game/Blueprints/Maze" FILE="C:/Users/Álvaro/Documents/Unreal Projects/TheMaze2/Saved/Autosaves/Game/Blueprints/Maze_Auto1.uasset" SILENT=false AUTOSAVING=true
[2015.02.28-14.15.51:761][169]LogSavePackage: Save=3073.929932ms
[2015.02.28-14.15.51:765][169]LogSavePackage: Moving 'C:/Users/Álvaro/Documents/Unreal Projects/TheMaze2/Saved/Maze_Auto17AF9DC67427AB00DC1F37C89FD4C261B.tmp' to 'C:/Users/Álvaro/Documents/Unreal Projects/TheMaze2/Saved/Autosaves/Game/Blueprints/Maze_Auto1.uasset'
[2015.02.28-14.15.51:772][169]LogFileHelpers: Auto-saving content packages took 3.203
[2015.02.28-14.19.36:243][ 87]BlueprintLog: New page: Compilar Maze
[2015.02.28-14.19.37:114][ 87]BlueprintEditorCompileResults: Información [0849,82] Compile of Maze successful! [in 870 ms]
[2015.02.28-14.19.38:148][115]Cmd: OBJ SAVEPACKAGE PACKAGE="/Game/Blueprints/Maze" FILE="C:/Users/Álvaro/Documents/Unreal Projects/TheMaze2/Content/Blueprints/Maze.uasset" SILENT=true
[2015.02.28-14.19.41:267][115]LogSavePackage: Save=3102.590576ms
[2015.02.28-14.19.41:267][115]LogSavePackage: Moving 'C:/Users/Álvaro/Documents/Unreal Projects/TheMaze2/Saved/MazeBBEEBCFD452F12B2D10A5B9AAC83A874.tmp' to 'C:/Users/Álvaro/Documents/Unreal Projects/TheMaze2/Content/Blueprints/Maze.uasset'
[2015.02.28-14.21.25:585][292]Cmd: POLY SELECT MEMORY UNION
[2015.02.28-14.21.43:239][285]LogEditorViewport: Clicking on Actor (LMB): Maze_C (Maze)
[2015.02.28-14.22.21:129][595]LogEditorActor: Deleted Actor: Maze_C
[2015.02.28-14.22.21:163][595]LogEditorActor: Deleted 1 Actors (0.036 secs)
[2015.02.28-14.24.20:253][469]BlueprintLog: New page: Compilar Maze
[2015.02.28-14.24.21:116][469]BlueprintEditorCompileResults: Información [1133,82] Compile of Maze successful! [in 862 ms]
[2015.02.28-14.24.22:081][497]Cmd: OBJ SAVEPACKAGE PACKAGE="/Game/Blueprints/Maze" FILE="C:/Users/Álvaro/Documents/Unreal Projects/TheMaze2/Content/Blueprints/Maze.uasset" SILENT=true
[2015.02.28-14.24.25:217][497]LogSavePackage: Save=3110.909180ms
[2015.02.28-14.24.25:217][497]LogSavePackage: Moving 'C:/Users/Álvaro/Documents/Unreal Projects/TheMaze2/Saved/MazeA0B8535F41C5CE79AA13E1B4D21372EE.tmp' to 'C:/Users/Álvaro/Documents/Unreal Projects/TheMaze2/Content/Blueprints/Maze.uasset'
[2015.02.28-14.24.31:557][146]Cmd: DELETE
[2015.02.28-14.24.31:557][146]Cmd: ACTOR DELETE
[2015.02.28-14.24.31:558][146]LogEditorActor: Deleted Actor: Maze_C
[2015.02.28-14.24.31:592][146]LogParticles: Destroying 0 GPU particle simulations for FXSystem 0x000000197AB531A0
[2015.02.28-14.24.31:592][146]LogEditorActor: Deleted 1 Actors (0.035 secs)
[2015.02.28-14.25.05:344][980]LogEditorViewport: Clicking on Actor (LMB): Maze_C (Maze)
[2015.02.28-14.25.45:604][ 73]LogEditorActor: Deleted Actor: Maze_C
[2015.02.28-14.25.45:638][ 73]LogEditorActor: Deleted 1 Actors (0.035 secs)
[2015.02.28-14.25.52:022][810]Cmd: OBJ SAVEPACKAGE PACKAGE="/Game/Maps/Example_Map" FILE="C:/Users/Álvaro/Documents/Unreal Projects/TheMaze2/Saved/Autosaves/Game/Maps/Example_Map_Auto2.umap" SILENT=true AUTOSAVING=true KEEPDIRTY=false
[2015.02.28-14.25.52:258][810]LogSavePackage: Save=213.342545ms
[2015.02.28-14.25.52:258][810]LogSavePackage: Moving 'C:/Users/Álvaro/Documents/Unreal Projects/TheMaze2/Saved/Example_Map_Auto21A528A3246FF2450B59BF2AA4075C3B2.tmp' to 'C:/Users/Álvaro/Documents/Unreal Projects/TheMaze2/Saved/Autosaves/Game/Maps/Example_Map_Auto2.umap'
[2015.02.28-14.25.52:266][810]LogFileHelpers: Editor autosave (incl. sublevels) for '/Game/Maps/Example_Map' took 0.349
[2015.02.28-14.25.52:266][810]LogFileHelpers: Editor autosave (incl. sublevels) for all levels took 0.349
[2015.02.28-14.26.06:127][772]LogScript:Warning: Divide by zero: Divide_FloatFloat
[2015.02.28-14.26.06:128][772]LogScript:Warning: Divide by zero: Divide_FloatFloat
[2015.02.28-14.26.06:129][772]LogScript:Warning: Divide by zero: Divide_FloatFloat
[2015.02.28-14.26.19:563][693]BlueprintLog: New page: Compilar Maze
[2015.02.28-14.26.20:449][693]BlueprintEditorCompileResults: Información [1253,15] Compile of Maze successful! [in 885 ms]
[2015.02.28-14.26.20:973][693]Cmd: OBJ SAVEPACKAGE PACKAGE="/Game/Blueprints/Maze" FILE="C:/Users/Álvaro/Documents/Unreal Projects/TheMaze2/Content/Blueprints/Maze.uasset" SILENT=true
[2015.02.28-14.26.24:108][693]LogSavePackage: Save=3114.284424ms
[2015.02.28-14.26.24:108][693]LogSavePackage: Moving 'C:/Users/Álvaro/Documents/Unreal Projects/TheMaze2/Saved/MazeDE57B6404A6DD817E51F72AD98493BE1.tmp' to 'C:/Users/Álvaro/Documents/Unreal Projects/TheMaze2/Content/Blueprints/Maze.uasset'
[2015.02.28-14.26.25:267][734]Cmd: OBJ SAVEPACKAGE PACKAGE="/Game/Blueprints/Maze" FILE="C:/Users/Álvaro/Documents/Unreal Projects/TheMaze2/Content/Blueprints/Maze.uasset" SILENT=true
[2015.02.28-14.26.27:968][734]LogSavePackage: Save=2684.166260ms
[2015.02.28-14.26.27:968][734]LogSavePackage: Moving 'C:/Users/Álvaro/Documents/Unreal Projects/TheMaze2/Saved/Maze7C8D3DA6406C5EBA9A79F183322623F9.tmp' to 'C:/Users/Álvaro/Documents/Unreal Projects/TheMaze2/Content/Blueprints/Maze.uasset'
[2015.02.28-14.26.47:032][472]Cmd: DELETE
[2015.02.28-14.26.47:032][472]Cmd: ACTOR DELETE
[2015.02.28-14.26.47:034][472]LogEditorActor: Deleted Actor: Maze_C
[2015.02.28-14.26.47:080][472]LogEditorActor: Deleted 1 Actors (0.047 secs)
[2015.02.28-14.29.18:288][169]BlueprintLog: New page: Compilar Maze
[2015.02.28-14.29.19:170][169]BlueprintEditorCompileResults: Información [1431,87] Compile of Maze successful! [in 882 ms]
[2015.02.28-14.29.20:390][222]Cmd: OBJ SAVEPACKAGE PACKAGE="/Game/Blueprints/Maze" FILE="C:/Users/Álvaro/Documents/Unreal Projects/TheMaze2/Content/Blueprints/Maze.uasset" SILENT=true
[2015.02.28-14.29.23:507][222]LogSavePackage: Save=3099.239502ms
[2015.02.28-14.29.23:507][222]LogSavePackage: Moving 'C:/Users/Álvaro/Documents/Unreal Projects/TheMaze2/Saved/Maze3DF3DD8A446C82CE5BBA80822B598C7C.tmp' to 'C:/Users/Álvaro/Documents/Unreal Projects/TheMaze2/Content/Blueprints/Maze.uasset'
[2015.02.28-14.29.40:068][983]Cmd: DELETE
[2015.02.28-14.29.40:068][983]Cmd: ACTOR DELETE
[2015.02.28-14.29.40:069][983]LogEditorActor: Deleted Actor: Maze_C
[2015.02.28-14.29.40:104][983]LogParticles: Destroying 0 GPU particle simulations for FXSystem 0x000000197AB51D00
[2015.02.28-14.29.40:104][983]LogEditorActor: Deleted 1 Actors (0.037 secs)
[2015.02.28-14.35.52:353][556]Cmd: OBJ SAVEPACKAGE PACKAGE="/Game/Maps/Example_Map" FILE="C:/Users/Álvaro/Documents/Unreal Projects/TheMaze2/Saved/Autosaves/Game/Maps/Example_Map_Auto3.umap" SILENT=true AUTOSAVING=true KEEPDIRTY=false
[2015.02.28-14.35.52:597][556]LogSavePackage: Save=219.569962ms
[2015.02.28-14.35.52:597][556]LogSavePackage: Moving 'C:/Users/Álvaro/Documents/Unreal Projects/TheMaze2/Saved/Example_Map_Auto3FDCA1C9C460E98B2617CD28DFB8205A3.tmp' to 'C:/Users/Álvaro/Documents/Unreal Projects/TheMaze2/Saved/Autosaves/Game/Maps/Example_Map_Auto3.umap'
[2015.02.28-14.35.52:604][556]LogFileHelpers: Editor autosave (incl. sublevels) for '/Game/Maps/Example_Map' took 0.350
[2015.02.28-14.35.52:604][556]LogFileHelpers: Editor autosave (incl. sublevels) for all levels took 0.350
[2015.02.28-14.42.47:782][312]Cmd: OBJ SAVEPACKAGE PACKAGE="/Game/Maps/Example_Map" FILE="C:/Users/Álvaro/Documents/Unreal Projects/TheMaze2/Content/Maps/Example_Map.umap" SILENT=true AUTOSAVING=false KEEPDIRTY=false
[2015.02.28-14.42.48:077][312]LogSavePackage: Save=227.370758ms
[2015.02.28-14.42.48:077][312]LogSavePackage: Moving 'C:/Users/Álvaro/Documents/Unreal Projects/TheMaze2/Saved/Example_MapBFD7C8E848BF6CD8A7CCA5949F4D693C.tmp' to 'C:/Users/Álvaro/Documents/Unreal Projects/TheMaze2/Content/Maps/Example_Map.umap'
[2015.02.28-14.42.49:560][480]LogParticles: Destroying 0 GPU particle simulations for FXSystem 0x00000019696DB740
[2015.02.28-14.42.49:563][480]LogParticles: Destroying 0 GPU particle simulations for FXSystem 0x00000019085F47C0
[2015.02.28-14.42.50:177][481]Cmd: QUIT_EDITOR
[2015.02.28-14.42.50:457][481]LogExit: Preparing to exit.
[2015.02.28-14.42.51:649][481]LogExit: Editor shut down
[2015.02.28-14.42.51:649][481]LogExit: Transaction tracking system shut down
[2015.02.28-14.42.51:650][481]LogParticles: Destroying 0 GPU particle simulations for FXSystem 0x0000001965B45760
[2015.02.28-14.42.51:651][481]LogParticles: Destroying 0 GPU particle simulations for FXSystem 0x000000196FB6DE40
[2015.02.28-14.42.51:651][481]LogParticles: Destroying 0 GPU particle simulations for FXSystem 0x00000019063EF100
[2015.02.28-14.42.51:651][481]LogParticles: Destroying 0 GPU particle simulations for FXSystem 0x00000019063EEFC0
[2015.02.28-14.42.51:652][481]LogParticles: Destroying 0 GPU particle simulations for FXSystem 0x0000001969EC3E20
[2015.02.28-14.42.51:733][481]LogExit: Object subsystem successfully closed.
[2015.02.28-14.42.51:802][481]LogModuleManager: Shutting down and abandoning module CrashTracker (177)
[2015.02.28-14.42.51:802][481]LogModuleManager: Shutting down and abandoning module SuperSearch (176)
[2015.02.28-14.42.51:802][481]LogModuleManager: Shutting down and abandoning module SceneOutliner (175)
[2015.02.28-14.42.51:802][481]LogModuleManager: Shutting down and abandoning module EditorWidgets (174)
[2015.02.28-14.42.51:802][481]LogModuleManager: Shutting down and abandoning module CollectionManager (173)
[2015.02.28-14.42.51:802][481]LogModuleManager: Shutting down and abandoning module StatsViewer (172)
[2015.02.28-14.42.51:802][481]LogModuleManager: Shutting down and abandoning module FoliageEdit (171)
[2015.02.28-14.42.51:802][481]LogModuleManager: Shutting down and abandoning module LandscapeEditor (170)
[2015.02.28-14.42.51:803][481]LogModuleManager: Shutting down and abandoning module MeshPaint (169)
[2015.02.28-14.42.51:803][481]LogModuleManager: Shutting down and abandoning module ActorPickerMode (168)
[2015.02.28-14.42.51:803][481]LogModuleManager: Shutting down and abandoning module GeometryMode (167)
[2015.02.28-14.42.51:803][481]LogModuleManager: Shutting down and abandoning module TextureAlignMode (166)
[2015.02.28-14.42.51:803][481]LogModuleManager: Shutting down and abandoning module BspMode (165)
[2015.02.28-14.42.51:803][481]LogModuleManager: Shutting down and abandoning module PlacementMode (164)
[2015.02.28-14.42.51:803][481]LogModuleManager: Shutting down and abandoning module AutomationWorker (163)
[2015.02.28-14.42.51:803][481]LogModuleManager: Shutting down and abandoning module CharacterAI (162)
[2015.02.28-14.42.51:803][481]LogModuleManager: Shutting down and abandoning module SmartSnapping (161)
[2015.02.28-14.42.51:803][481]LogModuleManager: Shutting down and abandoning module ViewportSnapping (160)
[2015.02.28-14.42.51:803][481]LogModuleManager: Shutting down and abandoning module LogVisualizer (159)
[2015.02.28-14.42.51:803][481]LogModuleManager: Shutting down and abandoning module GameProjectGeneration (158)
[2015.02.28-14.42.51:803][481]LogModuleManager: Shutting down and abandoning module IntroTutorials (157)
[2015.02.28-14.42.51:803][481]LogModuleManager: Shutting down and abandoning module EditorLiveStreaming (156)
[2015.02.28-14.42.51:803][481]LogModuleManager: Shutting down and abandoning module HardwareTargeting (155)
[2015.02.28-14.42.51:803][481]LogModuleManager: Shutting down and abandoning module DeviceProfileEditor (154)
[2015.02.28-14.42.51:803][481]LogModuleManager: Shutting down and abandoning module UndoHistory (153)
[2015.02.28-14.42.51:803][481]LogModuleManager: Shutting down and abandoning module GameplayTagsEditor (152)
[2015.02.28-14.42.51:803][481]LogModuleManager: Shutting down and abandoning module UserFeedback (151)
[2015.02.28-14.42.51:803][481]LogModuleManager: Shutting down and abandoning module XmlParser (150)
[2015.02.28-14.42.51:803][481]LogModuleManager: Shutting down and abandoning module Blutility (149)
[2015.02.28-14.42.51:803][481]LogModuleManager: Shutting down and abandoning module IOSPlatformEditor (148)
[2015.02.28-14.42.51:803][481]LogModuleManager: Shutting down and abandoning module IOSRuntimeSettings (147)
[2015.02.28-14.42.51:803][481]LogModuleManager: Shutting down and abandoning module AndroidDeviceDetection (146)
[2015.02.28-14.42.51:957][481]LogModuleManager: Shutting down and abandoning module AndroidPlatformEditor (145)
[2015.02.28-14.42.51:957][481]LogModuleManager: Shutting down and abandoning module AndroidRuntimeSettings (144)
[2015.02.28-14.42.51:957][481]LogModuleManager: Shutting down and abandoning module ProjectTargetPlatformEditor (143)
[2015.02.28-14.42.51:957][481]LogModuleManager: Shutting down and abandoning module ProjectSettingsViewer (142)
[2015.02.28-14.42.51:957][481]LogModuleManager: Shutting down and abandoning module InputBindingEditor (141)
[2015.02.28-14.42.51:957][481]LogModuleManager: Shutting down and abandoning module EditorSettingsViewer (140)
[2015.02.28-14.42.51:957][481]LogModuleManager: Shutting down and abandoning module SettingsEditor (139)
[2015.02.28-14.42.51:957][481]LogModuleManager: Shutting down and abandoning module ProjectLauncher (138)
[2015.02.28-14.42.51:957][481]LogModuleManager: Shutting down and abandoning module SessionFrontend (137)
[2015.02.28-14.42.51:958][481]LogModuleManager: Shutting down and abandoning module ProfilerClient (136)
[2015.02.28-14.42.51:958][481]LogModuleManager: Shutting down and abandoning module TargetDeviceServices (135)
[2015.02.28-14.42.51:958][481]LogModuleManager: Shutting down and abandoning module DeviceManager (134)
[2015.02.28-14.42.51:958][481]LogModuleManager: Shutting down and abandoning module AutomationController (133)
[2015.02.28-14.42.51:958][481]LogModuleManager: Shutting down and abandoning module AutomationWindow (132)
[2015.02.28-14.42.51:958][481]LogModuleManager: Shutting down and abandoning module Layers (131)
[2015.02.28-14.42.51:958][481]LogModuleManager: Shutting down and abandoning module ComponentVisualizers (130)
[2015.02.28-14.42.51:958][481]LogModuleManager: Shutting down and abandoning module DetailCustomizations (129)
[2015.02.28-14.42.51:958][481]LogModuleManager: Shutting down and abandoning module PackagesDialog (128)
[2015.02.28-14.42.51:958][481]LogModuleManager: Shutting down and abandoning module AssetRegistry (127)
[2015.02.28-14.42.52:029][481]LogModuleManager: Shutting down and abandoning module Persona (126)
[2015.02.28-14.42.52:029][481]LogModuleManager: Shutting down and abandoning module SlateReflector (125)
[2015.02.28-14.42.52:029][481]LogModuleManager: Shutting down and abandoning module LevelEditor (124)
[2015.02.28-14.42.52:030][481]LogModuleManager: Shutting down and abandoning module Kismet (123)
[2015.02.28-14.42.52:030][481]LogModuleManager: Shutting down and abandoning module GraphEditor (122)
[2015.02.28-14.42.52:030][481]LogModuleManager: Shutting down and abandoning module ClassViewer (121)
[2015.02.28-14.42.52:030][481]LogModuleManager: Shutting down and abandoning module Toolbox (120)
[2015.02.28-14.42.52:030][481]LogModuleManager: Shutting down and abandoning module ModuleUI (119)
[2015.02.28-14.42.52:030][481]LogModuleManager: Shutting down and abandoning module MovieSceneTools (118)
[2015.02.28-14.42.52:030][481]LogModuleManager: Shutting down and abandoning module OutputLog (117)
[2015.02.28-14.42.52:031][481]LogModuleManager: Shutting down and abandoning module GammaUI (116)
[2015.02.28-14.42.52:031][481]LogModuleManager: Shutting down and abandoning module Documentation (115)
[2015.02.28-14.42.52:031][481]LogModuleManager: Shutting down and abandoning module GameLiveStreaming (114)
[2015.02.28-14.42.52:031][481]LogModuleManager: Shutting down and abandoning module StreamingPauseRendering (113)
[2015.02.28-14.42.52:031][481]LogModuleManager: Shutting down and abandoning module HTTP (112)
[2015.02.28-14.42.52:031][481]LogModuleManager: Shutting down and abandoning module AnalyticsET (111)
[2015.02.28-14.42.52:031][481]LogModuleManager: Shutting down and abandoning module Analytics (110)
[2015.02.28-14.42.52:031][481]LogModuleManager: Shutting down and abandoning module AITestSuite (109)
[2015.02.28-14.42.52:031][481]LogModuleManager: Shutting down and abandoning module GameplayDebugger (108)
[2015.02.28-14.42.52:031][481]LogModuleManager: Shutting down and abandoning module AIModule (107)
[2015.02.28-14.42.52:031][481]LogModuleManager: Shutting down and abandoning module ProfilerService (106)
[2015.02.28-14.42.52:148][481]LogModuleManager: Shutting down and abandoning module TaskGraph (105)
[2015.02.28-14.42.52:148][481]LogModuleManager: Shutting down and abandoning module SlateRemote (104)
[2015.02.28-14.42.52:148][481]LogModuleManager: Shutting down and abandoning module ScriptEditorPlugin (103)
[2015.02.28-14.42.52:148][481]LogModuleManager: Shutting down and abandoning module CustomMeshComponent (102)
[2015.02.28-14.42.52:148][481]LogModuleManager: Shutting down and abandoning module CableComponent (101)
[2015.02.28-14.42.52:148][481]LogModuleManager: Shutting down and abandoning module MessagingDebugger (100)
[2015.02.28-14.42.52:148][481]LogModuleManager: Shutting down and abandoning module MediaPlayerEditor (99)
[2015.02.28-14.42.52:148][481]LogModuleManager: Shutting down and abandoning module SpeedTreeImporter (98)
[2015.02.28-14.42.52:148][481]LogModuleManager: Shutting down and abandoning module PluginsEditor (97)
[2015.02.28-14.42.52:148][481]LogModuleManager: Shutting down and abandoning module MainFrame (96)
[2015.02.28-14.42.52:148][481]LogModuleManager: Shutting down and abandoning module EpicSurvey (95)
[2015.02.28-14.42.52:148][481]LogModuleManager: Shutting down and abandoning module DesktopPlatform (94)
[2015.02.28-14.42.52:148][481]LogModuleManager: Shutting down and abandoning module DirectoryWatcher (93)
[2015.02.28-14.42.52:150][481]LogModuleManager: Shutting down and abandoning module HotReload (92)
[2015.02.28-14.42.52:150][481]LogModuleManager: Shutting down and abandoning module VisualStudioSourceCodeAccess (91)
[2015.02.28-14.42.52:150][481]LogModuleManager: Shutting down and abandoning module UObjectPlugin (90)
[2015.02.28-14.42.52:150][481]LogModuleManager: Shutting down and abandoning module SubversionSourceControl (89)
[2015.02.28-14.42.52:150][481]LogModuleManager: Shutting down and abandoning module PerforceSourceControl (88)
[2015.02.28-14.42.52:150][481]LogModuleManager: Shutting down and abandoning module SourceControl (87)
[2015.02.28-14.42.52:150][481]LogModuleManager: Shutting down and abandoning module GitSourceControl (86)
[2015.02.28-14.42.52:150][481]LogModuleManager: Shutting down and abandoning module BlankPlugin (85)
[2015.02.28-14.42.52:150][481]LogModuleManager: Shutting down and abandoning module PaperTiledImporter (84)
[2015.02.28-14.42.52:150][481]LogModuleManager: Shutting down and abandoning module PaperJsonImporter (83)
[2015.02.28-14.42.52:150][481]LogModuleManager: Shutting down and abandoning module ContentBrowser (82)
[2015.02.28-14.42.52:151][481]LogModuleManager: Shutting down and abandoning module Paper2DEditor (81)
[2015.02.28-14.42.52:151][481]LogModuleManager: Shutting down and abandoning module ScriptPlugin (80)
[2015.02.28-14.42.52:151][481]LogModuleManager: Shutting down and abandoning module UdpMessaging (79)
[2015.02.28-14.42.52:253][481]LogModuleManager: Shutting down and abandoning module Paper2D (78)
[2015.02.28-14.42.52:253][481]LogModuleManager: Shutting down and abandoning module WindowsMoviePlayer (77)
[2015.02.28-14.42.52:257][481]LogModuleManager: Shutting down and abandoning module Media (76)
[2015.02.28-14.42.52:257][481]LogModuleManager: Shutting down and abandoning module WmfMedia (75)
[2015.02.28-14.42.52:257][481]LogModuleManager: Shutting down and abandoning module OnlineBlueprintSupport (74)
[2015.02.28-14.42.52:257][481]LogModuleManager: Shutting down and abandoning module PropertyEditor (73)
[2015.02.28-14.42.52:257][481]LogModuleManager: Shutting down and abandoning module BehaviorTreeEditor (72)
[2015.02.28-14.42.52:257][481]LogModuleManager: Shutting down and abandoning module FunctionalTesting (71)
[2015.02.28-14.42.52:257][481]LogModuleManager: Shutting down and abandoning module CollisionAnalyzer (70)
[2015.02.28-14.42.52:257][481]LogModuleManager: Shutting down and abandoning module WorkspaceMenuStructure (69)
[2015.02.28-14.42.52:257][481]LogModuleManager: Shutting down and abandoning module MessageLog (68)
[2015.02.28-14.42.52:257][481]LogModuleManager: Shutting down and abandoning module Sequencer (67)
[2015.02.28-14.42.52:257][481]LogModuleManager: Shutting down and abandoning module AssetTools (66)
[2015.02.28-14.42.52:257][481]LogModuleManager: Shutting down and abandoning module UMGEditor (65)
[2015.02.28-14.42.52:257][481]LogModuleManager: Shutting down and abandoning module UMG (64)
[2015.02.28-14.42.52:257][481]LogModuleManager: Shutting down and abandoning module Slate (63)
[2015.02.28-14.42.52:257][481]LogModuleManager: Shutting down and abandoning module EditorStyle (62)
[2015.02.28-14.42.52:266][481]LogModuleManager: Shutting down and abandoning module SessionServices (61)
[2015.02.28-14.42.52:266][481]LogModuleManager: Shutting down and abandoning module SourceCodeAccess (60)
[2015.02.28-14.42.52:266][481]LogModuleManager: Shutting down and abandoning module HeadMountedDisplay (59)
[2015.02.28-14.42.52:266][481]LogModuleManager: Shutting down and abandoning module XAudio2 (58)
[2015.02.28-14.42.52:266][481]LogModuleManager: Shutting down and abandoning module Networking (56)
[2015.02.28-14.42.52:266][481]LogModuleManager: Shutting down and abandoning module Core (55)
[2015.02.28-14.42.52:267][481]LogModuleManager: Shutting down and abandoning module KismetCompiler (54)
[2015.02.28-14.42.52:267][481]LogModuleManager: Shutting down and abandoning module PhysXFormats (53)
[2015.02.28-14.42.52:267][481]LogModuleManager: Shutting down and abandoning module MeshUtilities (52)
[2015.02.28-14.42.52:267][481]LogModuleManager: Shutting down and abandoning module DerivedDataCache (51)
[2015.02.28-14.42.52:320][481]LogDerivedDataCache: Shutdown
[2015.02.28-14.42.52:320][481]LogModuleManager: Shutting down and abandoning module ShaderFormatOpenGL (50)
[2015.02.28-14.42.52:320][481]LogModuleManager: Shutting down and abandoning module ShaderFormatD3D (49)
[2015.02.28-14.42.52:320][481]LogModuleManager: Shutting down and abandoning module MetalShaderFormat (48)
[2015.02.28-14.42.52:320][481]LogModuleManager: Shutting down and abandoning module TextureFormatUncompressed (47)
[2015.02.28-14.42.52:320][481]LogModuleManager: Shutting down and abandoning module TextureFormatPVR (46)
[2015.02.28-14.42.52:320][481]LogModuleManager: Shutting down and abandoning module TextureFormatIntelISPCTexComp (45)
[2015.02.28-14.42.52:320][481]LogModuleManager: Shutting down and abandoning module TextureFormatDXT (44)
[2015.02.28-14.42.52:320][481]LogModuleManager: Shutting down and abandoning module ImageWrapper (43)
[2015.02.28-14.42.52:320][481]LogModuleManager: Shutting down and abandoning module TextureFormatASTC (42)
[2015.02.28-14.42.52:320][481]LogModuleManager: Shutting down and abandoning module TextureFormatAndroid (41)
[2015.02.28-14.42.52:320][481]LogModuleManager: Shutting down and abandoning module AudioFormatOpus (40)
[2015.02.28-14.42.52:320][481]LogModuleManager: Shutting down and abandoning module AudioFormatOgg (39)
[2015.02.28-14.42.52:320][481]LogModuleManager: Shutting down and abandoning module AudioFormatADPCM (38)
[2015.02.28-14.42.52:320][481]LogModuleManager: Shutting down and abandoning module LinuxTargetPlatform (37)
[2015.02.28-14.42.52:320][481]LogModuleManager: Shutting down and abandoning module LinuxServerTargetPlatform (36)
[2015.02.28-14.42.52:320][481]LogModuleManager: Shutting down and abandoning module LinuxNoEditorTargetPlatform (35)
[2015.02.28-14.42.52:320][481]LogModuleManager: Shutting down and abandoning module Messaging (34)
[2015.02.28-14.42.52:320][481]LogModuleManager: Shutting down and abandoning module IOSTargetPlatform (33)
[2015.02.28-14.42.52:320][481]LogModuleManager: Shutting down and abandoning module HTML5TargetPlatform (32)
[2015.02.28-14.42.52:320][481]LogModuleManager: Shutting down and abandoning module Android_PVRTCTargetPlatform (31)
[2015.02.28-14.42.52:320][481]LogModuleManager: Shutting down and abandoning module Android_ETC2TargetPlatform (30)
[2015.02.28-14.42.52:320][481]LogModuleManager: Shutting down and abandoning module Android_ETC1TargetPlatform (29)
[2015.02.28-14.42.52:320][481]LogModuleManager: Shutting down and abandoning module Android_ES31TargetPlatform (28)
[2015.02.28-14.42.52:320][481]LogModuleManager: Shutting down and abandoning module Android_DXTTargetPlatform (27)
[2015.02.28-14.42.52:320][481]LogModuleManager: Shutting down and abandoning module Android_ATCTargetPlatform (26)
[2015.02.28-14.42.52:321][481]LogModuleManager: Shutting down and abandoning module AndroidTargetPlatform (25)
[2015.02.28-14.42.52:321][481]LogModuleManager: Shutting down and abandoning module WindowsTargetPlatform (24)
[2015.02.28-14.42.52:321][481]LogModuleManager: Shutting down and abandoning module WindowsServerTargetPlatform (23)
[2015.02.28-14.42.52:321][481]LogModuleManager: Shutting down and abandoning module WindowsNoEditorTargetPlatform (22)
[2015.02.28-14.42.52:321][481]LogModuleManager: Shutting down and abandoning module WindowsClientTargetPlatform (21)
[2015.02.28-14.42.52:321][481]LogModuleManager: Shutting down and abandoning module TargetPlatform (20)
[2015.02.28-14.42.52:321][481]LogModuleManager: Shutting down and abandoning module InputCore (19)
[2015.02.28-14.42.52:321][481]LogModuleManager: Shutting down and abandoning module Settings (18)
[2015.02.28-14.42.52:321][481]LogModuleManager: Shutting down and abandoning module OnlineSubsystem (16)
[2015.02.28-14.42.52:321][481]LogModuleManager: Shutting down and abandoning module OculusRift (15)
[2015.02.28-14.42.52:321][481]LogModuleManager: Shutting down and abandoning module ExampleDeviceProfileSelector (14)
[2015.02.28-14.42.52:321][481]LogModuleManager: Shutting down and abandoning module TextureCompressor (13)
[2015.02.28-14.42.52:321][481]LogModuleManager: Shutting down and abandoning module ShaderCore (12)
[2015.02.28-14.42.52:321][481]LogModuleManager: Shutting down and abandoning module Landscape (11)
[2015.02.28-14.42.52:321][481]LogModuleManager: Shutting down and abandoning module SlateRHIRenderer (10)
[2015.02.28-14.42.52:332][481]LogModuleManager: Shutting down and abandoning module OpenGLDrv (9)
[2015.02.28-14.42.52:332][481]LogModuleManager: Shutting down and abandoning module D3D11RHI (8)
[2015.02.28-14.42.52:332][481]LogModuleManager: Shutting down and abandoning module Renderer (7)
[2015.02.28-14.42.52:332][481]LogModuleManager: Shutting down and abandoning module Engine (6)
[2015.02.28-14.42.52:332][481]LogModuleManager: Shutting down and abandoning module CoreUObject (5)
[2015.02.28-14.42.52:332][481]LogModuleManager: Shutting down and abandoning module NetworkFile (4)
[2015.02.28-14.42.52:332][481]LogModuleManager: Shutting down and abandoning module StreamingFile (3)
[2015.02.28-14.42.52:332][481]LogModuleManager: Shutting down and abandoning module SandboxFile (2)
[2015.02.28-14.42.52:332][481]LogModuleManager: Shutting down and abandoning module PakFile (1)
[2015.02.28-14.42.52:333][481]LogExit: Exiting.
[2015.02.28-14.42.52:339][481]Log file closed, 02/28/15 15:42:52
