Log file open, 03/01/15 11:16:57
LogInit:Display: Running engine for game: TheMaze2
LogInit: Version: 4.7.1-2462028+++depot+UE4-Releases+4.7
LogInit: API Version: 2455222
LogInit: Compiled (64-bit): Feb 26 2015 07:49:00
LogInit: Compiled with Visual C++: 18.00.21005.01
LogInit: Build Configuration: Development
LogInit: Branch Name: ++depot+UE4-Releases+4.7
LogInit: Command line:  
LogInit: Base directory: E:/Unreal/Epic Games/4.7/Engine/Binaries/Win64/
LogInit: Rocket: 1
[2015.03.01-10.16.57:698][  0]LogTaskGraph: Started task graph with 3 named threads and 6 total threads.
[2015.03.01-10.16.57:766][  0]LogOnline:Warning: No default platform service specified for OnlineSubsystem
[2015.03.01-10.16.57:791][  0]LogInit: Presizing for 0 objects not considered by GC, pre-allocating 0 bytes.
[2015.03.01-10.16.57:803][  0]LogInit: Object subsystem initialized
[2015.03.01-10.16.57:821][  0]LogConsoleResponse:Warning: Skipping Unknown console variable: 'UIScaleRule = ShortestSide'
[2015.03.01-10.16.57:821][  0]LogConsoleResponse:Warning:   Found in ini file 'C:/Users/Álvaro/Documents/Unreal Projects/TheMaze2/Saved/Config/Windows/Engine.ini', in section '[/Script/Engine.RendererSettings]'
[2015.03.01-10.16.57:821][  0]LogConsoleResponse:Warning: Skipping Unknown console variable: 'UIScaleCurve = (EditorCurveData=(Keys=),ExternalCurve=None)'
[2015.03.01-10.16.57:821][  0]LogConsoleResponse:Warning:   Found in ini file 'C:/Users/Álvaro/Documents/Unreal Projects/TheMaze2/Saved/Config/Windows/Engine.ini', in section '[/Script/Engine.RendererSettings]'
[2015.03.01-10.16.57:822][  0]LogConsoleManager:Warning: Console variable 'r.MSAA.CompositingSampleCount' wasn't set (Priority ProjectSetting < Scalability)
[2015.03.01-10.16.57:822][  0]LogInit: Selected Device Profile: [Windows]
[2015.03.01-10.16.57:822][  0]LogInit: Applying CVar settings loaded from the selected device profile: [Windows]
[2015.03.01-10.16.57:838][  0]LogInit: Computer: ALVARO-PC
[2015.03.01-10.16.57:838][  0]LogInit: User: Álvaro
[2015.03.01-10.16.57:838][  0]LogInit: CPU Page size=4096, Cores=4
[2015.03.01-10.16.57:838][  0]LogInit: High frequency timer resolution =2.767281 MHz
[2015.03.01-10.16.57:839][  0]LogMemory: Memory total: Physical=6.0GB (6GB approx) Virtual=131072.0GB
[2015.03.01-10.16.57:839][  0]LogMemory: Platform Memory Stats for Windows
[2015.03.01-10.16.57:839][  0]LogMemory: Process Physical Memory: 46.41 MB used, 46.41 MB peak
[2015.03.01-10.16.57:839][  0]LogMemory: Process Virtual Memory: 24.85 MB used, 24.85 MB peak
[2015.03.01-10.16.57:839][  0]LogMemory: Physical Memory: 3404.34 MB used, 6142.48 MB total
[2015.03.01-10.16.57:839][  0]LogMemory: Virtual Memory: 296.52 MB used, 134217728.00 MB total
[2015.03.01-10.16.57:901][  0]LogD3D11RHI: Found D3D11 adapter 0: NVIDIA GeForce GTX 970 (Feature Level 11_0)
[2015.03.01-10.16.57:901][  0]LogD3D11RHI: Adapter has 3998MB of dedicated video memory, 0MB of dedicated system memory, and 3071MB of shared system memory, 1 output[s]
[2015.03.01-10.16.57:905][  0]LogD3D11RHI: Found D3D11 adapter 1: Microsoft Basic Render Driver (Feature Level 11_0)
[2015.03.01-10.16.57:905][  0]LogD3D11RHI: Adapter has 0MB of dedicated video memory, 0MB of dedicated system memory, and 256MB of shared system memory, 0 output[s]
[2015.03.01-10.16.57:905][  0]LogD3D11RHI: Chosen D3D11 Adapter Id = 0
[2015.03.01-10.16.57:911][  0]LogRHI: Texture pool is 1361 MB (70% of 1945 MB)
[2015.03.01-10.16.57:931][  0]LogD3D11RHI: Async texture creation enabled
[2015.03.01-10.16.58:565][  0]LogTextLocalizationManager: The requested culture ('es_ES') has no localization data; parent culture's ('es') localization data will be used.
[2015.03.01-10.16.58:691][  0]LogContentStreaming: Texture pool size is 0.000000MB
[2015.03.01-10.17.01:613][  0]LogTargetPlatformManager:Display: Building Assets For Windows
[2015.03.01-10.17.02:544][  0]LogTargetPlatformManager:Display: Building Assets For Windows
[2015.03.01-10.17.02:629][  0]LogDerivedDataCache:Display: Max Cache Size: 512 MB
[2015.03.01-10.17.02:685][  0]LogDerivedDataCache: Loaded boot cache 0.06s 39MB C:/Users/Álvaro/AppData/Local/UnrealEngine/4.7/DerivedDataCache/Boot.ddc.
[2015.03.01-10.17.02:685][  0]LogDerivedDataCache:Display: Loaded Boot cache: C:/Users/Álvaro/AppData/Local/UnrealEngine/4.7/DerivedDataCache/Boot.ddc
[2015.03.01-10.17.02:685][  0]LogDerivedDataCache: FDerivedDataBackendGraph:  Pak pak cache file C:/Users/Álvaro/Documents/Unreal Projects/TheMaze2/DerivedDataCache/DDC.ddp not found, will not use a pak cache.
[2015.03.01-10.17.02:685][  0]LogDerivedDataCache: Unable to find inner node Pak for hierarchical cache Hierarchy.
[2015.03.01-10.17.02:843][  0]LogDerivedDataCache:Display: Pak cache opened for reading ../../../Engine/DerivedDataCache/Compressed.ddp.
[2015.03.01-10.17.02:856][  0]LogDerivedDataCache: Using Local data cache path C:/Users/Álvaro/AppData/Local/UnrealEngine/Common/DerivedDataCache: Writable
[2015.03.01-10.17.03:255][  0]LogMeshUtilities: No automatic mesh reduction module available
[2015.03.01-10.17.03:255][  0]LogMeshUtilities: No automatic mesh merging module available
[2015.03.01-10.17.05:729][  0]LogInit: WinSock: version 1.1 (2.2), MaxSocks=32767, MaxUdp=65467
[2015.03.01-10.17.06:199][  0]LogSlate:Warning: Failed to load font data from '../../../Engine/Content/Slate/Fonts/Roboto-Italic.ttf'
[2015.03.01-10.17.29:709][  0]UdpMessaging: Initializing bridge on interface 0.0.0.0:0 to multicast group 230.0.0.1:6666.
[2015.03.01-10.17.30:888][  0]SourceControl: Información El control de código fuente está desactivado
[2015.03.01-10.17.30:888][  0]SourceControl: Información El control de código fuente está desactivado
[2015.03.01-10.17.30:888][  0]SourceControl: Información El control de código fuente está desactivado
[2015.03.01-10.17.30:900][  0]SourceControl: Información El control de código fuente está desactivado
[2015.03.01-10.17.32:562][  0]LogObj: 24231 objects as part of root set at end of initial load.
[2015.03.01-10.17.32:562][  0]LogUObjectAllocator: 5136440 out of 0 bytes used by permanent object pool.
[2015.03.01-10.17.32:949][  0]LogEngine: Initializing Engine...
[2015.03.01-10.17.36:755][  0]LogInit: XAudio2 using 'Altavoces (Realtek High Definition Audio)' : 6 channels at 48 kHz using 32 bits per sample (channel mask 0x60f)
[2015.03.01-10.17.36:795][  0]LogInit: FAudioDevice initialized.
[2015.03.01-10.17.37:222][  0]LogAIModule: Creating AISystem for world NewWorld
[2015.03.01-10.17.37:351][  0]LogDerivedDataCache: Saved boot cache 0.04s 39MB C:/Users/Álvaro/AppData/Local/UnrealEngine/4.7/DerivedDataCache/Boot.ddc.
[2015.03.01-10.17.37:359][  0]LogInit: Texture streaming: Enabled
[2015.03.01-10.17.38:161][  0]LogAnalytics: Creating configured Analytics provider AnalyticsET
[2015.03.01-10.17.38:161][  0]LogAnalytics: ET APIKey = Rocket.Release. APIServer = http://et2.epicgames.com/ET2/. AppVersion = 4.7.1-2462028+++depot+UE4-Releases+4.7
[2015.03.01-10.17.38:161][  0]LogAnalytics: ET APIKey = Rocket.Release. DataRouterUploadURL = https://datarouter-public-service-gamedev.ol.epicgames.net/datarouter/api/v1/public/data. AppVersion = 4.7.1-2462028+++depot+UE4-Releases+4.7
[2015.03.01-10.17.38:161][  0]LogAnalytics: SetUserId e84ebc914ed367bec53e77a61fe585c4|0ce9cd541b394f54aee5cd06981e0e07|9b758198-c30e-447e-b804-9c106389a811
[2015.03.01-10.17.38:161][  0]LogAnalytics: AnalyticsET::StartSession [Rocket.Release]
[2015.03.01-10.17.38:411][  0]LogInit: Transaction tracking system initialized
[2015.03.01-10.17.39:532][  0]BlueprintLog: New page: Cargar el editor
[2015.03.01-10.17.39:613][  0]LogAssetRegistry: FAssetRegistry took 0.0105 seconds to start up
[2015.03.01-10.17.39:613][  0]LogDirectoryWatcher:Warning: Failed to begin reading directory changes for ../../../Engine/Plugins/Experimental/CharacterAI/Content/. Error: 0
[2015.03.01-10.17.42:083][  0]LogTargetPlatformManager:Display: Building Assets For Windows
[2015.03.01-10.17.42:931][  0]LogTargetPlatformManager:Display: Building Assets For Windows
[2015.03.01-10.17.43:861][  0]LogSlate:Warning: Failed to load font data from '../../../Engine/Content/Editor/Slate/Fonts/Roboto-Regular.ttf'
[2015.03.01-10.17.43:861][  0]LogSlate:Warning: Failed to load font data from '../../../Engine/Content/Editor/Slate/Fonts/Roboto-Bold.ttf'
[2015.03.01-10.17.43:980][  0]LogConsoleResponse:Display: 
[2015.03.01-10.17.46:866][  0]LogCook:Display: Done creating registry. It took  0.00s.
[2015.03.01-10.17.48:296][  0]SourceControl: Información El control de código fuente está desactivado
[2015.03.01-10.17.48:296][  0]Cmd: MAP LOAD FILE="C:/Users/Álvaro/Documents/Unreal Projects/TheMaze2/Content/Maps/Example_Map.umap" TEMPLATE=0 SHOWPROGRESS=1 FEATURELEVEL=3
[2015.03.01-10.17.48:300][  0]LightingResults: New page: Diseñar la iluminación
[2015.03.01-10.17.48:734][  0]MapCheck: New page: Revisión del mapa
[2015.03.01-10.17.48:734][  0]LightingResults: New page: Diseñar la iluminación
[2015.03.01-10.17.49:823][  0]LogParticles: Destroying 0 GPU particle simulations for FXSystem 0x0000006FC55009A0
[2015.03.01-10.17.52:757][  0]LogEditorServer: Finished looking for orphan Actors (0.000 secs)
[2015.03.01-10.17.52:765][  0]LogAIModule: Creating AISystem for world Example_Map
[2015.03.01-10.17.52:775][  0]Cmd: MAP CHECKDEP
[2015.03.01-10.17.52:775][  0]MapCheck: New page: Example_Map - 1/3/2015 12:17:52
[2015.03.01-10.17.52:892][  0]MapCheck: Información Map check complete: 0 Error(s), 0 Warning(s), took 116,412ms to complete.
[2015.03.01-10.17.52:892][  0]LogFileHelpers: Loading map 'Example_Map' took 4.596
[2015.03.01-10.17.53:144][  0]LogCollectionManager: Loaded 0 collections in 0.001499 seconds
[2015.03.01-10.17.53:155][  0]LogContentBrowser: Native class hierarchy populated in 0.0108 seconds. Added 1696 classes and 261 folders.
[2015.03.01-10.17.53:491][  0]LogContentBrowser: Native class hierarchy updated for 'SceneOutliner' in 0.0020 seconds. Added 1 classes and 2 folders.
[2015.03.01-10.17.53:943][  0]LogCrashTracker: Crashtracker disabled due to settings.
[2015.03.01-10.17.53:945][  0]LogSlate:Warning: Failed to load font data from 'Veranda'
[2015.03.01-10.17.54:028][  0]LogUObjectGlobals:Warning: Error al encontrar el objeto 'Class Ninguno.'
[2015.03.01-10.17.54:061][  0]LogLoad: Full Startup: 62.77 seconds (BP compile: 0.19 seconds)
[2015.03.01-10.17.54:542][  0]LogContentBrowser:Verbose: The content browser source was changed by the sources view to '/Game/Blueprints'
[2015.03.01-10.17.55:408][  2]LogRenderer:Warning: Reallocating scene render targets to support 808x680 (Frame:2).
[2015.03.01-10.17.57:675][  8]LogAssetRegistry: Asset discovery search completed in 18.0733 seconds
[2015.03.01-10.18.52:643][155]LogSourceControl: RunCommandInternalRaw: 'git version'
[2015.03.01-10.18.52:644][155]LogSourceControl: RunCommandInternalRaw: ExecProcess ReturnCode=5 OutResults=''
[2015.03.01-10.18.54:767][398]SourceControl:Error: Error Fallo al conectarse al control del código fuente. Comprobar la configuración y conexión e intentar de nuevo.
[2015.03.01-10.18.58:838][797]LogSourceControl: RunCommandInternalRaw: 'git version'
[2015.03.01-10.18.58:839][797]LogSourceControl: RunCommandInternalRaw: ExecProcess ReturnCode=5 OutResults=''
[2015.03.01-10.18.58:840][797]LogSourceControl: RunCommandInternalRaw: 'git version'
[2015.03.01-10.18.58:841][797]LogSourceControl: RunCommandInternalRaw: ExecProcess ReturnCode=5 OutResults=''
[2015.03.01-10.19.28:277][ 89]LogSourceControl: RunCommandInternalRaw: 'git version'
[2015.03.01-10.19.28:278][ 89]LogSourceControl: RunCommandInternalRaw: ExecProcess ReturnCode=2 OutResults=''
[2015.03.01-10.19.30:676][374]LogSourceControl: RunCommandInternalRaw: 'git version'
[2015.03.01-10.19.30:677][374]LogSourceControl: RunCommandInternalRaw: ExecProcess ReturnCode=2 OutResults=''
[2015.03.01-10.19.32:070][541]LogSourceControl: RunCommandInternalRaw: 'git version'
[2015.03.01-10.19.32:071][541]LogSourceControl: RunCommandInternalRaw: ExecProcess ReturnCode=2 OutResults=''
[2015.03.01-10.19.32:245][562]LogSourceControl: RunCommandInternalRaw: 'git version'
[2015.03.01-10.19.32:246][562]LogSourceControl: RunCommandInternalRaw: ExecProcess ReturnCode=2 OutResults=''
[2015.03.01-10.19.32:387][579]LogSourceControl: RunCommandInternalRaw: 'git version'
[2015.03.01-10.19.32:455][579]LogSourceControl: RunCommandInternalRaw: ExecProcess ReturnCode=0 OutResults='git version 1.9.5.msysgit.0
'
[2015.03.01-10.19.33:290][679]LogSourceControl: RunCommandInternalRaw: 'git version'
[2015.03.01-10.19.33:291][679]LogSourceControl: RunCommandInternalRaw: ExecProcess ReturnCode=2 OutResults=''
[2015.03.01-10.19.33:534][708]LogSourceControl: RunCommandInternalRaw: 'git version'
[2015.03.01-10.19.33:534][708]LogSourceControl: RunCommandInternalRaw: ExecProcess ReturnCode=2 OutResults=''
[2015.03.01-10.19.33:775][737]LogSourceControl: RunCommandInternalRaw: 'git version'
[2015.03.01-10.19.33:776][737]LogSourceControl: RunCommandInternalRaw: ExecProcess ReturnCode=2 OutResults=''
[2015.03.01-10.19.33:967][760]LogSourceControl: RunCommandInternalRaw: 'git version'
[2015.03.01-10.19.34:035][760]LogSourceControl: RunCommandInternalRaw: ExecProcess ReturnCode=0 OutResults='git version 1.9.5.msysgit.0
'
[2015.03.01-10.19.34:284][790]LogSourceControl: RunCommandInternalRaw: 'git version'
[2015.03.01-10.19.34:353][790]LogSourceControl: RunCommandInternalRaw: ExecProcess ReturnCode=0 OutResults='git version 1.9.5.msysgit.0
'
[2015.03.01-10.19.34:353][790]LogSourceControl: RunCommandInternalRaw: 'git version'
[2015.03.01-10.19.34:423][790]LogSourceControl: RunCommandInternalRaw: ExecProcess ReturnCode=0 OutResults='git version 1.9.5.msysgit.0
'
[2015.03.01-10.19.34:423][790]LogSourceControl: RunCommandInternalRaw: 'git version'
[2015.03.01-10.19.34:490][790]LogSourceControl: RunCommandInternalRaw: ExecProcess ReturnCode=0 OutResults='git version 1.9.5.msysgit.0
'
[2015.03.01-10.19.36:078][980]SourceControl:Error: Error You should check out a working copy into your project directory.
[2015.03.01-10.19.36:078][980]SourceControl:Error: Error Project is not part of a Git working copy.
[2015.03.01-10.19.41:460][588]SourceControl:Error: Error You should check out a working copy into your project directory.
[2015.03.01-10.19.41:460][588]SourceControl:Error: Error Project is not part of a Git working copy.
[2015.03.01-10.20.31:420][303]LogSourceControl: RunCommandInternalRaw: 'git version'
[2015.03.01-10.20.31:485][303]LogSourceControl: RunCommandInternalRaw: ExecProcess ReturnCode=0 OutResults='git version 1.9.5.msysgit.0
'
[2015.03.01-10.20.33:013][476]LogSourceControl: RunCommandInternalRaw: 'git version'
[2015.03.01-10.20.33:078][476]LogSourceControl: RunCommandInternalRaw: ExecProcess ReturnCode=0 OutResults='git version 1.9.5.msysgit.0
'
[2015.03.01-10.20.33:078][476]LogSourceControl: RunCommandInternalRaw: 'git version'
[2015.03.01-10.20.33:143][476]LogSourceControl: RunCommandInternalRaw: ExecProcess ReturnCode=0 OutResults='git version 1.9.5.msysgit.0
'
[2015.03.01-10.20.33:144][476]SourceControl:Error: Error You should check out a working copy into your project directory.
[2015.03.01-10.20.33:144][476]SourceControl:Error: Error Project is not part of a Git working copy.
[2015.03.01-10.21.22:017][571]SourceControl:Error: Error You should check out a working copy into your project directory.
[2015.03.01-10.21.22:017][571]SourceControl:Error: Error Project is not part of a Git working copy.
[2015.03.01-10.21.32:522][783]LogSourceControl: RunCommandInternalRaw: 'git version'
[2015.03.01-10.21.32:522][783]LogSourceControl: RunCommandInternalRaw: ExecProcess ReturnCode=2 OutResults=''
[2015.03.01-10.21.32:705][805]LogSourceControl: RunCommandInternalRaw: 'git version'
[2015.03.01-10.21.32:706][805]LogSourceControl: RunCommandInternalRaw: ExecProcess ReturnCode=2 OutResults=''
[2015.03.01-10.21.33:047][846]LogSourceControl: RunCommandInternalRaw: 'git version'
[2015.03.01-10.21.33:048][846]LogSourceControl: RunCommandInternalRaw: ExecProcess ReturnCode=2 OutResults=''
[2015.03.01-10.21.33:049][846]LogSourceControl: RunCommandInternalRaw: 'git version'
[2015.03.01-10.21.33:049][846]Log